Warning: You are sending unauthenticated requests to the HF Hub. Please set a HF_TOKEN to enable higher rate limits and faster downloads.
[LOG] dcff params=13.60M device=cuda train=7120 val=1024 test=2048
/root/gf/code/train.py:126: UserWarning: Converting a tensor with requires_grad=True to a scalar may lead to unexpected behavior.
Consider using tensor.detach() first. (Triggered internally at /pytorch/torch/csrc/autograd/generated/python_variable_methods.cpp:838.)
  tot += float(loss)
[E1/60] loss=2.327 val_F1=0.8219 val_IoU=0.6976 (56s)
[E2/60] loss=1.841 val_F1=0.8606 val_IoU=0.7553 (54s)
[E3/60] loss=1.093 val_F1=0.8542 val_IoU=0.7455 (55s)
[E4/60] loss=0.778 val_F1=0.8581 val_IoU=0.7515 (54s)
[E5/60] loss=0.711 val_F1=0.8391 val_IoU=0.7228 (54s)
[E6/60] loss=0.689 val_F1=0.8592 val_IoU=0.7532 (54s)
[E7/60] loss=0.681 val_F1=0.8643 val_IoU=0.7611 (54s)
[E8/60] loss=0.650 val_F1=0.8703 val_IoU=0.7704 (52s)
[E9/60] loss=0.639 val_F1=0.8570 val_IoU=0.7498 (51s)
[E10/60] loss=0.630 val_F1=0.8723 val_IoU=0.7735 (54s)
[E11/60] loss=0.629 val_F1=0.8768 val_IoU=0.7807 (54s)
[E12/60] loss=0.608 val_F1=0.8753 val_IoU=0.7783 (52s)
[E13/60] loss=0.616 val_F1=0.8745 val_IoU=0.7770 (54s)
[E14/60] loss=0.585 val_F1=0.8785 val_IoU=0.7833 (54s)
[E15/60] loss=0.609 val_F1=0.8777 val_IoU=0.7821 (53s)
[E16/60] loss=0.597 val_F1=0.8795 val_IoU=0.7850 (52s)
[E17/60] loss=0.589 val_F1=0.8744 val_IoU=0.7768 (54s)
[E18/60] loss=0.607 val_F1=0.8809 val_IoU=0.7872 (57s)
[E19/60] loss=0.592 val_F1=0.8786 val_IoU=0.7834 (53s)
[E20/60] loss=0.579 val_F1=0.8767 val_IoU=0.7804 (55s)
[E21/60] loss=0.562 val_F1=0.8765 val_IoU=0.7802 (54s)
[E22/60] loss=0.563 val_F1=0.8835 val_IoU=0.7913 (54s)
[E23/60] loss=0.570 val_F1=0.8824 val_IoU=0.7896 (54s)
[E24/60] loss=0.547 val_F1=0.8904 val_IoU=0.8024 (53s)
[E25/60] loss=0.549 val_F1=0.8918 val_IoU=0.8048 (53s)
[E26/60] loss=0.558 val_F1=0.8886 val_IoU=0.7995 (53s)
[E27/60] loss=0.539 val_F1=0.8848 val_IoU=0.7934 (51s)
[E28/60] loss=0.543 val_F1=0.8875 val_IoU=0.7977 (53s)
[E29/60] loss=0.539 val_F1=0.8874 val_IoU=0.7976 (53s)
[E30/60] loss=0.540 val_F1=0.8901 val_IoU=0.8020 (53s)
[E31/60] loss=0.531 val_F1=0.8896 val_IoU=0.8011 (53s)
[E32/60] loss=0.522 val_F1=0.8874 val_IoU=0.7976 (53s)
[E33/60] loss=0.529 val_F1=0.8868 val_IoU=0.7966 (54s)
[E34/60] loss=0.527 val_F1=0.8921 val_IoU=0.8052 (52s)
[E35/60] loss=0.515 val_F1=0.8918 val_IoU=0.8047 (51s)
[E36/60] loss=0.516 val_F1=0.8878 val_IoU=0.7983 (52s)
[E37/60] loss=0.519 val_F1=0.8916 val_IoU=0.8045 (53s)
[E38/60] loss=0.509 val_F1=0.8885 val_IoU=0.7993 (54s)
[E39/60] loss=0.509 val_F1=0.8880 val_IoU=0.7986 (55s)
[E40/60] loss=0.499 val_F1=0.8923 val_IoU=0.8056 (55s)
[E41/60] loss=0.497 val_F1=0.8893 val_IoU=0.8007 (55s)
[E42/60] loss=0.498 val_F1=0.8934 val_IoU=0.8074 (55s)
[E43/60] loss=0.495 val_F1=0.8942 val_IoU=0.8086 (55s)
[E44/60] loss=0.495 val_F1=0.8946 val_IoU=0.8093 (54s)
[E45/60] loss=0.496 val_F1=0.8945 val_IoU=0.8091 (55s)
[E46/60] loss=0.489 val_F1=0.8960 val_IoU=0.8116 (54s)
[E47/60] loss=0.489 val_F1=0.8940 val_IoU=0.8084 (55s)
[E48/60] loss=0.490 val_F1=0.8966 val_IoU=0.8126 (55s)
[E49/60] loss=0.485 val_F1=0.8938 val_IoU=0.8081 (55s)
[E50/60] loss=0.484 val_F1=0.8941 val_IoU=0.8085 (55s)
[E51/60] loss=0.481 val_F1=0.8948 val_IoU=0.8096 (56s)
[E52/60] loss=0.483 val_F1=0.8942 val_IoU=0.8086 (55s)
[E53/60] loss=0.477 val_F1=0.8946 val_IoU=0.8093 (53s)
[E54/60] loss=0.484 val_F1=0.8951 val_IoU=0.8100 (56s)
[E55/60] loss=0.479 val_F1=0.8954 val_IoU=0.8106 (56s)
[E56/60] loss=0.477 val_F1=0.8944 val_IoU=0.8089 (55s)
[E57/60] loss=0.479 val_F1=0.8966 val_IoU=0.8126 (55s)
[E58/60] loss=0.479 val_F1=0.8962 val_IoU=0.8119 (53s)
[E59/60] loss=0.479 val_F1=0.8962 val_IoU=0.8119 (54s)
[E60/60] loss=0.477 val_F1=0.8967 val_IoU=0.8127 (54s)

=== TEST (abl_dual) === F1=0.8931 IoU=0.8069 P=0.8874 R=0.8989  (best val@ep60)
[ALL_DONE]
Warning: You are sending unauthenticated requests to the HF Hub. Please set a HF_TOKEN to enable higher rate limits and faster downloads.
[LOG] dcff params=12.35M device=cuda train=7120 val=1024 test=2048
/root/gf/code/train.py:126: UserWarning: Converting a tensor with requires_grad=True to a scalar may lead to unexpected behavior.
Consider using tensor.detach() first. (Triggered internally at /pytorch/torch/csrc/autograd/generated/python_variable_methods.cpp:838.)
  tot += float(loss)
[E1/60] loss=2.390 val_F1=0.7787 val_IoU=0.6376 (54s)
[E2/60] loss=1.893 val_F1=0.8234 val_IoU=0.6998 (53s)
[E3/60] loss=1.498 val_F1=0.7908 val_IoU=0.6540 (52s)
[E4/60] loss=0.844 val_F1=0.8310 val_IoU=0.7109 (54s)
[E5/60] loss=0.775 val_F1=0.8456 val_IoU=0.7325 (53s)
[E6/60] loss=0.714 val_F1=0.8502 val_IoU=0.7395 (54s)
[E7/60] loss=0.692 val_F1=0.8546 val_IoU=0.7462 (54s)
[E8/60] loss=0.675 val_F1=0.8503 val_IoU=0.7396 (54s)
[E9/60] loss=0.655 val_F1=0.8516 val_IoU=0.7415 (53s)
[E10/60] loss=0.664 val_F1=0.8571 val_IoU=0.7500 (56s)
[E11/60] loss=0.637 val_F1=0.8588 val_IoU=0.7525 (54s)
[E12/60] loss=0.637 val_F1=0.8367 val_IoU=0.7193 (53s)
[E13/60] loss=0.641 val_F1=0.8583 val_IoU=0.7518 (52s)
[E14/60] loss=0.625 val_F1=0.8712 val_IoU=0.7718 (53s)
[E15/60] loss=0.642 val_F1=0.8608 val_IoU=0.7556 (53s)
[E16/60] loss=0.621 val_F1=0.8712 val_IoU=0.7718 (52s)
[E17/60] loss=0.631 val_F1=0.8710 val_IoU=0.7715 (53s)
[E18/60] loss=0.610 val_F1=0.8696 val_IoU=0.7693 (54s)
[E19/60] loss=0.607 val_F1=0.8411 val_IoU=0.7257 (51s)
[E20/60] loss=0.593 val_F1=0.8562 val_IoU=0.7486 (53s)
[E21/60] loss=0.579 val_F1=0.8725 val_IoU=0.7738 (51s)
[E22/60] loss=0.590 val_F1=0.8739 val_IoU=0.7760 (52s)
[E23/60] loss=0.593 val_F1=0.8614 val_IoU=0.7565 (51s)
[E24/60] loss=0.596 val_F1=0.8748 val_IoU=0.7774 (52s)
[E25/60] loss=0.584 val_F1=0.8723 val_IoU=0.7736 (52s)
[E26/60] loss=0.585 val_F1=0.8545 val_IoU=0.7460 (52s)
[E27/60] loss=0.571 val_F1=0.8769 val_IoU=0.7808 (52s)
[E28/60] loss=0.560 val_F1=0.8747 val_IoU=0.7773 (53s)
[E29/60] loss=0.553 val_F1=0.8736 val_IoU=0.7756 (53s)
[E30/60] loss=0.552 val_F1=0.8756 val_IoU=0.7788 (54s)
[E31/60] loss=0.548 val_F1=0.8808 val_IoU=0.7869 (54s)
[E32/60] loss=0.553 val_F1=0.8780 val_IoU=0.7826 (54s)
[E33/60] loss=0.541 val_F1=0.8788 val_IoU=0.7839 (54s)
[E34/60] loss=0.549 val_F1=0.8770 val_IoU=0.7810 (53s)
[E35/60] loss=0.556 val_F1=0.8819 val_IoU=0.7888 (53s)
[E36/60] loss=0.539 val_F1=0.8751 val_IoU=0.7779 (57s)
[E37/60] loss=0.536 val_F1=0.8860 val_IoU=0.7953 (54s)
[E38/60] loss=0.545 val_F1=0.8745 val_IoU=0.7770 (54s)
[E39/60] loss=0.534 val_F1=0.8778 val_IoU=0.7822 (54s)
[E40/60] loss=0.525 val_F1=0.8772 val_IoU=0.7812 (53s)
[E41/60] loss=0.528 val_F1=0.8814 val_IoU=0.7880 (53s)
[E42/60] loss=0.527 val_F1=0.8789 val_IoU=0.7840 (53s)
[E43/60] loss=0.525 val_F1=0.8780 val_IoU=0.7825 (55s)
[E44/60] loss=0.522 val_F1=0.8738 val_IoU=0.7758 (54s)
[E45/60] loss=0.512 val_F1=0.8794 val_IoU=0.7848 (54s)
[E46/60] loss=0.514 val_F1=0.8782 val_IoU=0.7828 (53s)
[E47/60] loss=0.517 val_F1=0.8790 val_IoU=0.7841 (52s)
[E48/60] loss=0.515 val_F1=0.8793 val_IoU=0.7846 (52s)
[E49/60] loss=0.507 val_F1=0.8800 val_IoU=0.7857 (51s)
[E50/60] loss=0.504 val_F1=0.8836 val_IoU=0.7915 (54s)
[E51/60] loss=0.508 val_F1=0.8812 val_IoU=0.7876 (55s)
[E52/60] loss=0.502 val_F1=0.8807 val_IoU=0.7868 (53s)
[E53/60] loss=0.507 val_F1=0.8817 val_IoU=0.7884 (54s)
[E54/60] loss=0.506 val_F1=0.8799 val_IoU=0.7855 (52s)
[E55/60] loss=0.506 val_F1=0.8778 val_IoU=0.7822 (53s)
[E56/60] loss=0.503 val_F1=0.8796 val_IoU=0.7851 (52s)
[E57/60] loss=0.505 val_F1=0.8808 val_IoU=0.7871 (53s)
[E58/60] loss=0.506 val_F1=0.8792 val_IoU=0.7844 (55s)
[E59/60] loss=0.499 val_F1=0.8803 val_IoU=0.7863 (55s)
[E60/60] loss=0.500 val_F1=0.8815 val_IoU=0.7881 (54s)

=== TEST (abl_diff) === F1=0.8819 IoU=0.7887 P=0.8765 R=0.8873  (best val@ep37)
[ALL_DONE]
Warning: You are sending unauthenticated requests to the HF Hub. Please set a HF_TOKEN to enable higher rate limits and faster downloads.
[LOG] dcff params=13.05M device=cuda train=7120 val=1024 test=2048
/root/gf/code/train.py:126: UserWarning: Converting a tensor with requires_grad=True to a scalar may lead to unexpected behavior.
Consider using tensor.detach() first. (Triggered internally at /pytorch/torch/csrc/autograd/generated/python_variable_methods.cpp:838.)
  tot += float(loss)
[E1/60] loss=2.394 val_F1=0.7789 val_IoU=0.6378 (58s)
[E2/60] loss=1.863 val_F1=0.8202 val_IoU=0.6952 (53s)
[E3/60] loss=1.382 val_F1=0.7914 val_IoU=0.6548 (54s)
[E4/60] loss=0.787 val_F1=0.8500 val_IoU=0.7391 (55s)
[E5/60] loss=0.750 val_F1=0.8694 val_IoU=0.7690 (53s)
[E6/60] loss=0.719 val_F1=0.8540 val_IoU=0.7452 (53s)
[E7/60] loss=0.719 val_F1=0.8669 val_IoU=0.7650 (53s)
[E8/60] loss=0.704 val_F1=0.8608 val_IoU=0.7557 (54s)
[E9/60] loss=0.663 val_F1=0.8610 val_IoU=0.7559 (50s)
[E10/60] loss=0.651 val_F1=0.8704 val_IoU=0.7706 (54s)
[E11/60] loss=0.653 val_F1=0.8645 val_IoU=0.7614 (55s)
[E12/60] loss=0.673 val_F1=0.8507 val_IoU=0.7401 (53s)
[E13/60] loss=0.644 val_F1=0.8784 val_IoU=0.7831 (54s)
[E14/60] loss=0.615 val_F1=0.8746 val_IoU=0.7771 (54s)
[E15/60] loss=0.617 val_F1=0.8599 val_IoU=0.7542 (52s)
[E16/60] loss=0.618 val_F1=0.8714 val_IoU=0.7720 (54s)
[E17/60] loss=0.622 val_F1=0.8798 val_IoU=0.7855 (54s)
[E18/60] loss=0.613 val_F1=0.8802 val_IoU=0.7860 (55s)
[E19/60] loss=0.589 val_F1=0.8772 val_IoU=0.7813 (54s)
[E20/60] loss=0.593 val_F1=0.8742 val_IoU=0.7765 (53s)
[E21/60] loss=0.584 val_F1=0.8828 val_IoU=0.7902 (52s)
[E22/60] loss=0.580 val_F1=0.8793 val_IoU=0.7845 (53s)
[E23/60] loss=0.590 val_F1=0.8826 val_IoU=0.7899 (52s)
[E24/60] loss=0.576 val_F1=0.8813 val_IoU=0.7879 (53s)
[E25/60] loss=0.577 val_F1=0.8804 val_IoU=0.7863 (52s)
[E26/60] loss=0.567 val_F1=0.8819 val_IoU=0.7887 (54s)
[E27/60] loss=0.560 val_F1=0.8866 val_IoU=0.7963 (53s)
[E28/60] loss=0.551 val_F1=0.8756 val_IoU=0.7787 (52s)
[E29/60] loss=0.551 val_F1=0.8837 val_IoU=0.7917 (50s)
[E30/60] loss=0.552 val_F1=0.8834 val_IoU=0.7911 (53s)
[E31/60] loss=0.553 val_F1=0.8874 val_IoU=0.7976 (53s)
[E32/60] loss=0.534 val_F1=0.8919 val_IoU=0.8048 (49s)
[E33/60] loss=0.531 val_F1=0.8794 val_IoU=0.7847 (51s)
[E34/60] loss=0.533 val_F1=0.8870 val_IoU=0.7969 (54s)
[E35/60] loss=0.529 val_F1=0.8847 val_IoU=0.7932 (54s)
[E36/60] loss=0.528 val_F1=0.8867 val_IoU=0.7965 (50s)
[E37/60] loss=0.524 val_F1=0.8887 val_IoU=0.7997 (54s)
[E38/60] loss=0.524 val_F1=0.8913 val_IoU=0.8039 (54s)
[E39/60] loss=0.513 val_F1=0.8894 val_IoU=0.8008 (55s)
[E40/60] loss=0.509 val_F1=0.8916 val_IoU=0.8043 (54s)
[E41/60] loss=0.506 val_F1=0.8913 val_IoU=0.8038 (54s)
[E42/60] loss=0.511 val_F1=0.8906 val_IoU=0.8028 (53s)
[E43/60] loss=0.502 val_F1=0.8906 val_IoU=0.8028 (54s)
[E44/60] loss=0.501 val_F1=0.8902 val_IoU=0.8021 (54s)
[E45/60] loss=0.497 val_F1=0.8940 val_IoU=0.8083 (54s)
[E46/60] loss=0.501 val_F1=0.8930 val_IoU=0.8067 (54s)
[E47/60] loss=0.494 val_F1=0.8934 val_IoU=0.8074 (53s)
[E48/60] loss=0.490 val_F1=0.8931 val_IoU=0.8069 (54s)
[E49/60] loss=0.494 val_F1=0.8958 val_IoU=0.8112 (53s)
[E50/60] loss=0.492 val_F1=0.8935 val_IoU=0.8075 (53s)
[E51/60] loss=0.492 val_F1=0.8947 val_IoU=0.8094 (54s)
[E52/60] loss=0.491 val_F1=0.8948 val_IoU=0.8096 (53s)
[E53/60] loss=0.491 val_F1=0.8933 val_IoU=0.8073 (54s)
[E54/60] loss=0.489 val_F1=0.8943 val_IoU=0.8089 (54s)
[E55/60] loss=0.485 val_F1=0.8956 val_IoU=0.8109 (54s)
[E56/60] loss=0.489 val_F1=0.8953 val_IoU=0.8105 (55s)
[E57/60] loss=0.485 val_F1=0.8959 val_IoU=0.8114 (55s)
[E58/60] loss=0.486 val_F1=0.8949 val_IoU=0.8097 (53s)
[E59/60] loss=0.485 val_F1=0.8963 val_IoU=0.8121 (54s)
[E60/60] loss=0.482 val_F1=0.8962 val_IoU=0.8119 (54s)

=== TEST (abl_conc) === F1=0.8915 IoU=0.8043 P=0.8856 R=0.8975  (best val@ep59)
[ALL_DONE]
Warning: You are sending unauthenticated requests to the HF Hub. Please set a HF_TOKEN to enable higher rate limits and faster downloads.
[LOG] dcff params=13.59M device=cuda train=7120 val=1024 test=2048
/root/gf/code/train.py:126: UserWarning: Converting a tensor with requires_grad=True to a scalar may lead to unexpected behavior.
Consider using tensor.detach() first. (Triggered internally at /pytorch/torch/csrc/autograd/generated/python_variable_methods.cpp:838.)
  tot += float(loss)
[E1/60] loss=2.379 val_F1=0.7908 val_IoU=0.6540 (52s)
[E2/60] loss=1.841 val_F1=0.8532 val_IoU=0.7440 (49s)
[E3/60] loss=1.281 val_F1=0.8458 val_IoU=0.7329 (51s)
[E4/60] loss=0.794 val_F1=0.8500 val_IoU=0.7392 (51s)
[E5/60] loss=0.762 val_F1=0.8693 val_IoU=0.7687 (51s)
[E6/60] loss=0.700 val_F1=0.8150 val_IoU=0.6877 (51s)
[E7/60] loss=0.684 val_F1=0.8648 val_IoU=0.7618 (50s)
[E8/60] loss=0.675 val_F1=0.8765 val_IoU=0.7802 (50s)
[E9/60] loss=0.637 val_F1=0.8745 val_IoU=0.7770 (49s)
[E10/60] loss=0.635 val_F1=0.8782 val_IoU=0.7828 (49s)
[E11/60] loss=0.621 val_F1=0.8700 val_IoU=0.7698 (50s)
[E12/60] loss=0.618 val_F1=0.8490 val_IoU=0.7376 (51s)
[E13/60] loss=0.606 val_F1=0.8829 val_IoU=0.7903 (51s)
[E14/60] loss=0.600 val_F1=0.8830 val_IoU=0.7906 (50s)
[E15/60] loss=0.600 val_F1=0.8771 val_IoU=0.7811 (50s)
[E16/60] loss=0.599 val_F1=0.8858 val_IoU=0.7950 (49s)
[E17/60] loss=0.596 val_F1=0.8754 val_IoU=0.7784 (51s)
[E18/60] loss=0.595 val_F1=0.8838 val_IoU=0.7918 (50s)
[E19/60] loss=0.568 val_F1=0.8854 val_IoU=0.7944 (50s)
[E20/60] loss=0.574 val_F1=0.8842 val_IoU=0.7925 (49s)
[E21/60] loss=0.566 val_F1=0.8876 val_IoU=0.7979 (48s)
[E22/60] loss=0.576 val_F1=0.8826 val_IoU=0.7899 (50s)
[E23/60] loss=0.561 val_F1=0.8808 val_IoU=0.7869 (49s)
[E24/60] loss=0.554 val_F1=0.8792 val_IoU=0.7845 (50s)
[E25/60] loss=0.548 val_F1=0.8926 val_IoU=0.8060 (50s)
[E26/60] loss=0.539 val_F1=0.8875 val_IoU=0.7978 (49s)
[E27/60] loss=0.539 val_F1=0.8940 val_IoU=0.8082 (49s)
[E28/60] loss=0.531 val_F1=0.8906 val_IoU=0.8028 (50s)
[E29/60] loss=0.532 val_F1=0.8903 val_IoU=0.8023 (50s)
[E30/60] loss=0.523 val_F1=0.8920 val_IoU=0.8051 (50s)
[E31/60] loss=0.525 val_F1=0.8948 val_IoU=0.8096 (50s)
[E32/60] loss=0.517 val_F1=0.8913 val_IoU=0.8039 (49s)
[E33/60] loss=0.515 val_F1=0.8821 val_IoU=0.7891 (50s)
[E34/60] loss=0.506 val_F1=0.8941 val_IoU=0.8085 (49s)
[E35/60] loss=0.511 val_F1=0.8932 val_IoU=0.8071 (50s)
[E36/60] loss=0.509 val_F1=0.8948 val_IoU=0.8096 (50s)
[E37/60] loss=0.498 val_F1=0.8965 val_IoU=0.8124 (49s)
[E38/60] loss=0.501 val_F1=0.8976 val_IoU=0.8143 (49s)
[E39/60] loss=0.501 val_F1=0.9012 val_IoU=0.8201 (50s)
[E40/60] loss=0.497 val_F1=0.8993 val_IoU=0.8170 (49s)
[E41/60] loss=0.490 val_F1=0.9001 val_IoU=0.8184 (50s)
[E42/60] loss=0.488 val_F1=0.8963 val_IoU=0.8121 (48s)
[E43/60] loss=0.488 val_F1=0.9001 val_IoU=0.8184 (50s)
[E44/60] loss=0.487 val_F1=0.8976 val_IoU=0.8142 (51s)
[E45/60] loss=0.489 val_F1=0.8997 val_IoU=0.8176 (50s)
[E46/60] loss=0.483 val_F1=0.8997 val_IoU=0.8176 (50s)
[E47/60] loss=0.479 val_F1=0.8998 val_IoU=0.8178 (49s)
[E48/60] loss=0.479 val_F1=0.9013 val_IoU=0.8203 (50s)
[E49/60] loss=0.475 val_F1=0.9013 val_IoU=0.8204 (50s)
[E50/60] loss=0.475 val_F1=0.8998 val_IoU=0.8178 (48s)
[E51/60] loss=0.473 val_F1=0.9000 val_IoU=0.8183 (50s)
[E52/60] loss=0.471 val_F1=0.9007 val_IoU=0.8194 (50s)
[E53/60] loss=0.469 val_F1=0.8996 val_IoU=0.8175 (50s)
[E54/60] loss=0.469 val_F1=0.9005 val_IoU=0.8191 (51s)
[E55/60] loss=0.467 val_F1=0.9008 val_IoU=0.8196 (50s)
[E56/60] loss=0.471 val_F1=0.9005 val_IoU=0.8189 (50s)
[E57/60] loss=0.467 val_F1=0.8997 val_IoU=0.8177 (49s)
[E58/60] loss=0.469 val_F1=0.8999 val_IoU=0.8180 (48s)
[E59/60] loss=0.469 val_F1=0.9017 val_IoU=0.8210 (51s)
[E60/60] loss=0.471 val_F1=0.8995 val_IoU=0.8174 (51s)

=== TEST (abl_nocbam) === F1=0.8958 IoU=0.8113 P=0.8902 R=0.9015  (best val@ep59)
[ALL_DONE]
Warning: You are sending unauthenticated requests to the HF Hub. Please set a HF_TOKEN to enable higher rate limits and faster downloads.
[LOG] dcff params=13.54M device=cuda train=7120 val=1024 test=2048
/root/gf/code/train.py:126: UserWarning: Converting a tensor with requires_grad=True to a scalar may lead to unexpected behavior.
Consider using tensor.detach() first. (Triggered internally at /pytorch/torch/csrc/autograd/generated/python_variable_methods.cpp:838.)
  tot += float(loss)
[E1/60] loss=2.354 val_F1=0.7562 val_IoU=0.6079 (55s)
[E2/60] loss=1.821 val_F1=0.8297 val_IoU=0.7090 (52s)
[E3/60] loss=0.971 val_F1=0.8319 val_IoU=0.7121 (52s)
[E4/60] loss=0.765 val_F1=0.8478 val_IoU=0.7359 (54s)
[E5/60] loss=0.717 val_F1=0.8565 val_IoU=0.7490 (53s)
[E6/60] loss=0.694 val_F1=0.8626 val_IoU=0.7584 (53s)
[E7/60] loss=0.678 val_F1=0.8678 val_IoU=0.7664 (54s)
[E8/60] loss=0.649 val_F1=0.8387 val_IoU=0.7223 (54s)
[E9/60] loss=0.638 val_F1=0.8715 val_IoU=0.7723 (54s)
[E10/60] loss=0.662 val_F1=0.8720 val_IoU=0.7730 (53s)
[E11/60] loss=0.649 val_F1=0.8749 val_IoU=0.7776 (52s)
[E12/60] loss=0.633 val_F1=0.8682 val_IoU=0.7671 (52s)
[E13/60] loss=0.623 val_F1=0.8769 val_IoU=0.7807 (54s)
[E14/60] loss=0.623 val_F1=0.8748 val_IoU=0.7775 (52s)
[E15/60] loss=0.646 val_F1=0.8752 val_IoU=0.7781 (55s)
[E16/60] loss=0.611 val_F1=0.8822 val_IoU=0.7892 (55s)
[E17/60] loss=0.613 val_F1=0.8777 val_IoU=0.7821 (54s)
[E18/60] loss=0.599 val_F1=0.8776 val_IoU=0.7819 (54s)
[E19/60] loss=0.596 val_F1=0.8834 val_IoU=0.7912 (54s)
[E20/60] loss=0.575 val_F1=0.8831 val_IoU=0.7907 (54s)
[E21/60] loss=0.578 val_F1=0.8823 val_IoU=0.7893 (54s)
[E22/60] loss=0.586 val_F1=0.8866 val_IoU=0.7964 (54s)
[E23/60] loss=0.568 val_F1=0.8814 val_IoU=0.7879 (54s)
[E24/60] loss=0.563 val_F1=0.8686 val_IoU=0.7676 (55s)
[E25/60] loss=0.568 val_F1=0.8885 val_IoU=0.7994 (53s)
[E26/60] loss=0.564 val_F1=0.8837 val_IoU=0.7916 (54s)
[E27/60] loss=0.560 val_F1=0.8878 val_IoU=0.7982 (53s)
[E28/60] loss=0.550 val_F1=0.8931 val_IoU=0.8068 (54s)
[E29/60] loss=0.541 val_F1=0.8785 val_IoU=0.7834 (54s)
[E30/60] loss=0.537 val_F1=0.8922 val_IoU=0.8054 (52s)
[E31/60] loss=0.555 val_F1=0.8825 val_IoU=0.7897 (52s)
[E32/60] loss=0.538 val_F1=0.8877 val_IoU=0.7980 (54s)
[E33/60] loss=0.534 val_F1=0.8877 val_IoU=0.7980 (52s)
[E34/60] loss=0.531 val_F1=0.8879 val_IoU=0.7984 (51s)
[E35/60] loss=0.529 val_F1=0.8902 val_IoU=0.8021 (54s)
[E36/60] loss=0.522 val_F1=0.8916 val_IoU=0.8044 (53s)
[E37/60] loss=0.519 val_F1=0.8932 val_IoU=0.8069 (52s)
[E38/60] loss=0.518 val_F1=0.8916 val_IoU=0.8045 (53s)
[E39/60] loss=0.518 val_F1=0.8891 val_IoU=0.8003 (52s)
[E40/60] loss=0.515 val_F1=0.8931 val_IoU=0.8069 (53s)
[E41/60] loss=0.506 val_F1=0.8952 val_IoU=0.8102 (53s)
[E42/60] loss=0.506 val_F1=0.8947 val_IoU=0.8095 (53s)
[E43/60] loss=0.503 val_F1=0.8958 val_IoU=0.8112 (53s)
[E44/60] loss=0.500 val_F1=0.8958 val_IoU=0.8113 (53s)
[E45/60] loss=0.505 val_F1=0.8940 val_IoU=0.8083 (54s)
[E46/60] loss=0.494 val_F1=0.8951 val_IoU=0.8101 (54s)
[E47/60] loss=0.498 val_F1=0.8960 val_IoU=0.8116 (53s)
[E48/60] loss=0.493 val_F1=0.8948 val_IoU=0.8096 (56s)
[E49/60] loss=0.493 val_F1=0.8960 val_IoU=0.8116 (51s)
[E50/60] loss=0.491 val_F1=0.8952 val_IoU=0.8103 (54s)
[E51/60] loss=0.488 val_F1=0.8948 val_IoU=0.8096 (51s)
[E52/60] loss=0.494 val_F1=0.8964 val_IoU=0.8122 (54s)
[E53/60] loss=0.487 val_F1=0.8970 val_IoU=0.8132 (53s)
[E54/60] loss=0.492 val_F1=0.8971 val_IoU=0.8134 (54s)
[E55/60] loss=0.489 val_F1=0.8969 val_IoU=0.8130 (55s)
[E56/60] loss=0.487 val_F1=0.8965 val_IoU=0.8124 (54s)
[E57/60] loss=0.486 val_F1=0.8974 val_IoU=0.8139 (54s)
[E58/60] loss=0.484 val_F1=0.8965 val_IoU=0.8124 (54s)
[E59/60] loss=0.488 val_F1=0.8963 val_IoU=0.8121 (53s)
[E60/60] loss=0.485 val_F1=0.8965 val_IoU=0.8124 (54s)

=== TEST (abl_noaspp) === F1=0.8915 IoU=0.8043 P=0.8856 R=0.8976  (best val@ep57)
[ALL_DONE]
Warning: You are sending unauthenticated requests to the HF Hub. Please set a HF_TOKEN to enable higher rate limits and faster downloads.
[LOG] dcff params=13.60M device=cuda train=7120 val=1024 test=2048
/root/gf/code/train.py:126: UserWarning: Converting a tensor with requires_grad=True to a scalar may lead to unexpected behavior.
Consider using tensor.detach() first. (Triggered internally at /pytorch/torch/csrc/autograd/generated/python_variable_methods.cpp:838.)
  tot += float(loss)
[E1/60] loss=2.080 val_F1=0.8117 val_IoU=0.6831 (55s)
[E2/60] loss=1.641 val_F1=0.8529 val_IoU=0.7435 (53s)
[E3/60] loss=0.821 val_F1=0.7870 val_IoU=0.6488 (54s)
[E4/60] loss=0.626 val_F1=0.8442 val_IoU=0.7304 (54s)
[E5/60] loss=0.577 val_F1=0.8461 val_IoU=0.7332 (55s)
[E6/60] loss=0.551 val_F1=0.8683 val_IoU=0.7672 (52s)
[E7/60] loss=0.514 val_F1=0.8747 val_IoU=0.7774 (53s)
[E8/60] loss=0.487 val_F1=0.8787 val_IoU=0.7837 (54s)
[E9/60] loss=0.494 val_F1=0.8541 val_IoU=0.7454 (53s)
[E10/60] loss=0.468 val_F1=0.8560 val_IoU=0.7483 (53s)
[E11/60] loss=0.492 val_F1=0.8778 val_IoU=0.7823 (52s)
[E12/60] loss=0.460 val_F1=0.8777 val_IoU=0.7821 (53s)
[E13/60] loss=0.447 val_F1=0.8738 val_IoU=0.7759 (53s)
[E14/60] loss=0.433 val_F1=0.8845 val_IoU=0.7930 (53s)
[E15/60] loss=0.441 val_F1=0.8861 val_IoU=0.7954 (52s)
[E16/60] loss=0.430 val_F1=0.8817 val_IoU=0.7885 (54s)
[E17/60] loss=0.436 val_F1=0.8849 val_IoU=0.7935 (54s)
[E18/60] loss=0.431 val_F1=0.8766 val_IoU=0.7804 (54s)
[E19/60] loss=0.423 val_F1=0.8748 val_IoU=0.7775 (54s)
[E20/60] loss=0.404 val_F1=0.8883 val_IoU=0.7991 (53s)
[E21/60] loss=0.421 val_F1=0.8843 val_IoU=0.7926 (54s)
[E22/60] loss=0.423 val_F1=0.8802 val_IoU=0.7861 (53s)
[E23/60] loss=0.405 val_F1=0.8874 val_IoU=0.7976 (54s)
[E24/60] loss=0.400 val_F1=0.8825 val_IoU=0.7898 (54s)
[E25/60] loss=0.396 val_F1=0.8892 val_IoU=0.8005 (54s)
[E26/60] loss=0.387 val_F1=0.8921 val_IoU=0.8051 (54s)
[E27/60] loss=0.391 val_F1=0.8880 val_IoU=0.7986 (53s)
[E28/60] loss=0.383 val_F1=0.8921 val_IoU=0.8053 (54s)
[E29/60] loss=0.380 val_F1=0.8882 val_IoU=0.7989 (53s)
[E30/60] loss=0.372 val_F1=0.8901 val_IoU=0.8019 (53s)
[E31/60] loss=0.374 val_F1=0.8933 val_IoU=0.8071 (53s)
[E32/60] loss=0.366 val_F1=0.8943 val_IoU=0.8087 (54s)
[E33/60] loss=0.360 val_F1=0.8893 val_IoU=0.8007 (53s)
[E34/60] loss=0.357 val_F1=0.8949 val_IoU=0.8098 (54s)
[E35/60] loss=0.354 val_F1=0.8942 val_IoU=0.8087 (54s)
[E36/60] loss=0.353 val_F1=0.8958 val_IoU=0.8113 (54s)
[E37/60] loss=0.350 val_F1=0.8950 val_IoU=0.8099 (53s)
[E38/60] loss=0.344 val_F1=0.8917 val_IoU=0.8045 (53s)
[E39/60] loss=0.334 val_F1=0.8955 val_IoU=0.8108 (54s)
[E40/60] loss=0.342 val_F1=0.8937 val_IoU=0.8078 (54s)
[E41/60] loss=0.339 val_F1=0.8914 val_IoU=0.8041 (54s)
[E42/60] loss=0.332 val_F1=0.8964 val_IoU=0.8122 (54s)
[E43/60] loss=0.341 val_F1=0.8948 val_IoU=0.8097 (55s)
[E44/60] loss=0.330 val_F1=0.9001 val_IoU=0.8184 (54s)
[E45/60] loss=0.326 val_F1=0.8956 val_IoU=0.8110 (54s)
[E46/60] loss=0.323 val_F1=0.8962 val_IoU=0.8120 (54s)
[E47/60] loss=0.328 val_F1=0.8982 val_IoU=0.8153 (54s)
[E48/60] loss=0.324 val_F1=0.8968 val_IoU=0.8129 (54s)
[E49/60] loss=0.322 val_F1=0.8999 val_IoU=0.8181 (53s)
[E50/60] loss=0.322 val_F1=0.8972 val_IoU=0.8136 (52s)
[E51/60] loss=0.315 val_F1=0.8980 val_IoU=0.8148 (53s)
[E52/60] loss=0.318 val_F1=0.8973 val_IoU=0.8137 (52s)
[E53/60] loss=0.319 val_F1=0.8982 val_IoU=0.8152 (51s)
[E54/60] loss=0.316 val_F1=0.8980 val_IoU=0.8149 (51s)
[E55/60] loss=0.316 val_F1=0.8990 val_IoU=0.8165 (53s)
[E56/60] loss=0.319 val_F1=0.8971 val_IoU=0.8133 (54s)
[E57/60] loss=0.315 val_F1=0.9002 val_IoU=0.8185 (53s)
[E58/60] loss=0.317 val_F1=0.8984 val_IoU=0.8156 (53s)
[E59/60] loss=0.315 val_F1=0.8992 val_IoU=0.8169 (53s)
[E60/60] loss=0.312 val_F1=0.8999 val_IoU=0.8180 (54s)

=== TEST (abl_nobnd) === F1=0.8948 IoU=0.8096 P=0.8865 R=0.9032  (best val@ep57)
[ALL_DONE]
Warning: You are sending unauthenticated requests to the HF Hub. Please set a HF_TOKEN to enable higher rate limits and faster downloads.
[LOG] dcff params=13.60M device=cuda train=7120 val=1024 test=2048
/root/gf/code/train.py:126: UserWarning: Converting a tensor with requires_grad=True to a scalar may lead to unexpected behavior.
Consider using tensor.detach() first. (Triggered internally at /pytorch/torch/csrc/autograd/generated/python_variable_methods.cpp:838.)
  tot += float(loss)
[E1/60] loss=2.547 val_F1=0.7016 val_IoU=0.5404 (56s)
[E2/60] loss=2.075 val_F1=0.7576 val_IoU=0.6098 (53s)
[E3/60] loss=1.507 val_F1=0.6856 val_IoU=0.5216 (52s)
[E4/60] loss=1.125 val_F1=0.7451 val_IoU=0.5937 (54s)
[E5/60] loss=1.043 val_F1=0.7116 val_IoU=0.5523 (52s)
[E6/60] loss=0.985 val_F1=0.7545 val_IoU=0.6058 (53s)
[E7/60] loss=0.941 val_F1=0.7876 val_IoU=0.6496 (53s)
[E8/60] loss=0.928 val_F1=0.7963 val_IoU=0.6616 (53s)
[E9/60] loss=0.916 val_F1=0.7816 val_IoU=0.6416 (54s)
[E10/60] loss=0.880 val_F1=0.7697 val_IoU=0.6257 (54s)
[E11/60] loss=0.867 val_F1=0.7684 val_IoU=0.6240 (53s)
[E12/60] loss=0.892 val_F1=0.7645 val_IoU=0.6188 (53s)
[E13/60] loss=0.868 val_F1=0.7951 val_IoU=0.6599 (53s)
[E14/60] loss=0.820 val_F1=0.8060 val_IoU=0.6750 (54s)
[E15/60] loss=0.818 val_F1=0.8025 val_IoU=0.6702 (53s)
[E16/60] loss=0.806 val_F1=0.7990 val_IoU=0.6653 (53s)
[E17/60] loss=0.814 val_F1=0.7886 val_IoU=0.6510 (53s)
[E18/60] loss=0.807 val_F1=0.8165 val_IoU=0.6899 (53s)
[E19/60] loss=0.821 val_F1=0.8098 val_IoU=0.6804 (52s)
[E20/60] loss=0.793 val_F1=0.7905 val_IoU=0.6536 (53s)
[E21/60] loss=0.764 val_F1=0.8145 val_IoU=0.6871 (54s)
[E22/60] loss=0.765 val_F1=0.8169 val_IoU=0.6905 (54s)
[E23/60] loss=0.774 val_F1=0.8135 val_IoU=0.6856 (52s)
[E24/60] loss=0.748 val_F1=0.8328 val_IoU=0.7135 (53s)
[E25/60] loss=0.749 val_F1=0.8154 val_IoU=0.6883 (53s)
[E26/60] loss=0.737 val_F1=0.8241 val_IoU=0.7008 (53s)
[E27/60] loss=0.736 val_F1=0.8163 val_IoU=0.6896 (53s)
[E28/60] loss=0.727 val_F1=0.8386 val_IoU=0.7220 (55s)
[E29/60] loss=0.727 val_F1=0.8222 val_IoU=0.6981 (53s)
[E30/60] loss=0.709 val_F1=0.8305 val_IoU=0.7102 (54s)
[E31/60] loss=0.707 val_F1=0.8422 val_IoU=0.7274 (54s)
[E32/60] loss=0.695 val_F1=0.8402 val_IoU=0.7244 (56s)
[E33/60] loss=0.686 val_F1=0.8230 val_IoU=0.6992 (54s)
[E34/60] loss=0.685 val_F1=0.8240 val_IoU=0.7006 (55s)
[E35/60] loss=0.689 val_F1=0.8408 val_IoU=0.7254 (54s)
[E36/60] loss=0.680 val_F1=0.8449 val_IoU=0.7315 (54s)
[E37/60] loss=0.684 val_F1=0.8475 val_IoU=0.7353 (54s)
[E38/60] loss=0.668 val_F1=0.8485 val_IoU=0.7369 (54s)
[E39/60] loss=0.674 val_F1=0.8390 val_IoU=0.7227 (54s)
[E40/60] loss=0.659 val_F1=0.8450 val_IoU=0.7317 (53s)
[E41/60] loss=0.658 val_F1=0.8526 val_IoU=0.7431 (54s)
[E42/60] loss=0.653 val_F1=0.8546 val_IoU=0.7461 (53s)
[E43/60] loss=0.645 val_F1=0.8486 val_IoU=0.7370 (54s)
[E44/60] loss=0.642 val_F1=0.8529 val_IoU=0.7435 (54s)
[E45/60] loss=0.643 val_F1=0.8527 val_IoU=0.7433 (54s)
[E46/60] loss=0.642 val_F1=0.8528 val_IoU=0.7434 (54s)
[E47/60] loss=0.634 val_F1=0.8488 val_IoU=0.7373 (54s)
[E48/60] loss=0.631 val_F1=0.8491 val_IoU=0.7377 (54s)
[E49/60] loss=0.630 val_F1=0.8535 val_IoU=0.7444 (55s)
[E50/60] loss=0.628 val_F1=0.8542 val_IoU=0.7454 (54s)
[E51/60] loss=0.619 val_F1=0.8508 val_IoU=0.7403 (54s)
[E52/60] loss=0.628 val_F1=0.8436 val_IoU=0.7294 (54s)
[E53/60] loss=0.625 val_F1=0.8547 val_IoU=0.7463 (54s)
[E54/60] loss=0.622 val_F1=0.8533 val_IoU=0.7441 (53s)
[E55/60] loss=0.621 val_F1=0.8557 val_IoU=0.7478 (53s)
[E56/60] loss=0.621 val_F1=0.8511 val_IoU=0.7408 (54s)
[E57/60] loss=0.617 val_F1=0.8558 val_IoU=0.7480 (54s)
[E58/60] loss=0.621 val_F1=0.8573 val_IoU=0.7502 (54s)
[E59/60] loss=0.623 val_F1=0.8560 val_IoU=0.7483 (54s)
[E60/60] loss=0.620 val_F1=0.8575 val_IoU=0.7506 (54s)

=== TEST (abl_scratch) === F1=0.8478 IoU=0.7358 P=0.8649 R=0.8314  (best val@ep60)
[ALL_DONE]
ALL_ABLATION_DONE
