Warning: You are sending unauthenticated requests to the HF Hub. Please set a HF_TOKEN to enable higher rate limits and faster downloads.
[LOG] dcff params=13.59M device=cuda train=7120 val=1024 test=2048
/root/gf/code/train.py:126: UserWarning: Converting a tensor with requires_grad=True to a scalar may lead to unexpected behavior.
Consider using tensor.detach() first. (Triggered internally at /pytorch/torch/csrc/autograd/generated/python_variable_methods.cpp:838.)
  tot += float(loss)
[E1/100] loss=2.107 val_F1=0.7849 val_IoU=0.6460 (48s)
[E2/100] loss=1.675 val_F1=0.8559 val_IoU=0.7481 (48s)
[E3/100] loss=1.042 val_F1=0.8357 val_IoU=0.7177 (48s)
[E4/100] loss=0.645 val_F1=0.8523 val_IoU=0.7427 (48s)
[E5/100] loss=0.595 val_F1=0.8741 val_IoU=0.7763 (50s)
[E6/100] loss=0.529 val_F1=0.8585 val_IoU=0.7521 (49s)
[E7/100] loss=0.519 val_F1=0.8736 val_IoU=0.7756 (49s)
[E8/100] loss=0.491 val_F1=0.8807 val_IoU=0.7868 (49s)
[E9/100] loss=0.480 val_F1=0.8828 val_IoU=0.7902 (47s)
[E10/100] loss=0.475 val_F1=0.8828 val_IoU=0.7901 (48s)
[E11/100] loss=0.464 val_F1=0.8780 val_IoU=0.7825 (49s)
[E12/100] loss=0.464 val_F1=0.8774 val_IoU=0.7816 (47s)
[E13/100] loss=0.471 val_F1=0.8705 val_IoU=0.7707 (49s)
[E14/100] loss=0.440 val_F1=0.8912 val_IoU=0.8037 (49s)
[E15/100] loss=0.428 val_F1=0.8861 val_IoU=0.7955 (48s)
[E16/100] loss=0.431 val_F1=0.8850 val_IoU=0.7938 (48s)
[E17/100] loss=0.433 val_F1=0.8797 val_IoU=0.7853 (48s)
[E18/100] loss=0.449 val_F1=0.8767 val_IoU=0.7804 (49s)
[E19/100] loss=0.438 val_F1=0.8866 val_IoU=0.7963 (48s)
[E20/100] loss=0.408 val_F1=0.8887 val_IoU=0.7997 (47s)
[E21/100] loss=0.417 val_F1=0.8890 val_IoU=0.8002 (48s)
[E22/100] loss=0.411 val_F1=0.8872 val_IoU=0.7972 (48s)
[E23/100] loss=0.407 val_F1=0.8826 val_IoU=0.7899 (47s)
[E24/100] loss=0.407 val_F1=0.8889 val_IoU=0.8000 (48s)
[E25/100] loss=0.395 val_F1=0.8915 val_IoU=0.8043 (48s)
[E26/100] loss=0.391 val_F1=0.8868 val_IoU=0.7966 (48s)
[E27/100] loss=0.413 val_F1=0.8886 val_IoU=0.7995 (49s)
[E28/100] loss=0.387 val_F1=0.8770 val_IoU=0.7810 (48s)
[E29/100] loss=0.384 val_F1=0.8914 val_IoU=0.8041 (48s)
[E30/100] loss=0.387 val_F1=0.8920 val_IoU=0.8050 (49s)
[E31/100] loss=0.379 val_F1=0.8924 val_IoU=0.8056 (48s)
[E32/100] loss=0.372 val_F1=0.8903 val_IoU=0.8023 (47s)
[E33/100] loss=0.372 val_F1=0.8714 val_IoU=0.7721 (48s)
[E34/100] loss=0.375 val_F1=0.8924 val_IoU=0.8058 (48s)
[E35/100] loss=0.380 val_F1=0.8785 val_IoU=0.7833 (47s)
[E36/100] loss=0.370 val_F1=0.8821 val_IoU=0.7891 (48s)
[E37/100] loss=0.356 val_F1=0.8974 val_IoU=0.8139 (47s)
[E38/100] loss=0.349 val_F1=0.8965 val_IoU=0.8124 (48s)
[E39/100] loss=0.364 val_F1=0.8970 val_IoU=0.8132 (48s)
[E40/100] loss=0.375 val_F1=0.8981 val_IoU=0.8150 (48s)
[E41/100] loss=0.362 val_F1=0.8946 val_IoU=0.8094 (48s)
[E42/100] loss=0.359 val_F1=0.8972 val_IoU=0.8136 (48s)
[E43/100] loss=0.358 val_F1=0.8948 val_IoU=0.8096 (48s)
[E44/100] loss=0.346 val_F1=0.8797 val_IoU=0.7852 (49s)
[E45/100] loss=0.357 val_F1=0.8979 val_IoU=0.8148 (48s)
[E46/100] loss=0.336 val_F1=0.8961 val_IoU=0.8118 (48s)
[E47/100] loss=0.332 val_F1=0.8938 val_IoU=0.8080 (48s)
[E48/100] loss=0.343 val_F1=0.8894 val_IoU=0.8008 (47s)
[E49/100] loss=0.340 val_F1=0.8961 val_IoU=0.8118 (47s)
[E50/100] loss=0.336 val_F1=0.8995 val_IoU=0.8173 (48s)
[E51/100] loss=0.329 val_F1=0.8963 val_IoU=0.8121 (49s)
[E52/100] loss=0.324 val_F1=0.8971 val_IoU=0.8134 (48s)
[E53/100] loss=0.323 val_F1=0.8971 val_IoU=0.8134 (48s)
[E54/100] loss=0.319 val_F1=0.8986 val_IoU=0.8158 (48s)
[E55/100] loss=0.323 val_F1=0.9013 val_IoU=0.8203 (49s)
[E56/100] loss=0.318 val_F1=0.8951 val_IoU=0.8101 (47s)
[E57/100] loss=0.317 val_F1=0.8985 val_IoU=0.8158 (48s)
[E58/100] loss=0.317 val_F1=0.8984 val_IoU=0.8155 (48s)
[E59/100] loss=0.314 val_F1=0.8972 val_IoU=0.8136 (48s)
[E60/100] loss=0.310 val_F1=0.8974 val_IoU=0.8139 (47s)
[E61/100] loss=0.307 val_F1=0.8944 val_IoU=0.8089 (48s)
[E62/100] loss=0.311 val_F1=0.8973 val_IoU=0.8138 (48s)
[E63/100] loss=0.306 val_F1=0.8996 val_IoU=0.8175 (47s)
[E64/100] loss=0.303 val_F1=0.8999 val_IoU=0.8180 (48s)
[E65/100] loss=0.302 val_F1=0.9001 val_IoU=0.8184 (48s)
[E66/100] loss=0.298 val_F1=0.9010 val_IoU=0.8199 (47s)
[E67/100] loss=0.295 val_F1=0.9030 val_IoU=0.8231 (48s)
[E68/100] loss=0.297 val_F1=0.9010 val_IoU=0.8199 (48s)
[E69/100] loss=0.293 val_F1=0.9021 val_IoU=0.8216 (49s)
[E70/100] loss=0.294 val_F1=0.9021 val_IoU=0.8217 (49s)
[E71/100] loss=0.291 val_F1=0.9024 val_IoU=0.8221 (48s)
[E72/100] loss=0.288 val_F1=0.8987 val_IoU=0.8160 (48s)
[E73/100] loss=0.289 val_F1=0.9014 val_IoU=0.8205 (48s)
[E74/100] loss=0.291 val_F1=0.9022 val_IoU=0.8217 (48s)
[E75/100] loss=0.286 val_F1=0.9020 val_IoU=0.8214 (48s)
[E76/100] loss=0.287 val_F1=0.9016 val_IoU=0.8209 (48s)
[E77/100] loss=0.286 val_F1=0.9027 val_IoU=0.8226 (48s)
[E78/100] loss=0.284 val_F1=0.9020 val_IoU=0.8216 (48s)
[E79/100] loss=0.282 val_F1=0.9019 val_IoU=0.8214 (49s)
[E80/100] loss=0.283 val_F1=0.9037 val_IoU=0.8243 (48s)
[E81/100] loss=0.281 val_F1=0.9022 val_IoU=0.8219 (49s)
[E82/100] loss=0.282 val_F1=0.9029 val_IoU=0.8230 (49s)
[E83/100] loss=0.282 val_F1=0.9038 val_IoU=0.8244 (48s)
[E84/100] loss=0.281 val_F1=0.9026 val_IoU=0.8226 (47s)
[E85/100] loss=0.278 val_F1=0.9020 val_IoU=0.8216 (49s)
[E86/100] loss=0.277 val_F1=0.9038 val_IoU=0.8244 (48s)
[E87/100] loss=0.277 val_F1=0.9032 val_IoU=0.8235 (48s)
[E88/100] loss=0.276 val_F1=0.9025 val_IoU=0.8223 (48s)
[E89/100] loss=0.277 val_F1=0.9023 val_IoU=0.8220 (48s)
[E90/100] loss=0.276 val_F1=0.9034 val_IoU=0.8239 (48s)
[E91/100] loss=0.277 val_F1=0.9037 val_IoU=0.8243 (47s)
[E92/100] loss=0.275 val_F1=0.9036 val_IoU=0.8241 (48s)
[E93/100] loss=0.276 val_F1=0.9034 val_IoU=0.8239 (48s)
[E94/100] loss=0.273 val_F1=0.9034 val_IoU=0.8238 (48s)
[E95/100] loss=0.275 val_F1=0.9034 val_IoU=0.8238 (49s)
[E96/100] loss=0.274 val_F1=0.9042 val_IoU=0.8252 (48s)
[E97/100] loss=0.276 val_F1=0.9041 val_IoU=0.8250 (47s)
[E98/100] loss=0.276 val_F1=0.9039 val_IoU=0.8247 (48s)
[E99/100] loss=0.275 val_F1=0.9038 val_IoU=0.8244 (47s)
[E100/100] loss=0.277 val_F1=0.9029 val_IoU=0.8229 (47s)

=== TEST (dcff_final) === F1=0.9002 IoU=0.8185 P=0.8948 R=0.9057  (best val@ep96)
[ALL_DONE]
FINAL_DONE
