== dcff resnet34 ==
Warning: You are sending unauthenticated requests to the HF Hub. Please set a HF_TOKEN to enable higher rate limits and faster downloads.
[LOG] dcff params=23.71M device=cuda train=7120 val=1024 test=2048
/root/gf/code/train.py:115: UserWarning: Converting a tensor with requires_grad=True to a scalar may lead to unexpected behavior.
Consider using tensor.detach() first. (Triggered internally at /pytorch/torch/csrc/autograd/generated/python_variable_methods.cpp:838.)
  tot += float(loss)
[E1/120] loss=2.346 val_F1=0.8185 val_IoU=0.6928 (65s)
[E2/120] loss=1.825 val_F1=0.8526 val_IoU=0.7431 (62s)
[E3/120] loss=1.153 val_F1=0.8337 val_IoU=0.7148 (61s)
[E4/120] loss=0.845 val_F1=0.8431 val_IoU=0.7288 (62s)
[E5/120] loss=0.742 val_F1=0.8625 val_IoU=0.7582 (61s)
[E6/120] loss=0.686 val_F1=0.8708 val_IoU=0.7712 (62s)
[E7/120] loss=0.697 val_F1=0.8709 val_IoU=0.7714 (63s)
[E8/120] loss=0.655 val_F1=0.8554 val_IoU=0.7473 (61s)
[E9/120] loss=0.666 val_F1=0.8723 val_IoU=0.7735 (62s)
[E10/120] loss=0.639 val_F1=0.8585 val_IoU=0.7520 (62s)
[E11/120] loss=0.632 val_F1=0.8779 val_IoU=0.7824 (61s)
[E12/120] loss=0.613 val_F1=0.8727 val_IoU=0.7742 (64s)
[E13/120] loss=0.650 val_F1=0.8754 val_IoU=0.7783 (62s)
[E14/120] loss=0.633 val_F1=0.8607 val_IoU=0.7555 (65s)
[E15/120] loss=0.613 val_F1=0.8768 val_IoU=0.7807 (60s)
[E16/120] loss=0.630 val_F1=0.8742 val_IoU=0.7766 (62s)
[E17/120] loss=0.640 val_F1=0.8745 val_IoU=0.7769 (62s)
[E18/120] loss=0.613 val_F1=0.8729 val_IoU=0.7745 (62s)
[E19/120] loss=0.605 val_F1=0.8723 val_IoU=0.7735 (62s)
[E20/120] loss=0.603 val_F1=0.8805 val_IoU=0.7865 (63s)
[E21/120] loss=0.581 val_F1=0.8774 val_IoU=0.7815 (61s)
[E22/120] loss=0.592 val_F1=0.8713 val_IoU=0.7720 (62s)
[E23/120] loss=0.584 val_F1=0.8777 val_IoU=0.7821 (60s)
[E24/120] loss=0.598 val_F1=0.8710 val_IoU=0.7715 (61s)
[E25/120] loss=0.610 val_F1=0.8678 val_IoU=0.7664 (61s)
[E26/120] loss=0.574 val_F1=0.8703 val_IoU=0.7704 (62s)
[E27/120] loss=0.567 val_F1=0.8747 val_IoU=0.7773 (63s)
[E28/120] loss=0.578 val_F1=0.8876 val_IoU=0.7979 (65s)
[E29/120] loss=0.566 val_F1=0.8808 val_IoU=0.7870 (64s)
[E30/120] loss=0.573 val_F1=0.8758 val_IoU=0.7791 (63s)
[E31/120] loss=0.567 val_F1=0.8790 val_IoU=0.7841 (61s)
[E32/120] loss=0.560 val_F1=0.8763 val_IoU=0.7798 (61s)
[E33/120] loss=0.555 val_F1=0.8827 val_IoU=0.7900 (64s)
[E34/120] loss=0.546 val_F1=0.8808 val_IoU=0.7870 (62s)
[E35/120] loss=0.558 val_F1=0.8781 val_IoU=0.7828 (61s)
[E36/120] loss=0.546 val_F1=0.8811 val_IoU=0.7874 (62s)
[E37/120] loss=0.544 val_F1=0.8845 val_IoU=0.7930 (67s)
[E38/120] loss=0.531 val_F1=0.8914 val_IoU=0.8040 (61s)
[E39/120] loss=0.535 val_F1=0.8841 val_IoU=0.7924 (61s)
[E40/120] loss=0.532 val_F1=0.8842 val_IoU=0.7924 (61s)
[E41/120] loss=0.543 val_F1=0.8879 val_IoU=0.7984 (63s)
[E42/120] loss=0.528 val_F1=0.8901 val_IoU=0.8019 (63s)
[E43/120] loss=0.548 val_F1=0.8895 val_IoU=0.8010 (60s)
[E44/120] loss=0.518 val_F1=0.8928 val_IoU=0.8063 (60s)
[E45/120] loss=0.522 val_F1=0.8901 val_IoU=0.8019 (62s)
[E46/120] loss=0.529 val_F1=0.8906 val_IoU=0.8029 (63s)
[E47/120] loss=0.522 val_F1=0.8914 val_IoU=0.8041 (68s)
[E48/120] loss=0.530 val_F1=0.8915 val_IoU=0.8043 (60s)
[E49/120] loss=0.516 val_F1=0.8952 val_IoU=0.8103 (62s)
[E50/120] loss=0.513 val_F1=0.8948 val_IoU=0.8096 (62s)
[E51/120] loss=0.516 val_F1=0.8949 val_IoU=0.8098 (63s)
[E52/120] loss=0.515 val_F1=0.8921 val_IoU=0.8053 (60s)
[E53/120] loss=0.504 val_F1=0.8949 val_IoU=0.8098 (63s)
[E54/120] loss=0.524 val_F1=0.8842 val_IoU=0.7924 (61s)
[E55/120] loss=0.515 val_F1=0.8887 val_IoU=0.7997 (71s)
[E56/120] loss=0.502 val_F1=0.8874 val_IoU=0.7975 (64s)
[E57/120] loss=0.496 val_F1=0.8937 val_IoU=0.8078 (62s)
[E58/120] loss=0.493 val_F1=0.8914 val_IoU=0.8040 (61s)
[E59/120] loss=0.489 val_F1=0.8927 val_IoU=0.8062 (60s)
[E60/120] loss=0.493 val_F1=0.8925 val_IoU=0.8059 (60s)
[E61/120] loss=0.489 val_F1=0.8981 val_IoU=0.8150 (61s)
[E62/120] loss=0.487 val_F1=0.8917 val_IoU=0.8046 (61s)
[E63/120] loss=0.490 val_F1=0.8941 val_IoU=0.8085 (67s)
[E64/120] loss=0.490 val_F1=0.8931 val_IoU=0.8069 (60s)
[E65/120] loss=0.483 val_F1=0.8935 val_IoU=0.8075 (63s)
[E66/120] loss=0.484 val_F1=0.8935 val_IoU=0.8075 (61s)
[E67/120] loss=0.484 val_F1=0.8922 val_IoU=0.8054 (65s)
[E68/120] loss=0.482 val_F1=0.8946 val_IoU=0.8093 (61s)
[E69/120] loss=0.481 val_F1=0.8983 val_IoU=0.8153 (62s)
[E70/120] loss=0.479 val_F1=0.8945 val_IoU=0.8091 (63s)
[E71/120] loss=0.472 val_F1=0.8962 val_IoU=0.8119 (67s)
[E72/120] loss=0.471 val_F1=0.8987 val_IoU=0.8161 (67s)
[E73/120] loss=0.468 val_F1=0.8989 val_IoU=0.8164 (64s)
[E74/120] loss=0.472 val_F1=0.8985 val_IoU=0.8157 (64s)
[E75/120] loss=0.474 val_F1=0.8972 val_IoU=0.8136 (64s)
[E76/120] loss=0.466 val_F1=0.8960 val_IoU=0.8116 (65s)
[E77/120] loss=0.463 val_F1=0.8990 val_IoU=0.8165 (71s)
[E78/120] loss=0.459 val_F1=0.9003 val_IoU=0.8187 (63s)
[E79/120] loss=0.459 val_F1=0.8979 val_IoU=0.8147 (62s)
[E80/120] loss=0.460 val_F1=0.8981 val_IoU=0.8151 (58s)
[E81/120] loss=0.457 val_F1=0.8970 val_IoU=0.8133 (61s)
[E82/120] loss=0.456 val_F1=0.8996 val_IoU=0.8175 (65s)
[E83/120] loss=0.458 val_F1=0.8977 val_IoU=0.8144 (61s)
[E84/120] loss=0.460 val_F1=0.8989 val_IoU=0.8163 (65s)
[E85/120] loss=0.454 val_F1=0.9003 val_IoU=0.8187 (65s)
[E86/120] loss=0.453 val_F1=0.8978 val_IoU=0.8145 (65s)
[E87/120] loss=0.454 val_F1=0.8983 val_IoU=0.8153 (63s)
[E88/120] loss=0.449 val_F1=0.8977 val_IoU=0.8143 (62s)
[E89/120] loss=0.445 val_F1=0.8957 val_IoU=0.8112 (61s)
[E90/120] loss=0.448 val_F1=0.8988 val_IoU=0.8163 (63s)
[E91/120] loss=0.446 val_F1=0.8977 val_IoU=0.8144 (61s)
[E92/120] loss=0.444 val_F1=0.8944 val_IoU=0.8090 (63s)
[E93/120] loss=0.448 val_F1=0.8978 val_IoU=0.8145 (63s)
[E94/120] loss=0.444 val_F1=0.8964 val_IoU=0.8122 (63s)
[E95/120] loss=0.445 val_F1=0.8977 val_IoU=0.8144 (70s)
[E96/120] loss=0.443 val_F1=0.8969 val_IoU=0.8131 (64s)
[E97/120] loss=0.441 val_F1=0.8984 val_IoU=0.8156 (66s)
[E98/120] loss=0.442 val_F1=0.8961 val_IoU=0.8117 (63s)
[E99/120] loss=0.440 val_F1=0.8980 val_IoU=0.8149 (62s)
[E100/120] loss=0.439 val_F1=0.8997 val_IoU=0.8177 (69s)
[E101/120] loss=0.439 val_F1=0.8987 val_IoU=0.8161 (61s)
[E102/120] loss=0.438 val_F1=0.8999 val_IoU=0.8180 (60s)
[E103/120] loss=0.438 val_F1=0.8990 val_IoU=0.8165 (62s)
[E104/120] loss=0.439 val_F1=0.8988 val_IoU=0.8161 (68s)
[E105/120] loss=0.440 val_F1=0.8989 val_IoU=0.8164 (60s)
[E106/120] loss=0.440 val_F1=0.8987 val_IoU=0.8160 (60s)
[E107/120] loss=0.435 val_F1=0.8999 val_IoU=0.8180 (61s)
[E108/120] loss=0.436 val_F1=0.8987 val_IoU=0.8160 (61s)
[E109/120] loss=0.434 val_F1=0.8990 val_IoU=0.8165 (62s)
[E110/120] loss=0.436 val_F1=0.8995 val_IoU=0.8173 (62s)
[E111/120] loss=0.437 val_F1=0.8990 val_IoU=0.8166 (65s)
[E112/120] loss=0.436 val_F1=0.8998 val_IoU=0.8179 (61s)
[E113/120] loss=0.436 val_F1=0.8993 val_IoU=0.8171 (63s)
[E114/120] loss=0.435 val_F1=0.9000 val_IoU=0.8182 (61s)
[E115/120] loss=0.435 val_F1=0.9007 val_IoU=0.8193 (61s)
[E116/120] loss=0.435 val_F1=0.8995 val_IoU=0.8174 (63s)
[E117/120] loss=0.437 val_F1=0.8999 val_IoU=0.8180 (62s)
[E118/120] loss=0.433 val_F1=0.9000 val_IoU=0.8182 (63s)
[E119/120] loss=0.435 val_F1=0.8993 val_IoU=0.8170 (61s)
[E120/120] loss=0.433 val_F1=0.8999 val_IoU=0.8180 (61s)

=== TEST (dcff_r34) === F1=0.8941 IoU=0.8085 P=0.8831 R=0.9053  (best val@ep115)
[ALL_DONE]
ALL_TRAINING_DONE
