== dcff pw2 ==
Warning: You are sending unauthenticated requests to the HF Hub. Please set a HF_TOKEN to enable higher rate limits and faster downloads.
[LOG] dcff params=13.60M device=cuda train=7120 val=1024 test=2048
/root/gf/code/train.py:115: UserWarning: Converting a tensor with requires_grad=True to a scalar may lead to unexpected behavior.
Consider using tensor.detach() first. (Triggered internally at /pytorch/torch/csrc/autograd/generated/python_variable_methods.cpp:838.)
  tot += float(loss)
[E1/80] loss=2.334 val_F1=0.8255 val_IoU=0.7028 (55s)
[E2/80] loss=1.835 val_F1=0.8543 val_IoU=0.7456 (52s)
[E3/80] loss=1.094 val_F1=0.8553 val_IoU=0.7472 (53s)
[E4/80] loss=0.767 val_F1=0.8645 val_IoU=0.7613 (53s)
[E5/80] loss=0.717 val_F1=0.8246 val_IoU=0.7016 (53s)
[E6/80] loss=0.680 val_F1=0.8670 val_IoU=0.7653 (55s)
[E7/80] loss=0.670 val_F1=0.8590 val_IoU=0.7528 (53s)
[E8/80] loss=0.655 val_F1=0.8769 val_IoU=0.7809 (53s)
[E9/80] loss=0.647 val_F1=0.8240 val_IoU=0.7006 (53s)
[E10/80] loss=0.617 val_F1=0.8685 val_IoU=0.7676 (52s)
[E11/80] loss=0.639 val_F1=0.8709 val_IoU=0.7713 (53s)
[E12/80] loss=0.618 val_F1=0.8462 val_IoU=0.7334 (54s)
[E13/80] loss=0.631 val_F1=0.8710 val_IoU=0.7715 (54s)
[E14/80] loss=0.605 val_F1=0.8773 val_IoU=0.7814 (55s)
[E15/80] loss=0.601 val_F1=0.8803 val_IoU=0.7861 (53s)
[E16/80] loss=0.602 val_F1=0.8795 val_IoU=0.7849 (55s)
[E17/80] loss=0.589 val_F1=0.8758 val_IoU=0.7790 (54s)
[E18/80] loss=0.583 val_F1=0.8725 val_IoU=0.7739 (53s)
[E19/80] loss=0.593 val_F1=0.8771 val_IoU=0.7811 (53s)
[E20/80] loss=0.573 val_F1=0.8859 val_IoU=0.7951 (53s)
[E21/80] loss=0.575 val_F1=0.8749 val_IoU=0.7776 (53s)
[E22/80] loss=0.575 val_F1=0.8889 val_IoU=0.8001 (53s)
[E23/80] loss=0.576 val_F1=0.8825 val_IoU=0.7897 (53s)
[E24/80] loss=0.564 val_F1=0.8826 val_IoU=0.7899 (52s)
[E25/80] loss=0.571 val_F1=0.8865 val_IoU=0.7961 (54s)
[E26/80] loss=0.554 val_F1=0.8836 val_IoU=0.7914 (53s)
[E27/80] loss=0.578 val_F1=0.8857 val_IoU=0.7949 (55s)
[E28/80] loss=0.559 val_F1=0.8817 val_IoU=0.7885 (55s)
[E29/80] loss=0.552 val_F1=0.8869 val_IoU=0.7967 (53s)
[E30/80] loss=0.548 val_F1=0.8886 val_IoU=0.7996 (53s)
[E31/80] loss=0.542 val_F1=0.8890 val_IoU=0.8003 (52s)
[E32/80] loss=0.530 val_F1=0.8812 val_IoU=0.7876 (53s)
[E33/80] loss=0.532 val_F1=0.8839 val_IoU=0.7920 (54s)
[E34/80] loss=0.525 val_F1=0.8937 val_IoU=0.8078 (54s)
[E35/80] loss=0.517 val_F1=0.8923 val_IoU=0.8056 (54s)
[E36/80] loss=0.517 val_F1=0.8916 val_IoU=0.8043 (55s)
[E37/80] loss=0.538 val_F1=0.8934 val_IoU=0.8073 (52s)
[E38/80] loss=0.530 val_F1=0.8924 val_IoU=0.8058 (54s)
[E39/80] loss=0.508 val_F1=0.8957 val_IoU=0.8111 (54s)
[E40/80] loss=0.521 val_F1=0.8928 val_IoU=0.8063 (52s)
[E41/80] loss=0.504 val_F1=0.8924 val_IoU=0.8057 (55s)
[E42/80] loss=0.511 val_F1=0.8931 val_IoU=0.8068 (54s)
[E43/80] loss=0.508 val_F1=0.8975 val_IoU=0.8141 (54s)
[E44/80] loss=0.510 val_F1=0.8990 val_IoU=0.8166 (52s)
[E45/80] loss=0.497 val_F1=0.8946 val_IoU=0.8092 (54s)
[E46/80] loss=0.497 val_F1=0.8977 val_IoU=0.8144 (53s)
[E47/80] loss=0.497 val_F1=0.8912 val_IoU=0.8038 (53s)
[E48/80] loss=0.500 val_F1=0.8966 val_IoU=0.8126 (56s)
[E49/80] loss=0.498 val_F1=0.8931 val_IoU=0.8069 (54s)
[E50/80] loss=0.493 val_F1=0.8960 val_IoU=0.8116 (53s)
[E51/80] loss=0.491 val_F1=0.8927 val_IoU=0.8062 (62s)
[E52/80] loss=0.489 val_F1=0.8973 val_IoU=0.8138 (53s)
[E53/80] loss=0.486 val_F1=0.8944 val_IoU=0.8089 (53s)
[E54/80] loss=0.482 val_F1=0.8966 val_IoU=0.8125 (56s)
[E55/80] loss=0.483 val_F1=0.8967 val_IoU=0.8128 (54s)
[E56/80] loss=0.482 val_F1=0.8985 val_IoU=0.8157 (53s)
[E57/80] loss=0.478 val_F1=0.8974 val_IoU=0.8139 (53s)
[E58/80] loss=0.482 val_F1=0.8973 val_IoU=0.8137 (53s)
[E59/80] loss=0.477 val_F1=0.8970 val_IoU=0.8132 (54s)
[E60/80] loss=0.471 val_F1=0.8972 val_IoU=0.8135 (52s)
[E61/80] loss=0.470 val_F1=0.8956 val_IoU=0.8110 (54s)
[E62/80] loss=0.468 val_F1=0.8963 val_IoU=0.8121 (54s)
[E63/80] loss=0.469 val_F1=0.8971 val_IoU=0.8134 (53s)
[E64/80] loss=0.465 val_F1=0.8957 val_IoU=0.8111 (54s)
[E65/80] loss=0.468 val_F1=0.8965 val_IoU=0.8125 (59s)
[E66/80] loss=0.463 val_F1=0.8961 val_IoU=0.8117 (62s)
[E67/80] loss=0.462 val_F1=0.8964 val_IoU=0.8122 (53s)
[E68/80] loss=0.462 val_F1=0.8970 val_IoU=0.8133 (55s)
[E69/80] loss=0.464 val_F1=0.8974 val_IoU=0.8139 (53s)
[E70/80] loss=0.462 val_F1=0.8976 val_IoU=0.8143 (56s)
[E71/80] loss=0.462 val_F1=0.8975 val_IoU=0.8141 (53s)
[E72/80] loss=0.462 val_F1=0.8974 val_IoU=0.8138 (53s)
[E73/80] loss=0.460 val_F1=0.8978 val_IoU=0.8146 (53s)
[E74/80] loss=0.460 val_F1=0.8966 val_IoU=0.8125 (52s)
[E75/80] loss=0.461 val_F1=0.8965 val_IoU=0.8125 (54s)
[E76/80] loss=0.461 val_F1=0.8974 val_IoU=0.8140 (51s)
[E77/80] loss=0.461 val_F1=0.8967 val_IoU=0.8128 (53s)
[E78/80] loss=0.460 val_F1=0.8965 val_IoU=0.8125 (54s)
[E79/80] loss=0.460 val_F1=0.8972 val_IoU=0.8136 (54s)
[E80/80] loss=0.460 val_F1=0.8973 val_IoU=0.8137 (54s)

=== TEST (dcff_pw2) === F1=0.8940 IoU=0.8083 P=0.8849 R=0.9032  (best val@ep44)
[ALL_DONE]
== dcff pw1 ==
Warning: You are sending unauthenticated requests to the HF Hub. Please set a HF_TOKEN to enable higher rate limits and faster downloads.
[LOG] dcff params=13.60M device=cuda train=7120 val=1024 test=2048
/root/gf/code/train.py:115: UserWarning: Converting a tensor with requires_grad=True to a scalar may lead to unexpected behavior.
Consider using tensor.detach() first. (Triggered internally at /pytorch/torch/csrc/autograd/generated/python_variable_methods.cpp:838.)
  tot += float(loss)
[E1/80] loss=2.271 val_F1=0.8035 val_IoU=0.6715 (56s)
[E2/80] loss=1.783 val_F1=0.8564 val_IoU=0.7488 (54s)
[E3/80] loss=0.991 val_F1=0.8460 val_IoU=0.7330 (54s)
[E4/80] loss=0.715 val_F1=0.8360 val_IoU=0.7183 (57s)
[E5/80] loss=0.669 val_F1=0.8519 val_IoU=0.7420 (55s)
[E6/80] loss=0.650 val_F1=0.8683 val_IoU=0.7672 (54s)
[E7/80] loss=0.629 val_F1=0.8483 val_IoU=0.7365 (53s)
[E8/80] loss=0.624 val_F1=0.8697 val_IoU=0.7694 (53s)
[E9/80] loss=0.584 val_F1=0.8681 val_IoU=0.7669 (54s)
[E10/80] loss=0.572 val_F1=0.8738 val_IoU=0.7759 (52s)
[E11/80] loss=0.612 val_F1=0.8605 val_IoU=0.7551 (54s)
[E12/80] loss=0.597 val_F1=0.8602 val_IoU=0.7546 (53s)
[E13/80] loss=0.581 val_F1=0.8758 val_IoU=0.7791 (54s)
[E14/80] loss=0.565 val_F1=0.8694 val_IoU=0.7690 (53s)
[E15/80] loss=0.578 val_F1=0.8785 val_IoU=0.7833 (54s)
[E16/80] loss=0.574 val_F1=0.8668 val_IoU=0.7649 (53s)
[E17/80] loss=0.567 val_F1=0.8548 val_IoU=0.7464 (52s)
[E18/80] loss=0.556 val_F1=0.8754 val_IoU=0.7784 (54s)
[E19/80] loss=0.557 val_F1=0.8833 val_IoU=0.7910 (54s)
[E20/80] loss=0.545 val_F1=0.8779 val_IoU=0.7823 (53s)
[E21/80] loss=0.534 val_F1=0.8695 val_IoU=0.7691 (53s)
[E22/80] loss=0.553 val_F1=0.8857 val_IoU=0.7949 (52s)
[E23/80] loss=0.547 val_F1=0.8783 val_IoU=0.7830 (53s)
[E24/80] loss=0.548 val_F1=0.8858 val_IoU=0.7951 (55s)
[E25/80] loss=0.535 val_F1=0.8838 val_IoU=0.7918 (54s)
[E26/80] loss=0.531 val_F1=0.8813 val_IoU=0.7877 (52s)
[E27/80] loss=0.539 val_F1=0.8771 val_IoU=0.7810 (53s)
[E28/80] loss=0.536 val_F1=0.8813 val_IoU=0.7878 (54s)
[E29/80] loss=0.542 val_F1=0.8821 val_IoU=0.7891 (52s)
[E30/80] loss=0.532 val_F1=0.8856 val_IoU=0.7948 (55s)
[E31/80] loss=0.521 val_F1=0.8903 val_IoU=0.8023 (53s)
[E32/80] loss=0.518 val_F1=0.8842 val_IoU=0.7924 (54s)
[E33/80] loss=0.512 val_F1=0.8875 val_IoU=0.7977 (54s)
[E34/80] loss=0.514 val_F1=0.8875 val_IoU=0.7977 (53s)
[E35/80] loss=0.510 val_F1=0.8867 val_IoU=0.7964 (54s)
[E36/80] loss=0.502 val_F1=0.8913 val_IoU=0.8040 (53s)
[E37/80] loss=0.504 val_F1=0.8927 val_IoU=0.8063 (55s)
[E38/80] loss=0.502 val_F1=0.8894 val_IoU=0.8009 (53s)
[E39/80] loss=0.488 val_F1=0.8921 val_IoU=0.8052 (53s)
[E40/80] loss=0.500 val_F1=0.8935 val_IoU=0.8074 (53s)
[E41/80] loss=0.488 val_F1=0.8931 val_IoU=0.8069 (55s)
[E42/80] loss=0.480 val_F1=0.8923 val_IoU=0.8056 (55s)
[E43/80] loss=0.489 val_F1=0.8950 val_IoU=0.8100 (55s)
[E44/80] loss=0.484 val_F1=0.8934 val_IoU=0.8073 (53s)
[E45/80] loss=0.474 val_F1=0.8912 val_IoU=0.8037 (54s)
[E46/80] loss=0.479 val_F1=0.8918 val_IoU=0.8047 (54s)
[E47/80] loss=0.478 val_F1=0.8937 val_IoU=0.8079 (53s)
[E48/80] loss=0.469 val_F1=0.8959 val_IoU=0.8114 (59s)
[E49/80] loss=0.471 val_F1=0.8903 val_IoU=0.8023 (53s)
[E50/80] loss=0.465 val_F1=0.8928 val_IoU=0.8064 (55s)
[E51/80] loss=0.459 val_F1=0.8952 val_IoU=0.8102 (53s)
[E52/80] loss=0.461 val_F1=0.8947 val_IoU=0.8095 (53s)
[E53/80] loss=0.460 val_F1=0.8937 val_IoU=0.8078 (53s)
[E54/80] loss=0.466 val_F1=0.8934 val_IoU=0.8074 (53s)
[E55/80] loss=0.465 val_F1=0.8947 val_IoU=0.8094 (53s)
[E56/80] loss=0.456 val_F1=0.8955 val_IoU=0.8108 (55s)
[E57/80] loss=0.451 val_F1=0.8943 val_IoU=0.8088 (53s)
[E58/80] loss=0.462 val_F1=0.8952 val_IoU=0.8103 (54s)
[E59/80] loss=0.455 val_F1=0.8956 val_IoU=0.8110 (54s)
[E60/80] loss=0.448 val_F1=0.8954 val_IoU=0.8106 (56s)
[E61/80] loss=0.448 val_F1=0.8924 val_IoU=0.8058 (53s)
[E62/80] loss=0.443 val_F1=0.8953 val_IoU=0.8104 (54s)
[E63/80] loss=0.451 val_F1=0.8941 val_IoU=0.8084 (53s)
[E64/80] loss=0.443 val_F1=0.8939 val_IoU=0.8082 (55s)
[E65/80] loss=0.444 val_F1=0.8963 val_IoU=0.8120 (54s)
[E66/80] loss=0.441 val_F1=0.8967 val_IoU=0.8127 (54s)
[E67/80] loss=0.441 val_F1=0.8961 val_IoU=0.8117 (52s)
[E68/80] loss=0.444 val_F1=0.8964 val_IoU=0.8123 (53s)
[E69/80] loss=0.441 val_F1=0.8970 val_IoU=0.8132 (53s)
[E70/80] loss=0.441 val_F1=0.8967 val_IoU=0.8127 (53s)
[E71/80] loss=0.440 val_F1=0.8970 val_IoU=0.8133 (54s)
[E72/80] loss=0.440 val_F1=0.8975 val_IoU=0.8140 (54s)
[E73/80] loss=0.435 val_F1=0.8982 val_IoU=0.8152 (54s)
[E74/80] loss=0.440 val_F1=0.8981 val_IoU=0.8151 (54s)
[E75/80] loss=0.439 val_F1=0.8972 val_IoU=0.8136 (54s)
[E76/80] loss=0.439 val_F1=0.8980 val_IoU=0.8149 (53s)
[E77/80] loss=0.442 val_F1=0.8981 val_IoU=0.8150 (54s)
[E78/80] loss=0.439 val_F1=0.8974 val_IoU=0.8139 (53s)
[E79/80] loss=0.439 val_F1=0.8984 val_IoU=0.8155 (54s)
[E80/80] loss=0.436 val_F1=0.8977 val_IoU=0.8144 (56s)

=== TEST (dcff_pw1) === F1=0.8940 IoU=0.8083 P=0.9072 R=0.8811  (best val@ep79)
[ALL_DONE]
== fcsiam ==
Warning: You are sending unauthenticated requests to the HF Hub. Please set a HF_TOKEN to enable higher rate limits and faster downloads.
[LOG] fcsiam params=0.49M device=cuda train=7120 val=1024 test=2048
/root/gf/code/train.py:115: UserWarning: Converting a tensor with requires_grad=True to a scalar may lead to unexpected behavior.
Consider using tensor.detach() first. (Triggered internally at /pytorch/torch/csrc/autograd/generated/python_variable_methods.cpp:838.)
  tot += float(loss)
[E1/80] loss=1.312 val_F1=0.3865 val_IoU=0.2396 (31s)
[E2/80] loss=0.983 val_F1=0.6410 val_IoU=0.4717 (30s)
[E3/80] loss=0.899 val_F1=0.4977 val_IoU=0.3313 (29s)
[E4/80] loss=0.863 val_F1=0.6849 val_IoU=0.5208 (30s)
[E5/80] loss=0.836 val_F1=0.6632 val_IoU=0.4961 (30s)
[E6/80] loss=0.738 val_F1=0.5268 val_IoU=0.3576 (29s)
[E7/80] loss=0.550 val_F1=0.6753 val_IoU=0.5098 (29s)
[E8/80] loss=0.469 val_F1=0.6845 val_IoU=0.5203 (29s)
[E9/80] loss=0.431 val_F1=0.7417 val_IoU=0.5895 (30s)
[E10/80] loss=0.418 val_F1=0.6697 val_IoU=0.5034 (30s)
[E11/80] loss=0.405 val_F1=0.5407 val_IoU=0.3705 (30s)
[E12/80] loss=0.377 val_F1=0.6799 val_IoU=0.5151 (30s)
[E13/80] loss=0.385 val_F1=0.5866 val_IoU=0.4150 (31s)
[E14/80] loss=0.376 val_F1=0.7827 val_IoU=0.6430 (30s)
[E15/80] loss=0.365 val_F1=0.7344 val_IoU=0.5803 (29s)
[E16/80] loss=0.358 val_F1=0.7772 val_IoU=0.6356 (30s)
[E17/80] loss=0.357 val_F1=0.8178 val_IoU=0.6918 (29s)
[E18/80] loss=0.356 val_F1=0.7378 val_IoU=0.5846 (34s)
[E19/80] loss=0.347 val_F1=0.8007 val_IoU=0.6677 (30s)
[E20/80] loss=0.340 val_F1=0.8045 val_IoU=0.6729 (30s)
[E21/80] loss=0.340 val_F1=0.8324 val_IoU=0.7129 (30s)
[E22/80] loss=0.338 val_F1=0.8235 val_IoU=0.7000 (30s)
[E23/80] loss=0.334 val_F1=0.7794 val_IoU=0.6385 (30s)
[E24/80] loss=0.340 val_F1=0.7937 val_IoU=0.6580 (30s)
[E25/80] loss=0.321 val_F1=0.8299 val_IoU=0.7093 (30s)
[E26/80] loss=0.328 val_F1=0.7711 val_IoU=0.6275 (35s)
[E27/80] loss=0.323 val_F1=0.8270 val_IoU=0.7050 (29s)
[E28/80] loss=0.319 val_F1=0.7945 val_IoU=0.6590 (29s)
[E29/80] loss=0.316 val_F1=0.8097 val_IoU=0.6802 (29s)
[E30/80] loss=0.317 val_F1=0.8274 val_IoU=0.7056 (29s)
[E31/80] loss=0.319 val_F1=0.7817 val_IoU=0.6416 (30s)
[E32/80] loss=0.310 val_F1=0.8365 val_IoU=0.7189 (30s)
[E33/80] loss=0.310 val_F1=0.8155 val_IoU=0.6884 (29s)
[E34/80] loss=0.306 val_F1=0.7833 val_IoU=0.6438 (30s)
[E35/80] loss=0.306 val_F1=0.8316 val_IoU=0.7117 (34s)
[E36/80] loss=0.299 val_F1=0.8177 val_IoU=0.6916 (29s)
[E37/80] loss=0.295 val_F1=0.8206 val_IoU=0.6957 (29s)
[E38/80] loss=0.297 val_F1=0.7940 val_IoU=0.6584 (29s)
[E39/80] loss=0.296 val_F1=0.8184 val_IoU=0.6926 (29s)
[E40/80] loss=0.292 val_F1=0.7128 val_IoU=0.5538 (29s)
[E41/80] loss=0.292 val_F1=0.8059 val_IoU=0.6749 (29s)
[E42/80] loss=0.289 val_F1=0.8392 val_IoU=0.7230 (30s)
[E43/80] loss=0.286 val_F1=0.8469 val_IoU=0.7344 (32s)
[E44/80] loss=0.283 val_F1=0.8040 val_IoU=0.6722 (31s)
[E45/80] loss=0.280 val_F1=0.8442 val_IoU=0.7304 (37s)
[E46/80] loss=0.285 val_F1=0.8179 val_IoU=0.6920 (31s)
[E47/80] loss=0.281 val_F1=0.8442 val_IoU=0.7304 (38s)
[E48/80] loss=0.276 val_F1=0.8358 val_IoU=0.7179 (31s)
[E49/80] loss=0.277 val_F1=0.8415 val_IoU=0.7264 (36s)
[E50/80] loss=0.269 val_F1=0.8162 val_IoU=0.6895 (36s)
[E51/80] loss=0.268 val_F1=0.7904 val_IoU=0.6534 (31s)
[E52/80] loss=0.271 val_F1=0.8298 val_IoU=0.7091 (29s)
[E53/80] loss=0.267 val_F1=0.8016 val_IoU=0.6688 (35s)
[E54/80] loss=0.265 val_F1=0.8586 val_IoU=0.7522 (30s)
[E55/80] loss=0.267 val_F1=0.8291 val_IoU=0.7081 (35s)
[E56/80] loss=0.264 val_F1=0.8168 val_IoU=0.6904 (35s)
[E57/80] loss=0.259 val_F1=0.8502 val_IoU=0.7395 (29s)
[E58/80] loss=0.262 val_F1=0.8425 val_IoU=0.7279 (34s)
[E59/80] loss=0.260 val_F1=0.8411 val_IoU=0.7258 (33s)
[E60/80] loss=0.259 val_F1=0.8137 val_IoU=0.6858 (31s)
[E61/80] loss=0.257 val_F1=0.8049 val_IoU=0.6735 (30s)
[E62/80] loss=0.257 val_F1=0.8356 val_IoU=0.7176 (30s)
[E63/80] loss=0.254 val_F1=0.8437 val_IoU=0.7296 (31s)
[E64/80] loss=0.255 val_F1=0.8498 val_IoU=0.7389 (32s)
[E65/80] loss=0.254 val_F1=0.8307 val_IoU=0.7104 (29s)
[E66/80] loss=0.254 val_F1=0.8521 val_IoU=0.7423 (31s)
[E67/80] loss=0.251 val_F1=0.8384 val_IoU=0.7217 (35s)
[E68/80] loss=0.250 val_F1=0.8513 val_IoU=0.7411 (33s)
[E69/80] loss=0.251 val_F1=0.8504 val_IoU=0.7398 (30s)
[E70/80] loss=0.249 val_F1=0.8344 val_IoU=0.7159 (30s)
[E71/80] loss=0.249 val_F1=0.8480 val_IoU=0.7361 (31s)
[E72/80] loss=0.248 val_F1=0.8341 val_IoU=0.7154 (36s)
[E73/80] loss=0.249 val_F1=0.8365 val_IoU=0.7189 (30s)
[E74/80] loss=0.248 val_F1=0.8259 val_IoU=0.7034 (35s)
[E75/80] loss=0.247 val_F1=0.8442 val_IoU=0.7304 (37s)
[E76/80] loss=0.246 val_F1=0.8415 val_IoU=0.7263 (30s)
[E77/80] loss=0.246 val_F1=0.8267 val_IoU=0.7047 (30s)
[E78/80] loss=0.246 val_F1=0.8424 val_IoU=0.7278 (30s)
[E79/80] loss=0.246 val_F1=0.8455 val_IoU=0.7324 (29s)
[E80/80] loss=0.248 val_F1=0.8395 val_IoU=0.7233 (35s)

=== TEST (fcsiam) === F1=0.8531 IoU=0.7438 P=0.8860 R=0.8225  (best val@ep54)
[ALL_DONE]
ALL_TRAINING_DONE
