=== DCFF-Net ===
Warning: You are sending unauthenticated requests to the HF Hub. Please set a HF_TOKEN to enable higher rate limits and faster downloads.
Using the latest cached version of the dataset since ericyu/LEVIRCD_Cropped_256 couldn't be found on the Hugging Face Hub
Found the latest cached dataset configuration 'default' at /root/gf/hf/datasets/ericyu___levircd_cropped_256/default/0.0.0/70f91f6cc678c6c64516b37a48ec1374e2d52a5b (last modified on Tue Jul 21 02:01:32 2026).
[LOG] dcff params=13.60M device=cuda train=7120 val=1024 test=2048
/root/gf/code/train.py:114: UserWarning: Converting a tensor with requires_grad=True to a scalar may lead to unexpected behavior.
Consider using tensor.detach() first. (Triggered internally at /pytorch/torch/csrc/autograd/generated/python_variable_methods.cpp:838.)
  tot += float(loss)
[E1/100] loss=2.675 val_F1=0.8161 val_IoU=0.6893 (55s)
[E2/100] loss=2.122 val_F1=0.8371 val_IoU=0.7198 (51s)
[E3/100] loss=1.569 val_F1=0.8347 val_IoU=0.7163 (53s)
[E4/100] loss=1.175 val_F1=0.8319 val_IoU=0.7122 (52s)
[E5/100] loss=1.024 val_F1=0.7994 val_IoU=0.6659 (53s)
[E6/100] loss=0.983 val_F1=0.8348 val_IoU=0.7165 (55s)
[E7/100] loss=0.965 val_F1=0.8260 val_IoU=0.7036 (54s)
[E8/100] loss=0.920 val_F1=0.8651 val_IoU=0.7623 (55s)
[E9/100] loss=0.958 val_F1=0.7992 val_IoU=0.6655 (55s)
[E10/100] loss=0.903 val_F1=0.8273 val_IoU=0.7054 (55s)
[E11/100] loss=0.888 val_F1=0.7952 val_IoU=0.6600 (55s)
[E12/100] loss=0.887 val_F1=0.8579 val_IoU=0.7511 (53s)
[E13/100] loss=0.846 val_F1=0.8260 val_IoU=0.7035 (54s)
[E14/100] loss=0.847 val_F1=0.8583 val_IoU=0.7517 (53s)
[E15/100] loss=0.854 val_F1=0.8435 val_IoU=0.7294 (52s)
[E16/100] loss=0.841 val_F1=0.8661 val_IoU=0.7638 (53s)
[E17/100] loss=0.826 val_F1=0.8686 val_IoU=0.7677 (55s)
[E18/100] loss=0.837 val_F1=0.8529 val_IoU=0.7435 (53s)
[E19/100] loss=0.862 val_F1=0.8489 val_IoU=0.7374 (54s)
[E20/100] loss=0.822 val_F1=0.8776 val_IoU=0.7818 (54s)
[E21/100] loss=0.792 val_F1=0.8541 val_IoU=0.7454 (52s)
[E22/100] loss=0.795 val_F1=0.8665 val_IoU=0.7644 (57s)
[E23/100] loss=0.786 val_F1=0.8444 val_IoU=0.7306 (61s)
[E24/100] loss=0.779 val_F1=0.8679 val_IoU=0.7667 (61s)
[E25/100] loss=0.773 val_F1=0.8674 val_IoU=0.7658 (56s)
[E26/100] loss=0.764 val_F1=0.8643 val_IoU=0.7610 (54s)
[E27/100] loss=0.759 val_F1=0.8616 val_IoU=0.7569 (55s)
[E28/100] loss=0.811 val_F1=0.8395 val_IoU=0.7235 (54s)
[E29/100] loss=0.769 val_F1=0.8439 val_IoU=0.7299 (56s)
[E30/100] loss=0.755 val_F1=0.8625 val_IoU=0.7582 (53s)
[E31/100] loss=0.742 val_F1=0.8603 val_IoU=0.7549 (58s)
[E32/100] loss=0.727 val_F1=0.8772 val_IoU=0.7812 (58s)
[E33/100] loss=0.722 val_F1=0.8598 val_IoU=0.7541 (62s)
[E34/100] loss=0.738 val_F1=0.8556 val_IoU=0.7477 (61s)
[E35/100] loss=0.747 val_F1=0.8607 val_IoU=0.7555 (59s)
[E36/100] loss=0.720 val_F1=0.8704 val_IoU=0.7706 (56s)
[E37/100] loss=0.715 val_F1=0.8675 val_IoU=0.7659 (58s)
[E38/100] loss=0.716 val_F1=0.8605 val_IoU=0.7551 (53s)
[E39/100] loss=0.700 val_F1=0.8680 val_IoU=0.7668 (53s)
[E40/100] loss=0.730 val_F1=0.8710 val_IoU=0.7714 (54s)
[E41/100] loss=0.716 val_F1=0.8564 val_IoU=0.7488 (53s)
[E42/100] loss=0.696 val_F1=0.8732 val_IoU=0.7749 (56s)
[E43/100] loss=0.707 val_F1=0.8779 val_IoU=0.7823 (56s)
[E44/100] loss=0.696 val_F1=0.8809 val_IoU=0.7872 (56s)
[E45/100] loss=0.682 val_F1=0.8772 val_IoU=0.7812 (54s)
[E46/100] loss=0.685 val_F1=0.8688 val_IoU=0.7681 (57s)
[E47/100] loss=0.678 val_F1=0.8756 val_IoU=0.7788 (54s)
[E48/100] loss=0.681 val_F1=0.8744 val_IoU=0.7768 (55s)
[E49/100] loss=0.682 val_F1=0.8679 val_IoU=0.7666 (54s)
[E50/100] loss=0.682 val_F1=0.8774 val_IoU=0.7816 (56s)
[E51/100] loss=0.663 val_F1=0.8735 val_IoU=0.7754 (55s)
[E52/100] loss=0.673 val_F1=0.8751 val_IoU=0.7780 (54s)
[E53/100] loss=0.657 val_F1=0.8704 val_IoU=0.7705 (54s)
[E54/100] loss=0.665 val_F1=0.8772 val_IoU=0.7812 (54s)
[E55/100] loss=0.658 val_F1=0.8673 val_IoU=0.7657 (54s)
[E56/100] loss=0.648 val_F1=0.8793 val_IoU=0.7845 (54s)
[E57/100] loss=0.684 val_F1=0.8771 val_IoU=0.7811 (54s)
[E58/100] loss=0.646 val_F1=0.8787 val_IoU=0.7837 (55s)
[E59/100] loss=0.641 val_F1=0.8708 val_IoU=0.7711 (54s)
[E60/100] loss=0.645 val_F1=0.8750 val_IoU=0.7778 (56s)
[E61/100] loss=0.634 val_F1=0.8802 val_IoU=0.7860 (55s)
[E62/100] loss=0.633 val_F1=0.8684 val_IoU=0.7675 (55s)
[E63/100] loss=0.629 val_F1=0.8722 val_IoU=0.7734 (55s)
[E64/100] loss=0.634 val_F1=0.8682 val_IoU=0.7671 (55s)
[E65/100] loss=0.622 val_F1=0.8703 val_IoU=0.7703 (55s)
[E66/100] loss=0.623 val_F1=0.8793 val_IoU=0.7846 (53s)
[E67/100] loss=0.624 val_F1=0.8715 val_IoU=0.7723 (54s)
[E68/100] loss=0.623 val_F1=0.8802 val_IoU=0.7860 (55s)
[E69/100] loss=0.615 val_F1=0.8770 val_IoU=0.7810 (56s)
[E70/100] loss=0.612 val_F1=0.8757 val_IoU=0.7788 (55s)
[E71/100] loss=0.609 val_F1=0.8750 val_IoU=0.7778 (54s)
[E72/100] loss=0.607 val_F1=0.8769 val_IoU=0.7808 (54s)
[E73/100] loss=0.607 val_F1=0.8787 val_IoU=0.7836 (55s)
[E74/100] loss=0.600 val_F1=0.8773 val_IoU=0.7815 (55s)
[E75/100] loss=0.600 val_F1=0.8721 val_IoU=0.7732 (54s)
[E76/100] loss=0.596 val_F1=0.8756 val_IoU=0.7787 (54s)
[E77/100] loss=0.597 val_F1=0.8773 val_IoU=0.7814 (55s)
[E78/100] loss=0.597 val_F1=0.8778 val_IoU=0.7822 (54s)
[E79/100] loss=0.594 val_F1=0.8796 val_IoU=0.7852 (55s)
[E80/100] loss=0.593 val_F1=0.8793 val_IoU=0.7846 (54s)
[E81/100] loss=0.595 val_F1=0.8763 val_IoU=0.7799 (54s)
[E82/100] loss=0.593 val_F1=0.8771 val_IoU=0.7810 (53s)
[E83/100] loss=0.588 val_F1=0.8797 val_IoU=0.7852 (57s)
[E84/100] loss=0.590 val_F1=0.8798 val_IoU=0.7854 (54s)
[E85/100] loss=0.586 val_F1=0.8746 val_IoU=0.7772 (54s)
[E86/100] loss=0.591 val_F1=0.8780 val_IoU=0.7825 (55s)
[E87/100] loss=0.585 val_F1=0.8786 val_IoU=0.7835 (55s)
[E88/100] loss=0.587 val_F1=0.8770 val_IoU=0.7810 (54s)
[E89/100] loss=0.584 val_F1=0.8759 val_IoU=0.7791 (54s)
[E90/100] loss=0.584 val_F1=0.8783 val_IoU=0.7830 (55s)
[E91/100] loss=0.579 val_F1=0.8745 val_IoU=0.7770 (53s)
[E92/100] loss=0.583 val_F1=0.8768 val_IoU=0.7805 (51s)
[E93/100] loss=0.585 val_F1=0.8781 val_IoU=0.7827 (51s)
[E94/100] loss=0.582 val_F1=0.8760 val_IoU=0.7794 (53s)
[E95/100] loss=0.588 val_F1=0.8779 val_IoU=0.7823 (53s)
[E96/100] loss=0.581 val_F1=0.8763 val_IoU=0.7799 (53s)
[E97/100] loss=0.581 val_F1=0.8791 val_IoU=0.7842 (51s)
[E98/100] loss=0.584 val_F1=0.8762 val_IoU=0.7796 (52s)
[E99/100] loss=0.580 val_F1=0.8750 val_IoU=0.7778 (53s)
[E100/100] loss=0.583 val_F1=0.8771 val_IoU=0.7811 (53s)

=== TEST (dcff) === F1=0.8752 IoU=0.7781 P=0.8254 R=0.9314  (best val@ep44)
[ALL_DONE]
=== FC-Siam baseline ===
'_ssl.c:993: The handshake operation timed out' thrown while requesting HEAD https://huggingface.co/datasets/ericyu/LEVIRCD_Cropped_256/resolve/70f91f6cc678c6c64516b37a48ec1374e2d52a5b/LEVIRCD_Cropped_256.py
Retrying in 1s [Retry 1/5].
'_ssl.c:993: The handshake operation timed out' thrown while requesting HEAD https://huggingface.co/datasets/ericyu/LEVIRCD_Cropped_256/resolve/70f91f6cc678c6c64516b37a48ec1374e2d52a5b/LEVIRCD_Cropped_256.py
Retrying in 2s [Retry 2/5].
'_ssl.c:993: The handshake operation timed out' thrown while requesting HEAD https://huggingface.co/datasets/ericyu/LEVIRCD_Cropped_256/resolve/70f91f6cc678c6c64516b37a48ec1374e2d52a5b/LEVIRCD_Cropped_256.py
Retrying in 4s [Retry 3/5].
Warning: You are sending unauthenticated requests to the HF Hub. Please set a HF_TOKEN to enable higher rate limits and faster downloads.
