Warning: You are sending unauthenticated requests to the HF Hub. Please set a HF_TOKEN to enable higher rate limits and faster downloads.
[LOG] fcsiam params=0.49M device=cuda train=3600 val=340 test=48
/root/gf/code/train.py:129: UserWarning: Converting a tensor with requires_grad=True to a scalar may lead to unexpected behavior.
Consider using tensor.detach() first. (Triggered internally at /pytorch/torch/csrc/autograd/generated/python_variable_methods.cpp:838.)
  tot += float(loss)
[E1/60] loss=1.588 val_F1=0.5596 val_IoU=0.3885 (239s)
[E2/60] loss=1.459 val_F1=0.6608 val_IoU=0.4934 (237s)
[E3/60] loss=1.411 val_F1=0.5403 val_IoU=0.3701 (239s)
[E4/60] loss=1.375 val_F1=0.6921 val_IoU=0.5291 (237s)
[E5/60] loss=1.363 val_F1=0.6256 val_IoU=0.4552 (236s)
[E6/60] loss=1.333 val_F1=0.7086 val_IoU=0.5487 (240s)
[E7/60] loss=1.320 val_F1=0.6542 val_IoU=0.4861 (237s)
[E8/60] loss=1.297 val_F1=0.6737 val_IoU=0.5080 (237s)
[E9/60] loss=1.274 val_F1=0.6160 val_IoU=0.4451 (239s)
[E10/60] loss=1.264 val_F1=0.6029 val_IoU=0.4315 (236s)
[E11/60] loss=1.255 val_F1=0.6058 val_IoU=0.4345 (238s)
[E12/60] loss=1.241 val_F1=0.7080 val_IoU=0.5480 (239s)
[E13/60] loss=1.223 val_F1=0.7210 val_IoU=0.5637 (237s)
[E14/60] loss=1.217 val_F1=0.7362 val_IoU=0.5826 (238s)
[E15/60] loss=1.202 val_F1=0.7050 val_IoU=0.5444 (238s)
[E16/60] loss=1.196 val_F1=0.7373 val_IoU=0.5839 (237s)
[E17/60] loss=1.188 val_F1=0.6607 val_IoU=0.4934 (238s)
[E18/60] loss=1.174 val_F1=0.7364 val_IoU=0.5827 (237s)
[E19/60] loss=1.172 val_F1=0.7480 val_IoU=0.5974 (236s)
[E20/60] loss=1.162 val_F1=0.7437 val_IoU=0.5919 (238s)
[E21/60] loss=1.156 val_F1=0.7244 val_IoU=0.5679 (238s)
[E22/60] loss=1.143 val_F1=0.6898 val_IoU=0.5264 (237s)
[E23/60] loss=1.146 val_F1=0.7210 val_IoU=0.5638 (238s)
[E24/60] loss=1.130 val_F1=0.7408 val_IoU=0.5884 (237s)
[E25/60] loss=1.127 val_F1=0.7280 val_IoU=0.5723 (182s)
[E26/60] loss=1.123 val_F1=0.7397 val_IoU=0.5870 (179s)
[E27/60] loss=1.115 val_F1=0.7429 val_IoU=0.5910 (178s)
[E28/60] loss=1.109 val_F1=0.7371 val_IoU=0.5837 (179s)
[E29/60] loss=1.098 val_F1=0.7337 val_IoU=0.5794 (180s)
[E30/60] loss=1.097 val_F1=0.7333 val_IoU=0.5789 (178s)
[E31/60] loss=1.089 val_F1=0.6997 val_IoU=0.5381 (178s)
[E32/60] loss=1.080 val_F1=0.6985 val_IoU=0.5367 (179s)
[E33/60] loss=1.080 val_F1=0.7556 val_IoU=0.6071 (177s)
[E34/60] loss=1.072 val_F1=0.7325 val_IoU=0.5779 (178s)
[E35/60] loss=1.065 val_F1=0.7423 val_IoU=0.5903 (180s)
[E36/60] loss=1.058 val_F1=0.7331 val_IoU=0.5787 (177s)
[E37/60] loss=1.054 val_F1=0.7050 val_IoU=0.5444 (149s)
[E38/60] loss=1.054 val_F1=0.7331 val_IoU=0.5786 (120s)
[E39/60] loss=1.045 val_F1=0.7387 val_IoU=0.5857 (120s)
[E40/60] loss=1.043 val_F1=0.7455 val_IoU=0.5943 (121s)
[E41/60] loss=1.046 val_F1=0.7277 val_IoU=0.5720 (121s)
[E42/60] loss=1.039 val_F1=0.7411 val_IoU=0.5887 (120s)
[E43/60] loss=1.034 val_F1=0.7395 val_IoU=0.5866 (121s)
[E44/60] loss=1.027 val_F1=0.7457 val_IoU=0.5946 (121s)
[E45/60] loss=1.022 val_F1=0.7310 val_IoU=0.5761 (121s)
[E46/60] loss=1.024 val_F1=0.7419 val_IoU=0.5898 (120s)
[E47/60] loss=1.018 val_F1=0.7470 val_IoU=0.5962 (120s)
[E48/60] loss=1.019 val_F1=0.7403 val_IoU=0.5876 (121s)
[E49/60] loss=1.014 val_F1=0.7446 val_IoU=0.5931 (121s)
[E50/60] loss=1.016 val_F1=0.7409 val_IoU=0.5884 (120s)
[E51/60] loss=1.011 val_F1=0.7519 val_IoU=0.6025 (121s)
[E52/60] loss=1.009 val_F1=0.7481 val_IoU=0.5976 (121s)
[E53/60] loss=1.011 val_F1=0.7468 val_IoU=0.5959 (120s)
[E54/60] loss=1.005 val_F1=0.7200 val_IoU=0.5625 (120s)
[E55/60] loss=1.009 val_F1=0.7434 val_IoU=0.5916 (121s)
[E56/60] loss=1.007 val_F1=0.7245 val_IoU=0.5680 (120s)
[E57/60] loss=1.005 val_F1=0.7352 val_IoU=0.5813 (121s)
[E58/60] loss=1.003 val_F1=0.7327 val_IoU=0.5781 (120s)
[E59/60] loss=1.006 val_F1=0.7377 val_IoU=0.5844 (121s)
[E60/60] loss=1.004 val_F1=0.7380 val_IoU=0.5848 (120s)

=== TEST (dsifn512_fcsiam) === F1=0.5731 IoU=0.4016 P=0.5600 R=0.5867  (best val@ep33)
[ALL_DONE]
