Warning: You are sending unauthenticated requests to the HF Hub. Please set a HF_TOKEN to enable higher rate limits and faster downloads.
[LOG] dcff params=13.59M device=cuda train=3600 val=340 test=48
/root/gf/code/train.py:129: UserWarning: Converting a tensor with requires_grad=True to a scalar may lead to unexpected behavior.
Consider using tensor.detach() first. (Triggered internally at /pytorch/torch/csrc/autograd/generated/python_variable_methods.cpp:838.)
  tot += float(loss)
[E1/60] loss=1.963 val_F1=0.7914 val_IoU=0.6549 (140s)
[E2/60] loss=1.532 val_F1=0.8291 val_IoU=0.7082 (137s)
[E3/60] loss=1.312 val_F1=0.8595 val_IoU=0.7537 (137s)
[E4/60] loss=1.122 val_F1=0.8681 val_IoU=0.7670 (136s)
[E5/60] loss=1.024 val_F1=0.8665 val_IoU=0.7644 (136s)
[E6/60] loss=0.922 val_F1=0.8862 val_IoU=0.7956 (136s)
[E7/60] loss=0.829 val_F1=0.9027 val_IoU=0.8227 (136s)
[E8/60] loss=0.803 val_F1=0.9133 val_IoU=0.8405 (136s)
[E9/60] loss=0.743 val_F1=0.9203 val_IoU=0.8523 (136s)
[E10/60] loss=0.723 val_F1=0.9227 val_IoU=0.8565 (135s)
[E11/60] loss=0.655 val_F1=0.9114 val_IoU=0.8372 (135s)
[E12/60] loss=0.623 val_F1=0.9298 val_IoU=0.8688 (135s)
[E13/60] loss=0.616 val_F1=0.9290 val_IoU=0.8674 (135s)
[E14/60] loss=0.551 val_F1=0.9272 val_IoU=0.8642 (137s)
[E15/60] loss=0.509 val_F1=0.9324 val_IoU=0.8734 (139s)
[E16/60] loss=0.517 val_F1=0.9289 val_IoU=0.8672 (142s)
[E17/60] loss=0.493 val_F1=0.9226 val_IoU=0.8564 (139s)
[E18/60] loss=0.453 val_F1=0.9368 val_IoU=0.8811 (140s)
[E19/60] loss=0.484 val_F1=0.9465 val_IoU=0.8984 (142s)
[E20/60] loss=0.424 val_F1=0.9381 val_IoU=0.8835 (136s)
[E21/60] loss=0.422 val_F1=0.9362 val_IoU=0.8801 (144s)
[E22/60] loss=0.398 val_F1=0.9417 val_IoU=0.8899 (143s)
[E23/60] loss=0.377 val_F1=0.9459 val_IoU=0.8973 (143s)
[E24/60] loss=0.385 val_F1=0.9436 val_IoU=0.8933 (143s)
[E25/60] loss=0.362 val_F1=0.9507 val_IoU=0.9060 (143s)
[E26/60] loss=0.346 val_F1=0.9539 val_IoU=0.9118 (143s)
[E27/60] loss=0.345 val_F1=0.9480 val_IoU=0.9012 (143s)
[E28/60] loss=0.333 val_F1=0.9456 val_IoU=0.8968 (143s)
[E29/60] loss=0.323 val_F1=0.9540 val_IoU=0.9120 (142s)
[E30/60] loss=0.314 val_F1=0.9536 val_IoU=0.9114 (145s)
[E31/60] loss=0.311 val_F1=0.9549 val_IoU=0.9137 (142s)
[E32/60] loss=0.299 val_F1=0.9481 val_IoU=0.9013 (141s)
[E33/60] loss=0.297 val_F1=0.9559 val_IoU=0.9155 (145s)
[E34/60] loss=0.284 val_F1=0.9508 val_IoU=0.9063 (140s)
[E35/60] loss=0.278 val_F1=0.9596 val_IoU=0.9223 (142s)
[E36/60] loss=0.276 val_F1=0.9604 val_IoU=0.9238 (145s)
[E37/60] loss=0.269 val_F1=0.9602 val_IoU=0.9235 (141s)
[E38/60] loss=0.262 val_F1=0.9590 val_IoU=0.9212 (144s)
[E39/60] loss=0.255 val_F1=0.9632 val_IoU=0.9290 (142s)
[E40/60] loss=0.252 val_F1=0.9627 val_IoU=0.9281 (142s)
[E41/60] loss=0.249 val_F1=0.9561 val_IoU=0.9158 (145s)
[E42/60] loss=0.244 val_F1=0.9623 val_IoU=0.9273 (142s)
[E43/60] loss=0.242 val_F1=0.9608 val_IoU=0.9246 (143s)
[E44/60] loss=0.239 val_F1=0.9632 val_IoU=0.9290 (144s)
[E45/60] loss=0.235 val_F1=0.9638 val_IoU=0.9301 (141s)
[E46/60] loss=0.230 val_F1=0.9655 val_IoU=0.9332 (143s)
[E47/60] loss=0.229 val_F1=0.9646 val_IoU=0.9317 (144s)
[E48/60] loss=0.225 val_F1=0.9651 val_IoU=0.9325 (142s)
[E49/60] loss=0.225 val_F1=0.9651 val_IoU=0.9326 (142s)
[E50/60] loss=0.222 val_F1=0.9642 val_IoU=0.9309 (144s)
[E51/60] loss=0.221 val_F1=0.9655 val_IoU=0.9333 (142s)
[E52/60] loss=0.220 val_F1=0.9660 val_IoU=0.9343 (143s)
[E53/60] loss=0.219 val_F1=0.9660 val_IoU=0.9342 (144s)
[E54/60] loss=0.218 val_F1=0.9662 val_IoU=0.9346 (141s)
[E55/60] loss=0.215 val_F1=0.9670 val_IoU=0.9362 (143s)
[E56/60] loss=0.216 val_F1=0.9642 val_IoU=0.9309 (143s)
[E57/60] loss=0.214 val_F1=0.9646 val_IoU=0.9315 (141s)
[E58/60] loss=0.215 val_F1=0.9657 val_IoU=0.9338 (145s)
[E59/60] loss=0.215 val_F1=0.9667 val_IoU=0.9356 (141s)
[E60/60] loss=0.215 val_F1=0.9652 val_IoU=0.9328 (142s)

=== TEST (dsifn512_dcff) === F1=0.6546 IoU=0.4865 P=0.5377 R=0.8364  (best val@ep55)
[ALL_DONE]
