Warning: You are sending unauthenticated requests to the HF Hub. Please set a HF_TOKEN to enable higher rate limits and faster downloads.
[LOG] dcff params=13.59M device=cuda train=3600 val=340 test=48
/root/gf/code/train.py:128: UserWarning: Converting a tensor with requires_grad=True to a scalar may lead to unexpected behavior.
Consider using tensor.detach() first. (Triggered internally at /pytorch/torch/csrc/autograd/generated/python_variable_methods.cpp:838.)
  tot += float(loss)
[E1/100] loss=2.276 val_F1=0.6933 val_IoU=0.5306 (47s)
[E2/100] loss=1.937 val_F1=0.7604 val_IoU=0.6135 (37s)
[E3/100] loss=1.781 val_F1=0.7490 val_IoU=0.5987 (39s)
[E4/100] loss=1.682 val_F1=0.7528 val_IoU=0.6037 (37s)
[E5/100] loss=1.606 val_F1=0.7891 val_IoU=0.6516 (37s)
[E6/100] loss=1.530 val_F1=0.8451 val_IoU=0.7317 (40s)
[E7/100] loss=1.499 val_F1=0.8224 val_IoU=0.6984 (39s)
[E8/100] loss=1.456 val_F1=0.8470 val_IoU=0.7346 (40s)
[E9/100] loss=1.388 val_F1=0.8089 val_IoU=0.6791 (39s)
[E10/100] loss=1.380 val_F1=0.8492 val_IoU=0.7380 (40s)
[E11/100] loss=1.297 val_F1=0.8553 val_IoU=0.7473 (37s)
[E12/100] loss=1.299 val_F1=0.8185 val_IoU=0.6928 (39s)
[E13/100] loss=1.206 val_F1=0.8704 val_IoU=0.7705 (40s)
[E14/100] loss=1.171 val_F1=0.8845 val_IoU=0.7929 (36s)
[E15/100] loss=1.162 val_F1=0.8290 val_IoU=0.7079 (40s)
[E16/100] loss=1.132 val_F1=0.8618 val_IoU=0.7572 (37s)
[E17/100] loss=1.119 val_F1=0.8056 val_IoU=0.6745 (40s)
[E18/100] loss=1.065 val_F1=0.8816 val_IoU=0.7882 (39s)
[E19/100] loss=1.038 val_F1=0.8730 val_IoU=0.7747 (37s)
[E20/100] loss=1.032 val_F1=0.8801 val_IoU=0.7858 (39s)
[E21/100] loss=0.974 val_F1=0.8798 val_IoU=0.7854 (40s)
[E22/100] loss=0.968 val_F1=0.9039 val_IoU=0.8247 (39s)
[E23/100] loss=0.956 val_F1=0.8956 val_IoU=0.8109 (40s)
[E24/100] loss=0.950 val_F1=0.8948 val_IoU=0.8097 (40s)
[E25/100] loss=0.903 val_F1=0.8762 val_IoU=0.7797 (40s)
[E26/100] loss=0.891 val_F1=0.8981 val_IoU=0.8150 (37s)
[E27/100] loss=0.868 val_F1=0.9006 val_IoU=0.8192 (40s)
[E28/100] loss=0.863 val_F1=0.9166 val_IoU=0.8461 (37s)
[E29/100] loss=0.834 val_F1=0.9106 val_IoU=0.8359 (39s)
[E30/100] loss=0.864 val_F1=0.8756 val_IoU=0.7787 (39s)
[E31/100] loss=0.837 val_F1=0.9073 val_IoU=0.8304 (37s)
[E32/100] loss=0.848 val_F1=0.8913 val_IoU=0.8039 (40s)
[E33/100] loss=0.827 val_F1=0.8878 val_IoU=0.7982 (40s)
[E34/100] loss=0.806 val_F1=0.8929 val_IoU=0.8065 (39s)
[E35/100] loss=0.763 val_F1=0.9241 val_IoU=0.8588 (41s)
[E36/100] loss=0.801 val_F1=0.9037 val_IoU=0.8243 (36s)
[E37/100] loss=0.777 val_F1=0.8950 val_IoU=0.8100 (38s)
[E38/100] loss=0.729 val_F1=0.9087 val_IoU=0.8327 (38s)
[E39/100] loss=0.735 val_F1=0.8947 val_IoU=0.8094 (38s)
[E40/100] loss=0.722 val_F1=0.9058 val_IoU=0.8277 (40s)
[E41/100] loss=0.716 val_F1=0.9127 val_IoU=0.8394 (40s)
[E42/100] loss=0.702 val_F1=0.8984 val_IoU=0.8156 (38s)
[E43/100] loss=0.688 val_F1=0.9175 val_IoU=0.8476 (38s)
[E44/100] loss=0.701 val_F1=0.9153 val_IoU=0.8439 (40s)
[E45/100] loss=0.708 val_F1=0.8931 val_IoU=0.8068 (37s)
[E46/100] loss=0.657 val_F1=0.9156 val_IoU=0.8443 (39s)
[E47/100] loss=0.652 val_F1=0.9186 val_IoU=0.8495 (41s)
[E48/100] loss=0.660 val_F1=0.9183 val_IoU=0.8490 (38s)
[E49/100] loss=0.658 val_F1=0.9233 val_IoU=0.8574 (43s)
[E50/100] loss=0.646 val_F1=0.9158 val_IoU=0.8447 (39s)
[E51/100] loss=0.637 val_F1=0.9200 val_IoU=0.8519 (37s)
[E52/100] loss=0.633 val_F1=0.9280 val_IoU=0.8656 (39s)
[E53/100] loss=0.624 val_F1=0.9329 val_IoU=0.8742 (37s)
[E54/100] loss=0.618 val_F1=0.9248 val_IoU=0.8600 (38s)
[E55/100] loss=0.607 val_F1=0.9264 val_IoU=0.8630 (38s)
[E56/100] loss=0.597 val_F1=0.9344 val_IoU=0.8768 (40s)
[E57/100] loss=0.591 val_F1=0.9223 val_IoU=0.8559 (39s)
[E58/100] loss=0.595 val_F1=0.9241 val_IoU=0.8589 (39s)
[E59/100] loss=0.596 val_F1=0.9301 val_IoU=0.8694 (37s)
[E60/100] loss=0.568 val_F1=0.9302 val_IoU=0.8695 (38s)
[E61/100] loss=0.569 val_F1=0.9324 val_IoU=0.8733 (40s)
[E62/100] loss=0.578 val_F1=0.9350 val_IoU=0.8779 (37s)
[E63/100] loss=0.556 val_F1=0.9324 val_IoU=0.8733 (39s)
[E64/100] loss=0.571 val_F1=0.9267 val_IoU=0.8635 (43s)
[E65/100] loss=0.564 val_F1=0.9224 val_IoU=0.8561 (37s)
[E66/100] loss=0.563 val_F1=0.9210 val_IoU=0.8535 (39s)
[E67/100] loss=0.554 val_F1=0.9303 val_IoU=0.8697 (38s)
[E68/100] loss=0.563 val_F1=0.9265 val_IoU=0.8631 (37s)
[E69/100] loss=0.537 val_F1=0.9269 val_IoU=0.8637 (39s)
[E70/100] loss=0.539 val_F1=0.9305 val_IoU=0.8700 (41s)
[E71/100] loss=0.535 val_F1=0.9302 val_IoU=0.8695 (39s)
[E72/100] loss=0.552 val_F1=0.9295 val_IoU=0.8682 (39s)
[E73/100] loss=0.521 val_F1=0.9314 val_IoU=0.8715 (40s)
[E74/100] loss=0.525 val_F1=0.9294 val_IoU=0.8681 (37s)
[E75/100] loss=0.522 val_F1=0.9352 val_IoU=0.8782 (39s)
[E76/100] loss=0.516 val_F1=0.9368 val_IoU=0.8811 (39s)
[E77/100] loss=0.506 val_F1=0.9378 val_IoU=0.8828 (36s)
[E78/100] loss=0.510 val_F1=0.9383 val_IoU=0.8837 (40s)
[E79/100] loss=0.521 val_F1=0.9334 val_IoU=0.8752 (37s)
[E80/100] loss=0.516 val_F1=0.9358 val_IoU=0.8794 (39s)
[E81/100] loss=0.514 val_F1=0.9339 val_IoU=0.8760 (39s)
[E82/100] loss=0.502 val_F1=0.9372 val_IoU=0.8819 (37s)
[E83/100] loss=0.503 val_F1=0.9353 val_IoU=0.8784 (40s)
[E84/100] loss=0.494 val_F1=0.9342 val_IoU=0.8765 (38s)
[E85/100] loss=0.507 val_F1=0.9338 val_IoU=0.8759 (38s)
[E86/100] loss=0.490 val_F1=0.9355 val_IoU=0.8788 (42s)
[E87/100] loss=0.498 val_F1=0.9360 val_IoU=0.8797 (39s)
[E88/100] loss=0.493 val_F1=0.9362 val_IoU=0.8800 (38s)
[E89/100] loss=0.495 val_F1=0.9412 val_IoU=0.8889 (39s)
[E90/100] loss=0.495 val_F1=0.9388 val_IoU=0.8847 (39s)
[E91/100] loss=0.481 val_F1=0.9360 val_IoU=0.8798 (36s)
[E92/100] loss=0.489 val_F1=0.9325 val_IoU=0.8735 (39s)
[E93/100] loss=0.485 val_F1=0.9386 val_IoU=0.8842 (42s)
[E94/100] loss=0.492 val_F1=0.9334 val_IoU=0.8751 (37s)
[E95/100] loss=0.484 val_F1=0.9328 val_IoU=0.8741 (40s)
[E96/100] loss=0.483 val_F1=0.9341 val_IoU=0.8764 (43s)
[E97/100] loss=0.485 val_F1=0.9393 val_IoU=0.8855 (38s)
[E98/100] loss=0.497 val_F1=0.9372 val_IoU=0.8818 (38s)
[E99/100] loss=0.484 val_F1=0.9384 val_IoU=0.8840 (39s)
[E100/100] loss=0.497 val_F1=0.9354 val_IoU=0.8787 (38s)

=== TEST (dsifn_dcff) === F1=0.6100 IoU=0.4388 P=0.5058 R=0.7683  (best val@ep89)
[ALL_DONE]
