Warning: You are sending unauthenticated requests to the HF Hub. Please set a HF_TOKEN to enable higher rate limits and faster downloads.
[LOG] dcff params=13.59M device=cuda train=3654 val=1219 test=1218
/root/gf/code/train.py:131: UserWarning: Converting a tensor with requires_grad=True to a scalar may lead to unexpected behavior.
Consider using tensor.detach() first. (Triggered internally at /pytorch/torch/csrc/autograd/generated/python_variable_methods.cpp:838.)
  tot += float(loss)
[E1/300] loss=2.653 val_F1=0.5063 val_IoU=0.3390 (38s)
[E2/300] loss=2.174 val_F1=0.6352 val_IoU=0.4655 (35s)
[E3/300] loss=2.087 val_F1=0.6757 val_IoU=0.5103 (32s)
[E4/300] loss=2.030 val_F1=0.6213 val_IoU=0.4506 (33s)
[E5/300] loss=2.012 val_F1=0.7159 val_IoU=0.5576 (35s)
[E6/300] loss=1.938 val_F1=0.7124 val_IoU=0.5533 (33s)
[E7/300] loss=1.566 val_F1=0.5692 val_IoU=0.3978 (34s)
[E8/300] loss=0.972 val_F1=0.5804 val_IoU=0.4088 (35s)
[E9/300] loss=1.108 val_F1=0.5218 val_IoU=0.3530 (33s)
[E10/300] loss=0.889 val_F1=0.6733 val_IoU=0.5075 (32s)
[E11/300] loss=0.780 val_F1=0.4812 val_IoU=0.3168 (35s)
[E12/300] loss=0.825 val_F1=0.7216 val_IoU=0.5644 (33s)
[E13/300] loss=0.751 val_F1=0.6666 val_IoU=0.5000 (32s)
[E14/300] loss=0.740 val_F1=0.5759 val_IoU=0.4044 (35s)
[E15/300] loss=0.735 val_F1=0.6630 val_IoU=0.4959 (34s)
[E16/300] loss=0.822 val_F1=0.6923 val_IoU=0.5295 (31s)
[E17/300] loss=0.726 val_F1=0.7339 val_IoU=0.5796 (35s)
[E18/300] loss=0.673 val_F1=0.7212 val_IoU=0.5640 (34s)
[E19/300] loss=0.661 val_F1=0.7154 val_IoU=0.5569 (32s)
[E20/300] loss=0.649 val_F1=0.7139 val_IoU=0.5551 (35s)
[E21/300] loss=0.667 val_F1=0.7031 val_IoU=0.5421 (34s)
[E22/300] loss=0.644 val_F1=0.7200 val_IoU=0.5625 (31s)
[E23/300] loss=0.660 val_F1=0.7158 val_IoU=0.5574 (35s)
[E24/300] loss=0.632 val_F1=0.6783 val_IoU=0.5132 (35s)
[E25/300] loss=0.647 val_F1=0.7302 val_IoU=0.5751 (32s)
[E26/300] loss=0.697 val_F1=0.7277 val_IoU=0.5719 (34s)
[E27/300] loss=0.657 val_F1=0.6574 val_IoU=0.4897 (35s)
[E28/300] loss=0.660 val_F1=0.6333 val_IoU=0.4634 (32s)
[E29/300] loss=0.663 val_F1=0.6199 val_IoU=0.4492 (34s)
[E30/300] loss=0.606 val_F1=0.6908 val_IoU=0.5277 (35s)
[E31/300] loss=0.595 val_F1=0.6854 val_IoU=0.5214 (32s)
[E32/300] loss=0.582 val_F1=0.7514 val_IoU=0.6018 (33s)
[E33/300] loss=0.605 val_F1=0.7097 val_IoU=0.5500 (35s)
[E34/300] loss=0.640 val_F1=0.7350 val_IoU=0.5810 (32s)
[E35/300] loss=0.585 val_F1=0.7130 val_IoU=0.5540 (33s)
[E36/300] loss=0.576 val_F1=0.7224 val_IoU=0.5654 (35s)
[E37/300] loss=0.569 val_F1=0.7533 val_IoU=0.6042 (32s)
[E38/300] loss=0.553 val_F1=0.6963 val_IoU=0.5341 (33s)
[E39/300] loss=0.567 val_F1=0.7264 val_IoU=0.5704 (35s)
[E40/300] loss=0.592 val_F1=0.7291 val_IoU=0.5736 (32s)
[E41/300] loss=0.535 val_F1=0.7408 val_IoU=0.5882 (34s)
[E42/300] loss=0.534 val_F1=0.7385 val_IoU=0.5855 (35s)
[E43/300] loss=0.536 val_F1=0.7244 val_IoU=0.5679 (33s)
[E44/300] loss=0.529 val_F1=0.7653 val_IoU=0.6198 (34s)
[E45/300] loss=0.538 val_F1=0.7488 val_IoU=0.5984 (35s)
[E46/300] loss=0.520 val_F1=0.7541 val_IoU=0.6053 (33s)
[E47/300] loss=0.593 val_F1=0.7023 val_IoU=0.5412 (33s)
[E48/300] loss=0.541 val_F1=0.7547 val_IoU=0.6061 (35s)
[E49/300] loss=0.519 val_F1=0.7775 val_IoU=0.6361 (33s)
[E50/300] loss=0.522 val_F1=0.7716 val_IoU=0.6282 (34s)
[E51/300] loss=0.542 val_F1=0.7528 val_IoU=0.6036 (34s)
[E52/300] loss=0.543 val_F1=0.7373 val_IoU=0.5839 (33s)
[E53/300] loss=0.555 val_F1=0.7090 val_IoU=0.5492 (34s)
[E54/300] loss=0.532 val_F1=0.7249 val_IoU=0.5685 (37s)
[E55/300] loss=0.516 val_F1=0.7594 val_IoU=0.6121 (44s)
[E56/300] loss=0.501 val_F1=0.7748 val_IoU=0.6324 (42s)
[E57/300] loss=0.518 val_F1=0.7693 val_IoU=0.6251 (43s)
[E58/300] loss=0.528 val_F1=0.7479 val_IoU=0.5973 (43s)
[E59/300] loss=0.507 val_F1=0.7715 val_IoU=0.6281 (43s)
[E60/300] loss=0.514 val_F1=0.7506 val_IoU=0.6008 (43s)
[E61/300] loss=0.486 val_F1=0.7549 val_IoU=0.6063 (44s)
[E62/300] loss=0.486 val_F1=0.7652 val_IoU=0.6196 (43s)
[E63/300] loss=0.465 val_F1=0.7361 val_IoU=0.5824 (43s)
[E64/300] loss=0.477 val_F1=0.7292 val_IoU=0.5738 (45s)
[E65/300] loss=0.456 val_F1=0.7694 val_IoU=0.6252 (42s)
[E66/300] loss=0.473 val_F1=0.7152 val_IoU=0.5567 (44s)
[E67/300] loss=0.483 val_F1=0.7418 val_IoU=0.5896 (43s)
[E68/300] loss=0.459 val_F1=0.7714 val_IoU=0.6279 (43s)
[E69/300] loss=0.488 val_F1=0.7741 val_IoU=0.6315 (44s)
[E70/300] loss=0.469 val_F1=0.7189 val_IoU=0.5612 (43s)
[E71/300] loss=0.462 val_F1=0.7659 val_IoU=0.6206 (44s)
[E72/300] loss=0.474 val_F1=0.7670 val_IoU=0.6220 (42s)
[E73/300] loss=0.458 val_F1=0.7553 val_IoU=0.6068 (43s)
[E74/300] loss=0.460 val_F1=0.7811 val_IoU=0.6409 (44s)
[E75/300] loss=0.474 val_F1=0.7553 val_IoU=0.6068 (43s)
[E76/300] loss=0.446 val_F1=0.7679 val_IoU=0.6232 (43s)
[E77/300] loss=0.443 val_F1=0.7660 val_IoU=0.6208 (44s)
[E78/300] loss=0.455 val_F1=0.7816 val_IoU=0.6415 (42s)
[E79/300] loss=0.441 val_F1=0.7460 val_IoU=0.5949 (43s)
[E80/300] loss=0.466 val_F1=0.7766 val_IoU=0.6348 (44s)
[E81/300] loss=0.455 val_F1=0.7856 val_IoU=0.6468 (42s)
[E82/300] loss=0.425 val_F1=0.7841 val_IoU=0.6449 (45s)
[E83/300] loss=0.460 val_F1=0.7677 val_IoU=0.6230 (42s)
[E84/300] loss=0.423 val_F1=0.7780 val_IoU=0.6366 (43s)
[E85/300] loss=0.422 val_F1=0.7536 val_IoU=0.6047 (43s)
[E86/300] loss=0.435 val_F1=0.7203 val_IoU=0.5628 (43s)
[E87/300] loss=0.465 val_F1=0.7491 val_IoU=0.5988 (44s)
[E88/300] loss=0.431 val_F1=0.7760 val_IoU=0.6340 (43s)
[E89/300] loss=0.450 val_F1=0.7542 val_IoU=0.6054 (44s)
[E90/300] loss=0.414 val_F1=0.7704 val_IoU=0.6265 (44s)
[E91/300] loss=0.424 val_F1=0.7822 val_IoU=0.6423 (43s)
[E92/300] loss=0.419 val_F1=0.7618 val_IoU=0.6153 (43s)
[E93/300] loss=0.410 val_F1=0.7957 val_IoU=0.6607 (45s)
[E94/300] loss=0.422 val_F1=0.7646 val_IoU=0.6189 (42s)
[E95/300] loss=0.405 val_F1=0.7977 val_IoU=0.6635 (44s)
[E96/300] loss=0.402 val_F1=0.7717 val_IoU=0.6282 (43s)
[E97/300] loss=0.407 val_F1=0.7606 val_IoU=0.6136 (42s)
[E98/300] loss=0.455 val_F1=0.7503 val_IoU=0.6003 (45s)
[E99/300] loss=0.411 val_F1=0.7880 val_IoU=0.6502 (42s)
[E100/300] loss=0.413 val_F1=0.7976 val_IoU=0.6633 (43s)
[E101/300] loss=0.417 val_F1=0.7961 val_IoU=0.6612 (43s)
[E102/300] loss=0.422 val_F1=0.7447 val_IoU=0.5933 (43s)
[E103/300] loss=0.407 val_F1=0.7806 val_IoU=0.6401 (44s)
[E104/300] loss=0.403 val_F1=0.7715 val_IoU=0.6280 (43s)
[E105/300] loss=0.419 val_F1=0.7920 val_IoU=0.6556 (44s)
[E106/300] loss=0.412 val_F1=0.7738 val_IoU=0.6311 (44s)
[E107/300] loss=0.399 val_F1=0.7786 val_IoU=0.6374 (43s)
[E108/300] loss=0.400 val_F1=0.7664 val_IoU=0.6213 (43s)
[E109/300] loss=0.392 val_F1=0.7772 val_IoU=0.6356 (44s)
[E110/300] loss=0.379 val_F1=0.7895 val_IoU=0.6522 (42s)
[E111/300] loss=0.383 val_F1=0.7569 val_IoU=0.6089 (45s)
[E112/300] loss=0.392 val_F1=0.7956 val_IoU=0.6606 (42s)
[E113/300] loss=0.383 val_F1=0.7864 val_IoU=0.6480 (43s)
[E114/300] loss=0.397 val_F1=0.7894 val_IoU=0.6521 (45s)
[E115/300] loss=0.406 val_F1=0.8025 val_IoU=0.6701 (43s)
[E116/300] loss=0.376 val_F1=0.8086 val_IoU=0.6788 (44s)
[E117/300] loss=0.381 val_F1=0.7932 val_IoU=0.6573 (43s)
[E118/300] loss=0.373 val_F1=0.7829 val_IoU=0.6432 (44s)
[E119/300] loss=0.375 val_F1=0.7982 val_IoU=0.6642 (43s)
[E120/300] loss=0.380 val_F1=0.8046 val_IoU=0.6731 (44s)
[E121/300] loss=0.366 val_F1=0.7955 val_IoU=0.6604 (43s)
[E122/300] loss=0.367 val_F1=0.8127 val_IoU=0.6845 (45s)
[E123/300] loss=0.392 val_F1=0.7763 val_IoU=0.6344 (43s)
[E124/300] loss=0.390 val_F1=0.7747 val_IoU=0.6323 (43s)
[E125/300] loss=0.391 val_F1=0.7729 val_IoU=0.6299 (44s)
[E126/300] loss=0.376 val_F1=0.7872 val_IoU=0.6491 (42s)
[E127/300] loss=0.375 val_F1=0.7971 val_IoU=0.6627 (45s)
[E128/300] loss=0.369 val_F1=0.7737 val_IoU=0.6309 (42s)
[E129/300] loss=0.389 val_F1=0.7861 val_IoU=0.6475 (43s)
[E130/300] loss=0.369 val_F1=0.7999 val_IoU=0.6665 (43s)
[E131/300] loss=0.366 val_F1=0.8051 val_IoU=0.6737 (43s)
[E132/300] loss=0.350 val_F1=0.7997 val_IoU=0.6663 (43s)
[E133/300] loss=0.364 val_F1=0.7898 val_IoU=0.6526 (43s)
[E134/300] loss=0.363 val_F1=0.7841 val_IoU=0.6448 (44s)
[E135/300] loss=0.350 val_F1=0.8038 val_IoU=0.6720 (43s)
[E136/300] loss=0.347 val_F1=0.7756 val_IoU=0.6334 (44s)
[E137/300] loss=0.355 val_F1=0.7981 val_IoU=0.6640 (43s)
[E138/300] loss=0.342 val_F1=0.8066 val_IoU=0.6759 (44s)
[E139/300] loss=0.356 val_F1=0.8088 val_IoU=0.6790 (41s)
[E140/300] loss=0.342 val_F1=0.8004 val_IoU=0.6672 (44s)
[E141/300] loss=0.358 val_F1=0.7909 val_IoU=0.6541 (42s)
[E142/300] loss=0.364 val_F1=0.8033 val_IoU=0.6713 (42s)
[E143/300] loss=0.362 val_F1=0.8092 val_IoU=0.6795 (45s)
[E144/300] loss=0.339 val_F1=0.7963 val_IoU=0.6615 (42s)
[E145/300] loss=0.347 val_F1=0.7999 val_IoU=0.6666 (44s)
[E146/300] loss=0.341 val_F1=0.8039 val_IoU=0.6720 (43s)
[E147/300] loss=0.334 val_F1=0.7700 val_IoU=0.6260 (44s)
[E148/300] loss=0.353 val_F1=0.8075 val_IoU=0.6771 (43s)
[E149/300] loss=0.347 val_F1=0.7984 val_IoU=0.6645 (44s)
[E150/300] loss=0.350 val_F1=0.7916 val_IoU=0.6550 (44s)
[E151/300] loss=0.351 val_F1=0.8048 val_IoU=0.6733 (44s)
[E152/300] loss=0.338 val_F1=0.7999 val_IoU=0.6665 (44s)
[E153/300] loss=0.348 val_F1=0.7986 val_IoU=0.6647 (43s)
[E154/300] loss=0.359 val_F1=0.7878 val_IoU=0.6499 (44s)
[E155/300] loss=0.327 val_F1=0.8034 val_IoU=0.6715 (41s)
[E156/300] loss=0.333 val_F1=0.8070 val_IoU=0.6765 (45s)
[E157/300] loss=0.335 val_F1=0.7929 val_IoU=0.6568 (42s)
[E158/300] loss=0.322 val_F1=0.8048 val_IoU=0.6734 (42s)
[E159/300] loss=0.331 val_F1=0.7913 val_IoU=0.6547 (45s)
[E160/300] loss=0.324 val_F1=0.7892 val_IoU=0.6518 (43s)
[E161/300] loss=0.329 val_F1=0.8099 val_IoU=0.6805 (43s)
[E162/300] loss=0.333 val_F1=0.7912 val_IoU=0.6545 (43s)
[E163/300] loss=0.327 val_F1=0.7866 val_IoU=0.6482 (44s)
[E164/300] loss=0.330 val_F1=0.8130 val_IoU=0.6849 (43s)
[E165/300] loss=0.331 val_F1=0.8055 val_IoU=0.6743 (44s)
[E166/300] loss=0.322 val_F1=0.8132 val_IoU=0.6852 (43s)
[E167/300] loss=0.316 val_F1=0.8151 val_IoU=0.6879 (43s)
[E168/300] loss=0.316 val_F1=0.8134 val_IoU=0.6855 (43s)
[E169/300] loss=0.323 val_F1=0.7973 val_IoU=0.6629 (44s)
[E170/300] loss=0.321 val_F1=0.7968 val_IoU=0.6622 (44s)
[E171/300] loss=0.310 val_F1=0.8146 val_IoU=0.6872 (42s)
[E172/300] loss=0.322 val_F1=0.8027 val_IoU=0.6704 (45s)
[E173/300] loss=0.313 val_F1=0.8038 val_IoU=0.6720 (43s)
[E174/300] loss=0.313 val_F1=0.8148 val_IoU=0.6875 (43s)
[E175/300] loss=0.309 val_F1=0.8061 val_IoU=0.6751 (44s)
[E176/300] loss=0.302 val_F1=0.8011 val_IoU=0.6682 (44s)
[E177/300] loss=0.312 val_F1=0.8156 val_IoU=0.6886 (43s)
[E178/300] loss=0.310 val_F1=0.8147 val_IoU=0.6873 (43s)
[E179/300] loss=0.306 val_F1=0.8136 val_IoU=0.6858 (44s)
[E180/300] loss=0.310 val_F1=0.8112 val_IoU=0.6823 (44s)
[E181/300] loss=0.307 val_F1=0.8149 val_IoU=0.6876 (44s)
[E182/300] loss=0.323 val_F1=0.8164 val_IoU=0.6897 (44s)
[E183/300] loss=0.309 val_F1=0.8099 val_IoU=0.6805 (44s)
[E184/300] loss=0.303 val_F1=0.8142 val_IoU=0.6866 (42s)
[E185/300] loss=0.295 val_F1=0.8067 val_IoU=0.6760 (44s)
[E186/300] loss=0.307 val_F1=0.8127 val_IoU=0.6845 (43s)
[E187/300] loss=0.306 val_F1=0.8076 val_IoU=0.6774 (42s)
[E188/300] loss=0.305 val_F1=0.8084 val_IoU=0.6785 (45s)
[E189/300] loss=0.306 val_F1=0.8068 val_IoU=0.6762 (43s)
[E190/300] loss=0.296 val_F1=0.8156 val_IoU=0.6886 (43s)
[E191/300] loss=0.312 val_F1=0.8094 val_IoU=0.6798 (44s)
[E192/300] loss=0.305 val_F1=0.8099 val_IoU=0.6806 (44s)
[E193/300] loss=0.301 val_F1=0.8086 val_IoU=0.6787 (42s)
[E194/300] loss=0.297 val_F1=0.8069 val_IoU=0.6763 (44s)
[E195/300] loss=0.297 val_F1=0.8074 val_IoU=0.6771 (44s)
[E196/300] loss=0.292 val_F1=0.8042 val_IoU=0.6725 (42s)
[E197/300] loss=0.287 val_F1=0.8091 val_IoU=0.6793 (44s)
[E198/300] loss=0.290 val_F1=0.8015 val_IoU=0.6687 (44s)
[E199/300] loss=0.298 val_F1=0.8074 val_IoU=0.6770 (43s)
[E200/300] loss=0.293 val_F1=0.8128 val_IoU=0.6846 (42s)
[E201/300] loss=0.298 val_F1=0.8154 val_IoU=0.6884 (45s)
[E202/300] loss=0.289 val_F1=0.8179 val_IoU=0.6919 (43s)
[E203/300] loss=0.297 val_F1=0.8073 val_IoU=0.6769 (42s)
[E204/300] loss=0.301 val_F1=0.8092 val_IoU=0.6795 (45s)
[E205/300] loss=0.287 val_F1=0.8132 val_IoU=0.6852 (43s)
[E206/300] loss=0.288 val_F1=0.8100 val_IoU=0.6807 (43s)
[E207/300] loss=0.287 val_F1=0.8047 val_IoU=0.6732 (44s)
[E208/300] loss=0.290 val_F1=0.8034 val_IoU=0.6714 (44s)
[E209/300] loss=0.289 val_F1=0.8144 val_IoU=0.6869 (43s)
[E210/300] loss=0.291 val_F1=0.8132 val_IoU=0.6852 (44s)
[E211/300] loss=0.288 val_F1=0.8148 val_IoU=0.6875 (44s)
[E212/300] loss=0.284 val_F1=0.8069 val_IoU=0.6762 (42s)
[E213/300] loss=0.286 val_F1=0.8077 val_IoU=0.6774 (44s)
[E214/300] loss=0.285 val_F1=0.8009 val_IoU=0.6680 (44s)
[E215/300] loss=0.284 val_F1=0.8078 val_IoU=0.6776 (43s)
[E216/300] loss=0.282 val_F1=0.8113 val_IoU=0.6825 (42s)
[E217/300] loss=0.285 val_F1=0.8093 val_IoU=0.6797 (45s)
[E218/300] loss=0.280 val_F1=0.8131 val_IoU=0.6851 (42s)
[E219/300] loss=0.279 val_F1=0.8101 val_IoU=0.6807 (43s)
[E220/300] loss=0.275 val_F1=0.8052 val_IoU=0.6739 (44s)
[E221/300] loss=0.276 val_F1=0.8115 val_IoU=0.6828 (43s)
[E222/300] loss=0.277 val_F1=0.8134 val_IoU=0.6855 (43s)
[E223/300] loss=0.279 val_F1=0.8147 val_IoU=0.6873 (44s)
[E224/300] loss=0.273 val_F1=0.8153 val_IoU=0.6882 (45s)
[E225/300] loss=0.279 val_F1=0.8154 val_IoU=0.6883 (43s)
[E226/300] loss=0.274 val_F1=0.8113 val_IoU=0.6825 (44s)
[E227/300] loss=0.284 val_F1=0.8135 val_IoU=0.6856 (44s)
[E228/300] loss=0.280 val_F1=0.8157 val_IoU=0.6888 (44s)
[E229/300] loss=0.273 val_F1=0.8149 val_IoU=0.6876 (43s)
[E230/300] loss=0.272 val_F1=0.8125 val_IoU=0.6843 (44s)
[E231/300] loss=0.276 val_F1=0.8091 val_IoU=0.6794 (43s)
[E232/300] loss=0.272 val_F1=0.8116 val_IoU=0.6829 (43s)
[E233/300] loss=0.276 val_F1=0.8102 val_IoU=0.6809 (45s)
[E234/300] loss=0.277 val_F1=0.8140 val_IoU=0.6864 (42s)
[E235/300] loss=0.265 val_F1=0.8184 val_IoU=0.6926 (43s)
[E236/300] loss=0.270 val_F1=0.8128 val_IoU=0.6847 (44s)
[E237/300] loss=0.271 val_F1=0.8148 val_IoU=0.6874 (43s)
[E238/300] loss=0.278 val_F1=0.8169 val_IoU=0.6904 (43s)
[E239/300] loss=0.278 val_F1=0.8168 val_IoU=0.6903 (44s)
[E240/300] loss=0.271 val_F1=0.8155 val_IoU=0.6884 (45s)
[E241/300] loss=0.272 val_F1=0.8152 val_IoU=0.6881 (42s)
[E242/300] loss=0.265 val_F1=0.8178 val_IoU=0.6917 (44s)
[E243/300] loss=0.265 val_F1=0.8130 val_IoU=0.6849 (44s)
[E244/300] loss=0.269 val_F1=0.8170 val_IoU=0.6907 (43s)
[E245/300] loss=0.270 val_F1=0.8165 val_IoU=0.6899 (42s)
[E246/300] loss=0.271 val_F1=0.8133 val_IoU=0.6854 (44s)
[E247/300] loss=0.268 val_F1=0.8149 val_IoU=0.6876 (43s)
[E248/300] loss=0.270 val_F1=0.8166 val_IoU=0.6901 (43s)
[E249/300] loss=0.270 val_F1=0.8138 val_IoU=0.6861 (45s)
[E250/300] loss=0.266 val_F1=0.8146 val_IoU=0.6872 (42s)
[E251/300] loss=0.269 val_F1=0.8138 val_IoU=0.6861 (43s)
[E252/300] loss=0.271 val_F1=0.8165 val_IoU=0.6898 (44s)
[E253/300] loss=0.265 val_F1=0.8151 val_IoU=0.6879 (44s)
[E254/300] loss=0.271 val_F1=0.8127 val_IoU=0.6845 (41s)
[E255/300] loss=0.270 val_F1=0.8114 val_IoU=0.6826 (38s)
[E256/300] loss=0.261 val_F1=0.8167 val_IoU=0.6902 (34s)
[E257/300] loss=0.261 val_F1=0.8138 val_IoU=0.6861 (32s)
[E258/300] loss=0.264 val_F1=0.8152 val_IoU=0.6880 (35s)
[E259/300] loss=0.270 val_F1=0.8152 val_IoU=0.6880 (33s)
[E260/300] loss=0.268 val_F1=0.8177 val_IoU=0.6916 (33s)
[E261/300] loss=0.271 val_F1=0.8153 val_IoU=0.6882 (33s)
[E262/300] loss=0.265 val_F1=0.8186 val_IoU=0.6930 (34s)
[E263/300] loss=0.268 val_F1=0.8187 val_IoU=0.6931 (33s)
[E264/300] loss=0.265 val_F1=0.8175 val_IoU=0.6913 (33s)
[E265/300] loss=0.264 val_F1=0.8159 val_IoU=0.6890 (34s)
[E266/300] loss=0.267 val_F1=0.8190 val_IoU=0.6935 (31s)
[E267/300] loss=0.270 val_F1=0.8183 val_IoU=0.6925 (34s)
[E268/300] loss=0.267 val_F1=0.8167 val_IoU=0.6902 (33s)
[E269/300] loss=0.269 val_F1=0.8169 val_IoU=0.6905 (33s)
[E270/300] loss=0.268 val_F1=0.8157 val_IoU=0.6887 (34s)
[E271/300] loss=0.263 val_F1=0.8166 val_IoU=0.6900 (33s)
[E272/300] loss=0.265 val_F1=0.8180 val_IoU=0.6920 (33s)
[E273/300] loss=0.269 val_F1=0.8150 val_IoU=0.6878 (33s)
[E274/300] loss=0.264 val_F1=0.8183 val_IoU=0.6925 (35s)
[E275/300] loss=0.263 val_F1=0.8187 val_IoU=0.6931 (33s)
[E276/300] loss=0.262 val_F1=0.8174 val_IoU=0.6912 (33s)
[E277/300] loss=0.262 val_F1=0.8188 val_IoU=0.6931 (34s)
[E278/300] loss=0.262 val_F1=0.8185 val_IoU=0.6928 (33s)
[E279/300] loss=0.262 val_F1=0.8172 val_IoU=0.6909 (34s)
[E280/300] loss=0.265 val_F1=0.8167 val_IoU=0.6902 (33s)
[E281/300] loss=0.257 val_F1=0.8185 val_IoU=0.6927 (35s)
[E282/300] loss=0.259 val_F1=0.8189 val_IoU=0.6934 (31s)
[E283/300] loss=0.262 val_F1=0.8156 val_IoU=0.6886 (34s)
[E284/300] loss=0.267 val_F1=0.8153 val_IoU=0.6882 (34s)
[E285/300] loss=0.262 val_F1=0.8165 val_IoU=0.6898 (32s)
[E286/300] loss=0.262 val_F1=0.8184 val_IoU=0.6926 (35s)
[E287/300] loss=0.268 val_F1=0.8197 val_IoU=0.6945 (34s)
[E288/300] loss=0.266 val_F1=0.8174 val_IoU=0.6912 (33s)
[E289/300] loss=0.262 val_F1=0.8180 val_IoU=0.6920 (33s)
[E290/300] loss=0.267 val_F1=0.8170 val_IoU=0.6906 (34s)
[E291/300] loss=0.254 val_F1=0.8175 val_IoU=0.6914 (32s)
[E292/300] loss=0.266 val_F1=0.8178 val_IoU=0.6917 (34s)
[E293/300] loss=0.263 val_F1=0.8157 val_IoU=0.6888 (34s)
[E294/300] loss=0.259 val_F1=0.8161 val_IoU=0.6894 (32s)
[E295/300] loss=0.267 val_F1=0.8189 val_IoU=0.6933 (35s)
[E296/300] loss=0.265 val_F1=0.8152 val_IoU=0.6881 (33s)
[E297/300] loss=0.266 val_F1=0.8180 val_IoU=0.6920 (33s)
[E298/300] loss=0.267 val_F1=0.8172 val_IoU=0.6909 (33s)
[E299/300] loss=0.270 val_F1=0.8180 val_IoU=0.6921 (33s)
[E300/300] loss=0.267 val_F1=0.8160 val_IoU=0.6892 (34s)

=== TEST (egy_dcff_v2) === F1=0.8139 IoU=0.6863 P=0.7684 R=0.8652  (best val@ep287)
[ALL_DONE]
