Warning: You are sending unauthenticated requests to the HF Hub. Please set a HF_TOKEN to enable higher rate limits and faster downloads.
[LOG] dcff params=13.59M device=cuda train=7120 val=1024 test=2048
/root/gf/code/train.py:162: UserWarning: Converting a tensor with requires_grad=True to a scalar may lead to unexpected behavior.
Consider using tensor.detach() first. (Triggered internally at /pytorch/torch/csrc/autograd/generated/python_variable_methods.cpp:838.)
  tot += float(loss)
[E1/100] loss=2.768 val_F1=0.8011 val_IoU=0.6682 (36s)
[E2/100] loss=2.229 val_F1=0.8499 val_IoU=0.7389 (34s)
[E3/100] loss=1.962 val_F1=0.7996 val_IoU=0.6662 (34s)
[E4/100] loss=1.616 val_F1=0.8252 val_IoU=0.7025 (35s)
[E5/100] loss=1.528 val_F1=0.8120 val_IoU=0.6835 (98s)
[E6/100] loss=1.486 val_F1=0.7938 val_IoU=0.6581 (95s)
[E7/100] loss=1.420 val_F1=0.8417 val_IoU=0.7267 (35s)
[E8/100] loss=1.358 val_F1=0.8674 val_IoU=0.7659 (35s)
[E9/100] loss=1.321 val_F1=0.8646 val_IoU=0.7616 (36s)
[E10/100] loss=1.322 val_F1=0.8753 val_IoU=0.7783 (34s)
[E11/100] loss=1.285 val_F1=0.8677 val_IoU=0.7664 (36s)
[E12/100] loss=1.279 val_F1=0.8657 val_IoU=0.7632 (35s)
[E13/100] loss=1.239 val_F1=0.8809 val_IoU=0.7872 (35s)
[E14/100] loss=1.208 val_F1=0.8829 val_IoU=0.7903 (34s)
[E15/100] loss=1.195 val_F1=0.8781 val_IoU=0.7828 (35s)
[E16/100] loss=1.179 val_F1=0.8834 val_IoU=0.7912 (35s)
[E17/100] loss=1.176 val_F1=0.8829 val_IoU=0.7903 (35s)
[E18/100] loss=1.135 val_F1=0.8762 val_IoU=0.7797 (34s)
[E19/100] loss=1.139 val_F1=0.8847 val_IoU=0.7932 (34s)
[E20/100] loss=1.064 val_F1=0.8839 val_IoU=0.7919 (35s)
[E21/100] loss=1.050 val_F1=0.8843 val_IoU=0.7926 (34s)
[E22/100] loss=1.038 val_F1=0.8843 val_IoU=0.7926 (34s)
[E23/100] loss=1.031 val_F1=0.8799 val_IoU=0.7856 (35s)
[E24/100] loss=1.055 val_F1=0.8853 val_IoU=0.7943 (34s)
[E25/100] loss=1.016 val_F1=0.8855 val_IoU=0.7946 (36s)
[E26/100] loss=1.001 val_F1=0.8768 val_IoU=0.7807 (34s)
[E27/100] loss=0.995 val_F1=0.8802 val_IoU=0.7861 (33s)
[E28/100] loss=0.966 val_F1=0.8833 val_IoU=0.7910 (35s)
[E29/100] loss=0.948 val_F1=0.8898 val_IoU=0.8014 (35s)
[E30/100] loss=0.934 val_F1=0.8846 val_IoU=0.7930 (35s)
[E31/100] loss=0.926 val_F1=0.8873 val_IoU=0.7975 (69s)
[E32/100] loss=0.919 val_F1=0.8865 val_IoU=0.7962 (69s)
[E33/100] loss=0.908 val_F1=0.8840 val_IoU=0.7922 (68s)
[E34/100] loss=0.903 val_F1=0.8871 val_IoU=0.7971 (69s)
[E35/100] loss=0.864 val_F1=0.8890 val_IoU=0.8002 (69s)
[E36/100] loss=0.863 val_F1=0.8899 val_IoU=0.8017 (68s)
[E37/100] loss=0.854 val_F1=0.8883 val_IoU=0.7990 (69s)
[E38/100] loss=0.832 val_F1=0.8897 val_IoU=0.8013 (69s)
[E39/100] loss=0.807 val_F1=0.8883 val_IoU=0.7990 (69s)
[E40/100] loss=0.812 val_F1=0.8884 val_IoU=0.7993 (68s)
[E41/100] loss=0.797 val_F1=0.8942 val_IoU=0.8087 (71s)
[E42/100] loss=0.793 val_F1=0.8893 val_IoU=0.8007 (67s)
[E43/100] loss=0.753 val_F1=0.8885 val_IoU=0.7993 (69s)
[E44/100] loss=0.751 val_F1=0.8877 val_IoU=0.7980 (70s)
[E45/100] loss=0.769 val_F1=0.8927 val_IoU=0.8062 (70s)
[E46/100] loss=0.745 val_F1=0.8893 val_IoU=0.8006 (70s)
[E47/100] loss=0.737 val_F1=0.8904 val_IoU=0.8024 (68s)
[E48/100] loss=0.736 val_F1=0.8895 val_IoU=0.8009 (68s)
[E49/100] loss=0.743 val_F1=0.8950 val_IoU=0.8100 (67s)
[E50/100] loss=0.707 val_F1=0.8954 val_IoU=0.8106 (68s)
[E51/100] loss=0.701 val_F1=0.8933 val_IoU=0.8072 (68s)
[E52/100] loss=0.712 val_F1=0.8898 val_IoU=0.8014 (69s)
[E53/100] loss=0.673 val_F1=0.8936 val_IoU=0.8076 (68s)
[E54/100] loss=0.681 val_F1=0.8940 val_IoU=0.8083 (70s)
[E55/100] loss=0.667 val_F1=0.8923 val_IoU=0.8055 (68s)
[E56/100] loss=0.670 val_F1=0.8930 val_IoU=0.8067 (69s)
[E57/100] loss=0.667 val_F1=0.8939 val_IoU=0.8082 (69s)
[E58/100] loss=0.647 val_F1=0.8963 val_IoU=0.8121 (67s)
[E59/100] loss=0.663 val_F1=0.8949 val_IoU=0.8098 (70s)
[E60/100] loss=0.655 val_F1=0.8929 val_IoU=0.8065 (70s)
[E61/100] loss=0.628 val_F1=0.8967 val_IoU=0.8127 (69s)
[E62/100] loss=0.636 val_F1=0.8972 val_IoU=0.8136 (68s)
[E63/100] loss=0.625 val_F1=0.8972 val_IoU=0.8135 (70s)
[E64/100] loss=0.625 val_F1=0.8989 val_IoU=0.8164 (68s)
[E65/100] loss=0.623 val_F1=0.8965 val_IoU=0.8123 (69s)
[E66/100] loss=0.616 val_F1=0.8984 val_IoU=0.8156 (69s)
[E67/100] loss=0.610 val_F1=0.8942 val_IoU=0.8086 (67s)
[E68/100] loss=0.601 val_F1=0.8991 val_IoU=0.8166 (68s)
[E69/100] loss=0.599 val_F1=0.8966 val_IoU=0.8125 (70s)
[E70/100] loss=0.605 val_F1=0.8974 val_IoU=0.8138 (70s)
[E71/100] loss=0.597 val_F1=0.8978 val_IoU=0.8145 (69s)
[E72/100] loss=0.581 val_F1=0.8988 val_IoU=0.8162 (69s)
[E73/100] loss=0.587 val_F1=0.8997 val_IoU=0.8177 (71s)
[E74/100] loss=0.580 val_F1=0.8984 val_IoU=0.8155 (94s)
[E75/100] loss=0.587 val_F1=0.8989 val_IoU=0.8164 (95s)
[E76/100] loss=0.579 val_F1=0.8984 val_IoU=0.8155 (89s)
[E77/100] loss=0.578 val_F1=0.9001 val_IoU=0.8183 (52s)
[E78/100] loss=0.567 val_F1=0.8970 val_IoU=0.8132 (52s)
[E79/100] loss=0.566 val_F1=0.8980 val_IoU=0.8148 (52s)
[E80/100] loss=0.566 val_F1=0.8988 val_IoU=0.8162 (52s)
[E81/100] loss=0.562 val_F1=0.8989 val_IoU=0.8163 (52s)
[E82/100] loss=0.556 val_F1=0.8989 val_IoU=0.8163 (52s)
[E83/100] loss=0.556 val_F1=0.8995 val_IoU=0.8173 (52s)
[E84/100] loss=0.559 val_F1=0.8998 val_IoU=0.8178 (52s)
[E85/100] loss=0.550 val_F1=0.8986 val_IoU=0.8159 (52s)
[E86/100] loss=0.552 val_F1=0.8994 val_IoU=0.8173 (52s)
[E87/100] loss=0.553 val_F1=0.8978 val_IoU=0.8146 (51s)
[E88/100] loss=0.551 val_F1=0.8982 val_IoU=0.8152 (52s)
[E89/100] loss=0.544 val_F1=0.8971 val_IoU=0.8134 (52s)
[E90/100] loss=0.540 val_F1=0.8975 val_IoU=0.8141 (52s)
[E91/100] loss=0.546 val_F1=0.8996 val_IoU=0.8176 (52s)
[E92/100] loss=0.540 val_F1=0.8991 val_IoU=0.8167 (66s)
[E93/100] loss=0.542 val_F1=0.8982 val_IoU=0.8152 (101s)
[E94/100] loss=0.545 val_F1=0.8978 val_IoU=0.8145 (102s)
[E95/100] loss=0.540 val_F1=0.8983 val_IoU=0.8153 (101s)
[E96/100] loss=0.542 val_F1=0.8989 val_IoU=0.8163 (102s)
[E97/100] loss=0.544 val_F1=0.8997 val_IoU=0.8177 (103s)
[E98/100] loss=0.542 val_F1=0.8989 val_IoU=0.8163 (98s)
[E99/100] loss=0.544 val_F1=0.8992 val_IoU=0.8169 (77s)
[E100/100] loss=0.544 val_F1=0.8989 val_IoU=0.8163 (64s)

=== TEST (levir_lovasz) === F1=0.8934 IoU=0.8073 P=0.8981 R=0.8887  (best val@ep77)
[ALL_DONE]
