Warning: You are sending unauthenticated requests to the HF Hub. Please set a HF_TOKEN to enable higher rate limits and faster downloads.
[RESUME] polishing from results/dcff_final_best.pt
[LOG] dcff params=13.59M device=cuda train=7120 val=1024 test=2048
/root/gf/code/train.py:168: UserWarning: Converting a tensor with requires_grad=True to a scalar may lead to unexpected behavior.
Consider using tensor.detach() first. (Triggered internally at /pytorch/torch/csrc/autograd/generated/python_variable_methods.cpp:838.)
  tot += float(loss)
[E1/15] loss=0.384 val_F1=0.8967 val_IoU=0.8127 (81s)
[E2/15] loss=0.356 val_F1=0.9005 val_IoU=0.8191 (79s)
[E3/15] loss=0.345 val_F1=0.8997 val_IoU=0.8178 (78s)
[E4/15] loss=0.351 val_F1=0.9002 val_IoU=0.8184 (78s)
[E5/15] loss=0.342 val_F1=0.9022 val_IoU=0.8219 (79s)
[E6/15] loss=0.331 val_F1=0.9008 val_IoU=0.8194 (79s)
[E7/15] loss=0.329 val_F1=0.9033 val_IoU=0.8237 (78s)
[E8/15] loss=0.337 val_F1=0.9026 val_IoU=0.8226 (78s)
[E9/15] loss=0.328 val_F1=0.9043 val_IoU=0.8253 (75s)
[E10/15] loss=0.321 val_F1=0.9027 val_IoU=0.8227 (71s)
[E11/15] loss=0.330 val_F1=0.9033 val_IoU=0.8237 (65s)
[E12/15] loss=0.321 val_F1=0.9033 val_IoU=0.8237 (67s)
[E13/15] loss=0.324 val_F1=0.9040 val_IoU=0.8248 (68s)
[E14/15] loss=0.323 val_F1=0.9033 val_IoU=0.8236 (67s)
[E15/15] loss=0.322 val_F1=0.9020 val_IoU=0.8215 (69s)

=== TEST (levir_fixres384) === F1=0.9017 IoU=0.8211 P=0.8940 R=0.9096  (best val@ep9)
[ALL_DONE]
