Warning: You are sending unauthenticated requests to the HF Hub. Please set a HF_TOKEN to enable higher rate limits and faster downloads.
Generating train split:   0%|          | 0/7120 [00:00<?, ? examples/s]Generating train split:  14%|█▍        | 1000/7120 [00:00<00:00, 9796.80 examples/s]Generating train split:  84%|████████▍ | 6000/7120 [00:00<00:00, 27190.76 examples/s]Generating train split: 100%|██████████| 7120/7120 [00:00<00:00, 25320.84 examples/s]
Generating validation split: 0 examples [00:00, ? examples/s]Generating validation split: 1000 examples [00:00, 2697.63 examples/s]Generating validation split: 1024 examples [00:00, 2580.69 examples/s]
Generating test split:   0%|          | 0/2048 [00:00<?, ? examples/s]Generating test split: 100%|██████████| 2048/2048 [00:00<00:00, 21028.04 examples/s]
Generating val split:   0%|          | 0/1024 [00:00<?, ? examples/s]Generating val split: 100%|██████████| 1024/1024 [00:00<00:00, 18627.36 examples/s]
[LOG] dcff params=13.59M device=cuda train=7120 val=1024 test=2048
/root/gf/code/train.py:131: UserWarning: Converting a tensor with requires_grad=True to a scalar may lead to unexpected behavior.
Consider using tensor.detach() first. (Triggered internally at /pytorch/torch/csrc/autograd/generated/python_variable_methods.cpp:838.)
  tot += float(loss)
[E1/200] loss=2.154 val_F1=0.7771 val_IoU=0.6354 (80s)
[E2/200] loss=1.745 val_F1=0.8531 val_IoU=0.7438 (78s)
[E3/200] loss=1.068 val_F1=0.8464 val_IoU=0.7337 (78s)
[E4/200] loss=0.647 val_F1=0.8431 val_IoU=0.7287 (79s)
[E5/200] loss=0.619 val_F1=0.8477 val_IoU=0.7356 (78s)
[E6/200] loss=0.554 val_F1=0.8579 val_IoU=0.7512 (78s)
[E7/200] loss=0.512 val_F1=0.8640 val_IoU=0.7606 (77s)
[E8/200] loss=0.501 val_F1=0.8552 val_IoU=0.7470 (78s)
[E9/200] loss=0.497 val_F1=0.8648 val_IoU=0.7618 (78s)
[E10/200] loss=0.476 val_F1=0.8746 val_IoU=0.7771 (78s)
[E11/200] loss=0.464 val_F1=0.8684 val_IoU=0.7674 (78s)
[E12/200] loss=0.474 val_F1=0.8790 val_IoU=0.7841 (77s)
[E13/200] loss=0.481 val_F1=0.8759 val_IoU=0.7792 (78s)
[E14/200] loss=0.453 val_F1=0.8699 val_IoU=0.7698 (78s)
[E15/200] loss=0.451 val_F1=0.8802 val_IoU=0.7860 (78s)
[E16/200] loss=0.433 val_F1=0.8807 val_IoU=0.7869 (78s)
[E17/200] loss=0.464 val_F1=0.8739 val_IoU=0.7761 (78s)
[E18/200] loss=0.469 val_F1=0.8808 val_IoU=0.7870 (78s)
[E19/200] loss=0.456 val_F1=0.8779 val_IoU=0.7823 (78s)
[E20/200] loss=0.446 val_F1=0.8841 val_IoU=0.7923 (79s)
[E21/200] loss=0.435 val_F1=0.8701 val_IoU=0.7701 (77s)
[E22/200] loss=0.437 val_F1=0.8794 val_IoU=0.7847 (78s)
[E23/200] loss=0.434 val_F1=0.8783 val_IoU=0.7831 (79s)
[E24/200] loss=0.416 val_F1=0.8879 val_IoU=0.7984 (79s)
[E25/200] loss=0.403 val_F1=0.8838 val_IoU=0.7918 (78s)
[E26/200] loss=0.412 val_F1=0.8746 val_IoU=0.7772 (77s)
[E27/200] loss=0.399 val_F1=0.8737 val_IoU=0.7757 (78s)
[E28/200] loss=0.390 val_F1=0.8860 val_IoU=0.7954 (77s)
[E29/200] loss=0.403 val_F1=0.8838 val_IoU=0.7918 (79s)
[E30/200] loss=0.422 val_F1=0.8749 val_IoU=0.7776 (78s)
[E31/200] loss=0.412 val_F1=0.8722 val_IoU=0.7734 (77s)
[E32/200] loss=0.400 val_F1=0.8750 val_IoU=0.7778 (78s)
[E33/200] loss=0.396 val_F1=0.8743 val_IoU=0.7767 (78s)
[E34/200] loss=0.403 val_F1=0.8770 val_IoU=0.7809 (79s)
[E35/200] loss=0.408 val_F1=0.8775 val_IoU=0.7818 (78s)
[E36/200] loss=0.409 val_F1=0.8839 val_IoU=0.7919 (78s)
[E37/200] loss=0.389 val_F1=0.8794 val_IoU=0.7848 (78s)
[E38/200] loss=0.396 val_F1=0.8801 val_IoU=0.7859 (78s)
[E39/200] loss=0.391 val_F1=0.8799 val_IoU=0.7855 (79s)
[E40/200] loss=0.402 val_F1=0.8800 val_IoU=0.7857 (78s)
[E41/200] loss=0.375 val_F1=0.8789 val_IoU=0.7839 (78s)
[E42/200] loss=0.373 val_F1=0.8700 val_IoU=0.7699 (77s)
[E43/200] loss=0.400 val_F1=0.8708 val_IoU=0.7712 (78s)
[E44/200] loss=0.398 val_F1=0.8909 val_IoU=0.8033 (78s)
[E45/200] loss=0.401 val_F1=0.8863 val_IoU=0.7958 (78s)
[E46/200] loss=0.401 val_F1=0.8814 val_IoU=0.7879 (77s)
[E47/200] loss=0.381 val_F1=0.8758 val_IoU=0.7790 (77s)
[E48/200] loss=0.391 val_F1=0.8694 val_IoU=0.7690 (78s)
[E49/200] loss=0.402 val_F1=0.8836 val_IoU=0.7915 (78s)
[E50/200] loss=0.390 val_F1=0.8833 val_IoU=0.7909 (79s)
[E51/200] loss=0.381 val_F1=0.8662 val_IoU=0.7640 (77s)
[E52/200] loss=0.392 val_F1=0.8838 val_IoU=0.7918 (78s)
[E53/200] loss=0.374 val_F1=0.8897 val_IoU=0.8013 (77s)
[E54/200] loss=0.366 val_F1=0.8843 val_IoU=0.7926 (78s)
[E55/200] loss=0.380 val_F1=0.8885 val_IoU=0.7994 (78s)
[E56/200] loss=0.376 val_F1=0.8736 val_IoU=0.7756 (77s)
[E57/200] loss=0.391 val_F1=0.8882 val_IoU=0.7988 (78s)
[E58/200] loss=0.367 val_F1=0.8813 val_IoU=0.7878 (78s)
[E59/200] loss=0.361 val_F1=0.8868 val_IoU=0.7966 (79s)
[E60/200] loss=0.382 val_F1=0.8882 val_IoU=0.7989 (78s)
[E61/200] loss=0.363 val_F1=0.8889 val_IoU=0.8000 (78s)
[E62/200] loss=0.362 val_F1=0.8889 val_IoU=0.8000 (77s)
[E63/200] loss=0.369 val_F1=0.8844 val_IoU=0.7927 (78s)
[E64/200] loss=0.361 val_F1=0.8881 val_IoU=0.7987 (79s)
[E65/200] loss=0.371 val_F1=0.8919 val_IoU=0.8050 (77s)
[E66/200] loss=0.350 val_F1=0.8897 val_IoU=0.8014 (79s)
[E67/200] loss=0.352 val_F1=0.8895 val_IoU=0.8010 (77s)
[E68/200] loss=0.360 val_F1=0.8847 val_IoU=0.7932 (78s)
[E69/200] loss=0.344 val_F1=0.8954 val_IoU=0.8106 (78s)
[E70/200] loss=0.346 val_F1=0.8893 val_IoU=0.8007 (79s)
[E71/200] loss=0.336 val_F1=0.8957 val_IoU=0.8111 (77s)
[E72/200] loss=0.342 val_F1=0.8886 val_IoU=0.7995 (77s)
[E73/200] loss=0.347 val_F1=0.8886 val_IoU=0.7996 (79s)
[E74/200] loss=0.347 val_F1=0.8930 val_IoU=0.8067 (77s)
[E75/200] loss=0.340 val_F1=0.8848 val_IoU=0.7934 (79s)
[E76/200] loss=0.352 val_F1=0.8794 val_IoU=0.7848 (77s)
[E77/200] loss=0.354 val_F1=0.8929 val_IoU=0.8065 (78s)
[E78/200] loss=0.336 val_F1=0.8798 val_IoU=0.7854 (78s)
[E79/200] loss=0.346 val_F1=0.8891 val_IoU=0.8003 (79s)
[E80/200] loss=0.347 val_F1=0.8937 val_IoU=0.8079 (79s)
[E81/200] loss=0.343 val_F1=0.8933 val_IoU=0.8072 (77s)
[E82/200] loss=0.338 val_F1=0.8899 val_IoU=0.8016 (79s)
[E83/200] loss=0.335 val_F1=0.8741 val_IoU=0.7763 (77s)
[E84/200] loss=0.332 val_F1=0.8878 val_IoU=0.7982 (79s)
[E85/200] loss=0.333 val_F1=0.8873 val_IoU=0.7974 (78s)
[E86/200] loss=0.328 val_F1=0.8906 val_IoU=0.8028 (78s)
[E87/200] loss=0.329 val_F1=0.8841 val_IoU=0.7923 (77s)
[E88/200] loss=0.335 val_F1=0.8898 val_IoU=0.8015 (78s)
[E89/200] loss=0.339 val_F1=0.8924 val_IoU=0.8058 (80s)
[E90/200] loss=0.334 val_F1=0.8909 val_IoU=0.8033 (77s)
[E91/200] loss=0.331 val_F1=0.8945 val_IoU=0.8092 (79s)
[E92/200] loss=0.328 val_F1=0.8871 val_IoU=0.7970 (77s)
[E93/200] loss=0.332 val_F1=0.8928 val_IoU=0.8064 (79s)
[E94/200] loss=0.323 val_F1=0.8951 val_IoU=0.8101 (78s)
[E95/200] loss=0.332 val_F1=0.8829 val_IoU=0.7903 (78s)
[E96/200] loss=0.320 val_F1=0.8926 val_IoU=0.8060 (78s)
[E97/200] loss=0.324 val_F1=0.8940 val_IoU=0.8083 (77s)
[E98/200] loss=0.320 val_F1=0.8933 val_IoU=0.8072 (79s)
[E99/200] loss=0.318 val_F1=0.8927 val_IoU=0.8062 (77s)
[E100/200] loss=0.316 val_F1=0.8940 val_IoU=0.8084 (79s)
[E101/200] loss=0.322 val_F1=0.8926 val_IoU=0.8061 (77s)
[E102/200] loss=0.311 val_F1=0.8940 val_IoU=0.8084 (78s)
[E103/200] loss=0.312 val_F1=0.8960 val_IoU=0.8115 (78s)
[E104/200] loss=0.314 val_F1=0.8938 val_IoU=0.8080 (77s)
[E105/200] loss=0.313 val_F1=0.8939 val_IoU=0.8082 (78s)
[E106/200] loss=0.310 val_F1=0.8957 val_IoU=0.8111 (77s)
[E107/200] loss=0.306 val_F1=0.8910 val_IoU=0.8034 (79s)
[E108/200] loss=0.314 val_F1=0.8977 val_IoU=0.8144 (77s)
[E109/200] loss=0.312 val_F1=0.8958 val_IoU=0.8113 (79s)
[E110/200] loss=0.312 val_F1=0.8973 val_IoU=0.8138 (77s)
[E111/200] loss=0.310 val_F1=0.8908 val_IoU=0.8031 (78s)
[E112/200] loss=0.310 val_F1=0.8909 val_IoU=0.8033 (71s)
[E113/200] loss=0.310 val_F1=0.9008 val_IoU=0.8195 (58s)
[E114/200] loss=0.304 val_F1=0.8991 val_IoU=0.8167 (59s)
[E115/200] loss=0.314 val_F1=0.8993 val_IoU=0.8170 (57s)
[E116/200] loss=0.307 val_F1=0.8942 val_IoU=0.8086 (59s)
[E117/200] loss=0.300 val_F1=0.8915 val_IoU=0.8043 (58s)
[E118/200] loss=0.296 val_F1=0.8945 val_IoU=0.8091 (59s)
[E119/200] loss=0.305 val_F1=0.8948 val_IoU=0.8096 (59s)
[E120/200] loss=0.307 val_F1=0.8955 val_IoU=0.8107 (57s)
[E121/200] loss=0.305 val_F1=0.8953 val_IoU=0.8104 (60s)
[E122/200] loss=0.304 val_F1=0.8972 val_IoU=0.8136 (58s)
[E123/200] loss=0.299 val_F1=0.8970 val_IoU=0.8133 (59s)
[E124/200] loss=0.311 val_F1=0.8961 val_IoU=0.8117 (57s)
[E125/200] loss=0.301 val_F1=0.8984 val_IoU=0.8155 (60s)
[E126/200] loss=0.295 val_F1=0.8948 val_IoU=0.8097 (58s)
[E127/200] loss=0.296 val_F1=0.8959 val_IoU=0.8114 (58s)
[E128/200] loss=0.285 val_F1=0.8946 val_IoU=0.8093 (58s)
[E129/200] loss=0.302 val_F1=0.8975 val_IoU=0.8140 (58s)
[E130/200] loss=0.300 val_F1=0.8987 val_IoU=0.8160 (59s)
[E131/200] loss=0.298 val_F1=0.9000 val_IoU=0.8182 (57s)
[E132/200] loss=0.288 val_F1=0.8982 val_IoU=0.8152 (59s)
[E133/200] loss=0.291 val_F1=0.8997 val_IoU=0.8177 (58s)
[E134/200] loss=0.293 val_F1=0.9008 val_IoU=0.8195 (59s)
[E135/200] loss=0.297 val_F1=0.8999 val_IoU=0.8179 (57s)
[E136/200] loss=0.295 val_F1=0.8993 val_IoU=0.8171 (58s)
[E137/200] loss=0.291 val_F1=0.8985 val_IoU=0.8157 (59s)
[E138/200] loss=0.294 val_F1=0.9012 val_IoU=0.8201 (54s)
[E139/200] loss=0.290 val_F1=0.8999 val_IoU=0.8180 (42s)
[E140/200] loss=0.295 val_F1=0.8986 val_IoU=0.8159 (40s)
[E141/200] loss=0.289 val_F1=0.8983 val_IoU=0.8154 (42s)
[E142/200] loss=0.285 val_F1=0.8984 val_IoU=0.8155 (40s)
[E143/200] loss=0.292 val_F1=0.8971 val_IoU=0.8134 (42s)
[E144/200] loss=0.287 val_F1=0.8981 val_IoU=0.8151 (41s)
[E145/200] loss=0.282 val_F1=0.8954 val_IoU=0.8106 (40s)
[E146/200] loss=0.289 val_F1=0.8990 val_IoU=0.8166 (42s)
[E147/200] loss=0.276 val_F1=0.9006 val_IoU=0.8192 (40s)
[E148/200] loss=0.288 val_F1=0.9002 val_IoU=0.8185 (42s)
[E149/200] loss=0.284 val_F1=0.8989 val_IoU=0.8163 (28s)
[E150/200] loss=0.276 val_F1=0.9000 val_IoU=0.8181 (26s)
[E151/200] loss=0.277 val_F1=0.8991 val_IoU=0.8167 (28s)
[E152/200] loss=0.292 val_F1=0.9007 val_IoU=0.8193 (25s)
[E153/200] loss=0.279 val_F1=0.8993 val_IoU=0.8170 (26s)
[E154/200] loss=0.281 val_F1=0.8992 val_IoU=0.8169 (26s)
[E155/200] loss=0.287 val_F1=0.8986 val_IoU=0.8159 (26s)
[E156/200] loss=0.276 val_F1=0.8988 val_IoU=0.8162 (26s)
[E157/200] loss=0.280 val_F1=0.9004 val_IoU=0.8188 (26s)
[E158/200] loss=0.279 val_F1=0.9016 val_IoU=0.8209 (28s)
[E159/200] loss=0.286 val_F1=0.8992 val_IoU=0.8168 (26s)
[E160/200] loss=0.282 val_F1=0.8986 val_IoU=0.8159 (27s)
[E161/200] loss=0.283 val_F1=0.8973 val_IoU=0.8137 (26s)
[E162/200] loss=0.282 val_F1=0.8992 val_IoU=0.8169 (26s)
[E163/200] loss=0.280 val_F1=0.8997 val_IoU=0.8177 (26s)
[E164/200] loss=0.276 val_F1=0.9003 val_IoU=0.8187 (26s)
[E165/200] loss=0.283 val_F1=0.8977 val_IoU=0.8144 (27s)
[E166/200] loss=0.274 val_F1=0.8991 val_IoU=0.8168 (26s)
[E167/200] loss=0.274 val_F1=0.8991 val_IoU=0.8167 (26s)
[E168/200] loss=0.275 val_F1=0.8983 val_IoU=0.8154 (25s)
[E169/200] loss=0.279 val_F1=0.8998 val_IoU=0.8178 (27s)
[E170/200] loss=0.279 val_F1=0.8995 val_IoU=0.8174 (25s)
[E171/200] loss=0.272 val_F1=0.9005 val_IoU=0.8190 (26s)
[E172/200] loss=0.276 val_F1=0.9020 val_IoU=0.8215 (26s)
[E173/200] loss=0.277 val_F1=0.9000 val_IoU=0.8181 (26s)
[E174/200] loss=0.275 val_F1=0.9009 val_IoU=0.8197 (26s)
[E175/200] loss=0.277 val_F1=0.9007 val_IoU=0.8193 (27s)
[E176/200] loss=0.272 val_F1=0.9002 val_IoU=0.8186 (26s)
[E177/200] loss=0.271 val_F1=0.8996 val_IoU=0.8175 (26s)
[E178/200] loss=0.278 val_F1=0.8997 val_IoU=0.8176 (26s)
[E179/200] loss=0.271 val_F1=0.9009 val_IoU=0.8196 (26s)
[E180/200] loss=0.273 val_F1=0.8986 val_IoU=0.8159 (26s)
[E181/200] loss=0.278 val_F1=0.8989 val_IoU=0.8164 (26s)
[E182/200] loss=0.272 val_F1=0.9000 val_IoU=0.8182 (26s)
[E183/200] loss=0.273 val_F1=0.9005 val_IoU=0.8190 (27s)
[E184/200] loss=0.270 val_F1=0.9002 val_IoU=0.8186 (26s)
[E185/200] loss=0.273 val_F1=0.9015 val_IoU=0.8206 (26s)
[E186/200] loss=0.279 val_F1=0.8998 val_IoU=0.8179 (26s)
[E187/200] loss=0.280 val_F1=0.8999 val_IoU=0.8180 (25s)
[E188/200] loss=0.275 val_F1=0.8998 val_IoU=0.8178 (26s)
[E189/200] loss=0.276 val_F1=0.8995 val_IoU=0.8173 (27s)
[E190/200] loss=0.275 val_F1=0.9014 val_IoU=0.8205 (26s)
[E191/200] loss=0.273 val_F1=0.8995 val_IoU=0.8173 (26s)
[E192/200] loss=0.271 val_F1=0.8999 val_IoU=0.8179 (25s)
[E193/200] loss=0.280 val_F1=0.9006 val_IoU=0.8192 (26s)
[E194/200] loss=0.271 val_F1=0.8997 val_IoU=0.8177 (26s)
[E195/200] loss=0.271 val_F1=0.9011 val_IoU=0.8199 (26s)
[E196/200] loss=0.272 val_F1=0.8999 val_IoU=0.8180 (26s)
[E197/200] loss=0.279 val_F1=0.9007 val_IoU=0.8193 (26s)
[E198/200] loss=0.275 val_F1=0.9014 val_IoU=0.8205 (26s)
[E199/200] loss=0.269 val_F1=0.9002 val_IoU=0.8185 (28s)
[E200/200] loss=0.276 val_F1=0.8999 val_IoU=0.8179 (26s)

=== TEST (levir_dcff_long) === F1=0.8980 IoU=0.8148 P=0.9017 R=0.8943  (best val@ep172)
[ALL_DONE]
