Warning: You are sending unauthenticated requests to the HF Hub. Please set a HF_TOKEN to enable higher rate limits and faster downloads.
[RS-pretrain] transferred 120/122 tensors from torchgeo
[LOG] dcff params=13.59M device=cuda train=7120 val=1024 test=2048
/root/gf/code/train.py:164: UserWarning: Converting a tensor with requires_grad=True to a scalar may lead to unexpected behavior.
Consider using tensor.detach() first. (Triggered internally at /pytorch/torch/csrc/autograd/generated/python_variable_methods.cpp:838.)
  tot += float(loss)
[E1/100] loss=2.142 val_F1=0.8156 val_IoU=0.6887 (33s)
[E2/100] loss=1.732 val_F1=0.8161 val_IoU=0.6893 (31s)
[E3/100] loss=0.960 val_F1=0.8036 val_IoU=0.6717 (31s)
[E4/100] loss=0.702 val_F1=0.8322 val_IoU=0.7126 (32s)
[E5/100] loss=0.650 val_F1=0.8500 val_IoU=0.7391 (32s)
[E6/100] loss=0.595 val_F1=0.8390 val_IoU=0.7226 (32s)
[E7/100] loss=0.580 val_F1=0.8574 val_IoU=0.7504 (32s)
[E8/100] loss=0.558 val_F1=0.8670 val_IoU=0.7652 (32s)
[E9/100] loss=0.542 val_F1=0.8506 val_IoU=0.7401 (31s)
[E10/100] loss=0.552 val_F1=0.8619 val_IoU=0.7574 (32s)
[E11/100] loss=0.521 val_F1=0.8578 val_IoU=0.7511 (31s)
[E12/100] loss=0.520 val_F1=0.8584 val_IoU=0.7519 (32s)
[E13/100] loss=0.496 val_F1=0.8731 val_IoU=0.7748 (31s)
[E14/100] loss=0.495 val_F1=0.8618 val_IoU=0.7571 (32s)
[E15/100] loss=0.499 val_F1=0.8719 val_IoU=0.7729 (31s)
[E16/100] loss=0.501 val_F1=0.8705 val_IoU=0.7707 (32s)
[E17/100] loss=0.475 val_F1=0.8655 val_IoU=0.7630 (31s)
[E18/100] loss=0.483 val_F1=0.8790 val_IoU=0.7841 (31s)
[E19/100] loss=0.491 val_F1=0.8754 val_IoU=0.7784 (32s)
[E20/100] loss=0.456 val_F1=0.8810 val_IoU=0.7872 (32s)
[E21/100] loss=0.477 val_F1=0.8784 val_IoU=0.7831 (32s)
[E22/100] loss=0.460 val_F1=0.8729 val_IoU=0.7745 (32s)
[E23/100] loss=0.465 val_F1=0.8760 val_IoU=0.7794 (31s)
[E24/100] loss=0.465 val_F1=0.8553 val_IoU=0.7472 (32s)
[E25/100] loss=0.440 val_F1=0.8799 val_IoU=0.7855 (32s)
[E26/100] loss=0.447 val_F1=0.8721 val_IoU=0.7732 (32s)
[E27/100] loss=0.439 val_F1=0.8817 val_IoU=0.7884 (31s)
[E28/100] loss=0.419 val_F1=0.8814 val_IoU=0.7880 (31s)
[E29/100] loss=0.441 val_F1=0.8844 val_IoU=0.7928 (32s)
[E30/100] loss=0.438 val_F1=0.8743 val_IoU=0.7767 (31s)
[E31/100] loss=0.431 val_F1=0.8850 val_IoU=0.7937 (32s)
[E32/100] loss=0.418 val_F1=0.8898 val_IoU=0.8015 (31s)
[E33/100] loss=0.418 val_F1=0.8861 val_IoU=0.7955 (31s)
[E34/100] loss=0.405 val_F1=0.8836 val_IoU=0.7915 (32s)
[E35/100] loss=0.412 val_F1=0.8820 val_IoU=0.7890 (31s)
[E36/100] loss=0.401 val_F1=0.8831 val_IoU=0.7907 (32s)
[E37/100] loss=0.395 val_F1=0.8843 val_IoU=0.7926 (32s)
[E38/100] loss=0.392 val_F1=0.8871 val_IoU=0.7972 (32s)
[E39/100] loss=0.407 val_F1=0.8902 val_IoU=0.8022 (31s)
[E40/100] loss=0.395 val_F1=0.8758 val_IoU=0.7791 (32s)
[E41/100] loss=0.377 val_F1=0.8849 val_IoU=0.7936 (32s)
[E42/100] loss=0.392 val_F1=0.8894 val_IoU=0.8008 (32s)
[E43/100] loss=0.390 val_F1=0.8867 val_IoU=0.7964 (32s)
[E44/100] loss=0.381 val_F1=0.8891 val_IoU=0.8003 (32s)
[E45/100] loss=0.368 val_F1=0.8826 val_IoU=0.7898 (32s)
[E46/100] loss=0.376 val_F1=0.8862 val_IoU=0.7957 (32s)
[E47/100] loss=0.378 val_F1=0.8860 val_IoU=0.7953 (32s)
[E48/100] loss=0.374 val_F1=0.8898 val_IoU=0.8014 (32s)
[E49/100] loss=0.377 val_F1=0.8860 val_IoU=0.7953 (32s)
[E50/100] loss=0.380 val_F1=0.8855 val_IoU=0.7945 (32s)
[E51/100] loss=0.369 val_F1=0.8886 val_IoU=0.7995 (31s)
[E52/100] loss=0.365 val_F1=0.8915 val_IoU=0.8042 (32s)
[E53/100] loss=0.359 val_F1=0.8887 val_IoU=0.7997 (31s)
[E54/100] loss=0.350 val_F1=0.8910 val_IoU=0.8034 (32s)
[E55/100] loss=0.348 val_F1=0.8893 val_IoU=0.8007 (32s)
[E56/100] loss=0.351 val_F1=0.8864 val_IoU=0.7960 (32s)
[E57/100] loss=0.354 val_F1=0.8868 val_IoU=0.7966 (31s)
[E58/100] loss=0.346 val_F1=0.8900 val_IoU=0.8018 (32s)
[E59/100] loss=0.343 val_F1=0.8929 val_IoU=0.8065 (32s)
[E60/100] loss=0.345 val_F1=0.8879 val_IoU=0.7984 (32s)
[E61/100] loss=0.339 val_F1=0.8910 val_IoU=0.8034 (32s)
[E62/100] loss=0.337 val_F1=0.8936 val_IoU=0.8077 (31s)
[E63/100] loss=0.335 val_F1=0.8902 val_IoU=0.8021 (32s)
[E64/100] loss=0.330 val_F1=0.8956 val_IoU=0.8109 (32s)
[E65/100] loss=0.337 val_F1=0.8944 val_IoU=0.8089 (31s)
[E66/100] loss=0.325 val_F1=0.8948 val_IoU=0.8096 (32s)
[E67/100] loss=0.327 val_F1=0.8939 val_IoU=0.8082 (32s)
[E68/100] loss=0.334 val_F1=0.8956 val_IoU=0.8110 (32s)
[E69/100] loss=0.322 val_F1=0.8941 val_IoU=0.8085 (32s)
[E70/100] loss=0.322 val_F1=0.8970 val_IoU=0.8133 (31s)
[E71/100] loss=0.323 val_F1=0.8955 val_IoU=0.8108 (32s)
[E72/100] loss=0.318 val_F1=0.8955 val_IoU=0.8108 (32s)
[E73/100] loss=0.318 val_F1=0.8966 val_IoU=0.8125 (32s)
[E74/100] loss=0.317 val_F1=0.8965 val_IoU=0.8124 (31s)
[E75/100] loss=0.314 val_F1=0.8955 val_IoU=0.8108 (32s)
[E76/100] loss=0.316 val_F1=0.8938 val_IoU=0.8079 (32s)
[E77/100] loss=0.315 val_F1=0.8945 val_IoU=0.8092 (32s)
[E78/100] loss=0.313 val_F1=0.8927 val_IoU=0.8062 (31s)
[E79/100] loss=0.310 val_F1=0.8949 val_IoU=0.8097 (32s)
[E80/100] loss=0.310 val_F1=0.8966 val_IoU=0.8126 (32s)
[E81/100] loss=0.311 val_F1=0.8968 val_IoU=0.8128 (32s)
[E82/100] loss=0.306 val_F1=0.8972 val_IoU=0.8135 (31s)
[E83/100] loss=0.306 val_F1=0.8988 val_IoU=0.8162 (32s)
[E84/100] loss=0.306 val_F1=0.8978 val_IoU=0.8145 (31s)
[E85/100] loss=0.305 val_F1=0.8985 val_IoU=0.8157 (31s)
[E86/100] loss=0.305 val_F1=0.8988 val_IoU=0.8161 (32s)
[E87/100] loss=0.303 val_F1=0.8972 val_IoU=0.8136 (31s)
[E88/100] loss=0.302 val_F1=0.8987 val_IoU=0.8161 (32s)
[E89/100] loss=0.302 val_F1=0.8983 val_IoU=0.8153 (31s)
[E90/100] loss=0.303 val_F1=0.8983 val_IoU=0.8153 (32s)
[E91/100] loss=0.300 val_F1=0.8991 val_IoU=0.8166 (32s)
[E92/100] loss=0.305 val_F1=0.8983 val_IoU=0.8153 (33s)
[E93/100] loss=0.301 val_F1=0.8985 val_IoU=0.8156 (32s)
[E94/100] loss=0.299 val_F1=0.8980 val_IoU=0.8149 (34s)
[E95/100] loss=0.301 val_F1=0.8992 val_IoU=0.8169 (37s)
[E96/100] loss=0.297 val_F1=0.8988 val_IoU=0.8161 (38s)
[E97/100] loss=0.299 val_F1=0.8990 val_IoU=0.8166 (39s)
[E98/100] loss=0.302 val_F1=0.8990 val_IoU=0.8166 (38s)
[E99/100] loss=0.303 val_F1=0.8991 val_IoU=0.8168 (38s)
[E100/100] loss=0.299 val_F1=0.8988 val_IoU=0.8162 (38s)

=== TEST (levir_rspre) === F1=0.8914 IoU=0.8040 P=0.8850 R=0.8978  (best val@ep95)
[ALL_DONE]
