Warning: You are sending unauthenticated requests to the HF Hub. Please set a HF_TOKEN to enable higher rate limits and faster downloads.
[LOG] dcff params=13.59M device=cuda train=12000 val=4000 test=4000
/root/gf/code/train.py:131: UserWarning: Converting a tensor with requires_grad=True to a scalar may lead to unexpected behavior.
Consider using tensor.detach() first. (Triggered internally at /pytorch/torch/csrc/autograd/generated/python_variable_methods.cpp:838.)
  tot += float(loss)
[E1/80] loss=1.666 val_F1=0.7890 val_IoU=0.6515 (107s)
[E2/80] loss=1.279 val_F1=0.7745 val_IoU=0.6320 (103s)
[E3/80] loss=1.120 val_F1=0.7890 val_IoU=0.6515 (103s)
[E4/80] loss=1.000 val_F1=0.7747 val_IoU=0.6322 (104s)
[E5/80] loss=0.915 val_F1=0.7897 val_IoU=0.6524 (105s)
[E6/80] loss=0.852 val_F1=0.8039 val_IoU=0.6721 (104s)
[E7/80] loss=0.800 val_F1=0.7958 val_IoU=0.6608 (103s)
[E8/80] loss=0.751 val_F1=0.8010 val_IoU=0.6680 (102s)
[E9/80] loss=0.717 val_F1=0.7981 val_IoU=0.6640 (103s)
[E10/80] loss=0.676 val_F1=0.7817 val_IoU=0.6416 (102s)
[E11/80] loss=0.642 val_F1=0.7907 val_IoU=0.6538 (103s)
[E12/80] loss=0.617 val_F1=0.7941 val_IoU=0.6585 (103s)
[E13/80] loss=0.583 val_F1=0.7892 val_IoU=0.6518 (103s)
[E14/80] loss=0.559 val_F1=0.8062 val_IoU=0.6754 (103s)
[E15/80] loss=0.549 val_F1=0.7809 val_IoU=0.6406 (103s)
[E16/80] loss=0.527 val_F1=0.7981 val_IoU=0.6640 (102s)
[E17/80] loss=0.508 val_F1=0.7850 val_IoU=0.6461 (103s)
[E18/80] loss=0.501 val_F1=0.7892 val_IoU=0.6518 (122s)
[E19/80] loss=0.480 val_F1=0.7899 val_IoU=0.6527 (139s)
[E20/80] loss=0.462 val_F1=0.7969 val_IoU=0.6623 (139s)
[E21/80] loss=0.447 val_F1=0.7816 val_IoU=0.6415 (138s)
[E22/80] loss=0.436 val_F1=0.7981 val_IoU=0.6640 (138s)
[E23/80] loss=0.424 val_F1=0.7775 val_IoU=0.6360 (140s)
[E24/80] loss=0.422 val_F1=0.8007 val_IoU=0.6676 (139s)
[E25/80] loss=0.400 val_F1=0.7987 val_IoU=0.6649 (139s)
[E26/80] loss=0.395 val_F1=0.7828 val_IoU=0.6431 (138s)
[E27/80] loss=0.384 val_F1=0.7841 val_IoU=0.6448 (140s)
[E28/80] loss=0.376 val_F1=0.7943 val_IoU=0.6588 (139s)
[E29/80] loss=0.369 val_F1=0.8002 val_IoU=0.6670 (139s)
[E30/80] loss=0.356 val_F1=0.7934 val_IoU=0.6576 (139s)
[E31/80] loss=0.351 val_F1=0.7896 val_IoU=0.6524 (138s)
[E32/80] loss=0.345 val_F1=0.8086 val_IoU=0.6786 (140s)
[E33/80] loss=0.333 val_F1=0.7877 val_IoU=0.6498 (139s)
[E34/80] loss=0.323 val_F1=0.8034 val_IoU=0.6713 (138s)
[E35/80] loss=0.322 val_F1=0.8073 val_IoU=0.6768 (139s)
[E36/80] loss=0.312 val_F1=0.7942 val_IoU=0.6587 (139s)
[E37/80] loss=0.307 val_F1=0.7961 val_IoU=0.6612 (141s)
[E38/80] loss=0.298 val_F1=0.8076 val_IoU=0.6774 (140s)
[E39/80] loss=0.291 val_F1=0.8047 val_IoU=0.6732 (139s)
[E40/80] loss=0.286 val_F1=0.8013 val_IoU=0.6684 (138s)
[E41/80] loss=0.282 val_F1=0.8012 val_IoU=0.6683 (139s)
[E42/80] loss=0.278 val_F1=0.7919 val_IoU=0.6555 (139s)
[E43/80] loss=0.276 val_F1=0.8061 val_IoU=0.6752 (139s)
[E44/80] loss=0.268 val_F1=0.7990 val_IoU=0.6652 (139s)
[E45/80] loss=0.263 val_F1=0.8023 val_IoU=0.6699 (139s)
[E46/80] loss=0.258 val_F1=0.8021 val_IoU=0.6696 (140s)
[E47/80] loss=0.254 val_F1=0.8025 val_IoU=0.6701 (139s)
[E48/80] loss=0.250 val_F1=0.8058 val_IoU=0.6748 (138s)
[E49/80] loss=0.245 val_F1=0.8026 val_IoU=0.6703 (139s)
[E50/80] loss=0.242 val_F1=0.7986 val_IoU=0.6648 (139s)
[E51/80] loss=0.239 val_F1=0.8051 val_IoU=0.6738 (139s)
[E52/80] loss=0.240 val_F1=0.8020 val_IoU=0.6694 (139s)
[E53/80] loss=0.231 val_F1=0.8033 val_IoU=0.6712 (139s)
[E54/80] loss=0.229 val_F1=0.8024 val_IoU=0.6700 (138s)
[E55/80] loss=0.226 val_F1=0.8004 val_IoU=0.6672 (139s)
[E56/80] loss=0.224 val_F1=0.8048 val_IoU=0.6734 (138s)
[E57/80] loss=0.220 val_F1=0.8016 val_IoU=0.6689 (139s)
[E58/80] loss=0.217 val_F1=0.8027 val_IoU=0.6704 (139s)
[E59/80] loss=0.215 val_F1=0.8022 val_IoU=0.6697 (140s)
[E60/80] loss=0.214 val_F1=0.8071 val_IoU=0.6765 (139s)
[E61/80] loss=0.211 val_F1=0.8041 val_IoU=0.6724 (138s)
[E62/80] loss=0.210 val_F1=0.8039 val_IoU=0.6721 (138s)
[E63/80] loss=0.208 val_F1=0.8054 val_IoU=0.6742 (140s)
[E64/80] loss=0.206 val_F1=0.8066 val_IoU=0.6758 (140s)
[E65/80] loss=0.205 val_F1=0.8058 val_IoU=0.6747 (138s)
[E66/80] loss=0.203 val_F1=0.8054 val_IoU=0.6743 (139s)
[E67/80] loss=0.202 val_F1=0.8062 val_IoU=0.6753 (139s)
[E68/80] loss=0.200 val_F1=0.8050 val_IoU=0.6736 (140s)
[E69/80] loss=0.199 val_F1=0.8053 val_IoU=0.6740 (139s)
[E70/80] loss=0.198 val_F1=0.8068 val_IoU=0.6761 (139s)
[E71/80] loss=0.198 val_F1=0.8068 val_IoU=0.6761 (138s)
[E72/80] loss=0.198 val_F1=0.8038 val_IoU=0.6720 (139s)
[E73/80] loss=0.197 val_F1=0.8077 val_IoU=0.6775 (140s)
[E74/80] loss=0.196 val_F1=0.8063 val_IoU=0.6754 (139s)
[E75/80] loss=0.195 val_F1=0.8058 val_IoU=0.6747 (137s)
[E76/80] loss=0.196 val_F1=0.8061 val_IoU=0.6752 (139s)
[E77/80] loss=0.196 val_F1=0.8053 val_IoU=0.6741 (139s)
[E78/80] loss=0.194 val_F1=0.8052 val_IoU=0.6740 (140s)
[E79/80] loss=0.195 val_F1=0.8075 val_IoU=0.6771 (138s)
[E80/80] loss=0.195 val_F1=0.8076 val_IoU=0.6774 (139s)

=== TEST (sysu_dcff_seed7) === F1=0.8221 IoU=0.6980 P=0.8400 R=0.8050  (best val@ep32)
[ALL_DONE]
