Warning: You are sending unauthenticated requests to the HF Hub. Please set a HF_TOKEN to enable higher rate limits and faster downloads.
[LOG] fcsiam params=0.49M device=cuda train=3654 val=1219 test=1218
/root/gf/code/train.py:128: UserWarning: Converting a tensor with requires_grad=True to a scalar may lead to unexpected behavior.
Consider using tensor.detach() first. (Triggered internally at /pytorch/torch/csrc/autograd/generated/python_variable_methods.cpp:838.)
  tot += float(loss)
[E1/100] loss=1.543 val_F1=0.5841 val_IoU=0.4125 (74s)
[E2/100] loss=1.316 val_F1=0.5187 val_IoU=0.3501 (66s)
[E3/100] loss=1.209 val_F1=0.6190 val_IoU=0.4482 (67s)
[E4/100] loss=1.152 val_F1=0.4580 val_IoU=0.2970 (65s)
[E5/100] loss=1.116 val_F1=0.4102 val_IoU=0.2580 (69s)
[E6/100] loss=1.088 val_F1=0.5517 val_IoU=0.3809 (63s)
[E7/100] loss=1.074 val_F1=0.6011 val_IoU=0.4297 (66s)
[E8/100] loss=1.062 val_F1=0.4349 val_IoU=0.2779 (65s)
[E9/100] loss=1.058 val_F1=0.5748 val_IoU=0.4033 (65s)
[E10/100] loss=1.048 val_F1=0.3912 val_IoU=0.2432 (67s)
[E11/100] loss=1.039 val_F1=0.6584 val_IoU=0.4907 (67s)
[E12/100] loss=1.035 val_F1=0.6046 val_IoU=0.4333 (65s)
[E13/100] loss=1.030 val_F1=0.4969 val_IoU=0.3306 (66s)
[E14/100] loss=1.021 val_F1=0.6751 val_IoU=0.5096 (64s)
[E15/100] loss=1.018 val_F1=0.4327 val_IoU=0.2761 (65s)
[E16/100] loss=1.008 val_F1=0.6677 val_IoU=0.5012 (67s)
[E17/100] loss=0.976 val_F1=0.5393 val_IoU=0.3692 (66s)
[E18/100] loss=0.962 val_F1=0.6495 val_IoU=0.4809 (65s)
[E19/100] loss=0.943 val_F1=0.6683 val_IoU=0.5018 (63s)
[E20/100] loss=0.766 val_F1=0.4877 val_IoU=0.3224 (67s)
[E21/100] loss=0.663 val_F1=0.6584 val_IoU=0.4908 (68s)
[E22/100] loss=0.656 val_F1=0.5962 val_IoU=0.4247 (67s)
[E23/100] loss=0.627 val_F1=0.5601 val_IoU=0.3890 (65s)
[E24/100] loss=0.590 val_F1=0.6375 val_IoU=0.4679 (65s)
[E25/100] loss=0.595 val_F1=0.5612 val_IoU=0.3901 (67s)
[E26/100] loss=0.564 val_F1=0.6885 val_IoU=0.5250 (66s)
[E27/100] loss=0.564 val_F1=0.6198 val_IoU=0.4491 (67s)
[E28/100] loss=0.555 val_F1=0.6606 val_IoU=0.4932 (65s)
[E29/100] loss=0.536 val_F1=0.6470 val_IoU=0.4782 (64s)
[E30/100] loss=0.533 val_F1=0.6834 val_IoU=0.5190 (70s)
[E31/100] loss=0.537 val_F1=0.3439 val_IoU=0.2077 (68s)
[E32/100] loss=0.533 val_F1=0.6501 val_IoU=0.4816 (66s)
[E33/100] loss=0.528 val_F1=0.4763 val_IoU=0.3126 (66s)
[E34/100] loss=0.530 val_F1=0.6335 val_IoU=0.4636 (68s)
[E35/100] loss=0.507 val_F1=0.6490 val_IoU=0.4804 (65s)
[E36/100] loss=0.515 val_F1=0.5217 val_IoU=0.3529 (68s)
[E37/100] loss=0.505 val_F1=0.6492 val_IoU=0.4806 (66s)
[E38/100] loss=0.504 val_F1=0.6113 val_IoU=0.4402 (70s)
[E39/100] loss=0.494 val_F1=0.6999 val_IoU=0.5383 (66s)
[E40/100] loss=0.490 val_F1=0.6918 val_IoU=0.5288 (69s)
[E41/100] loss=0.486 val_F1=0.6090 val_IoU=0.4378 (65s)
[E42/100] loss=0.490 val_F1=0.6213 val_IoU=0.4507 (66s)
[E43/100] loss=0.485 val_F1=0.5977 val_IoU=0.4262 (63s)
[E44/100] loss=0.481 val_F1=0.6933 val_IoU=0.5305 (65s)
[E45/100] loss=0.467 val_F1=0.6243 val_IoU=0.4538 (65s)
[E46/100] loss=0.470 val_F1=0.5908 val_IoU=0.4193 (66s)
[E47/100] loss=0.461 val_F1=0.6282 val_IoU=0.4580 (66s)
[E48/100] loss=0.453 val_F1=0.5208 val_IoU=0.3521 (67s)
[E49/100] loss=0.468 val_F1=0.6810 val_IoU=0.5163 (65s)
[E50/100] loss=0.459 val_F1=0.6793 val_IoU=0.5143 (66s)
[E51/100] loss=0.456 val_F1=0.6489 val_IoU=0.4803 (65s)
[E52/100] loss=0.454 val_F1=0.6122 val_IoU=0.4411 (65s)
[E53/100] loss=0.453 val_F1=0.6220 val_IoU=0.4514 (67s)
[E54/100] loss=0.459 val_F1=0.6169 val_IoU=0.4460 (64s)
[E55/100] loss=0.440 val_F1=0.6759 val_IoU=0.5104 (69s)
[E56/100] loss=0.451 val_F1=0.6625 val_IoU=0.4953 (68s)
[E57/100] loss=0.447 val_F1=0.6294 val_IoU=0.4592 (66s)
[E58/100] loss=0.441 val_F1=0.6369 val_IoU=0.4673 (67s)
[E59/100] loss=0.436 val_F1=0.5912 val_IoU=0.4196 (61s)
[E60/100] loss=0.430 val_F1=0.6325 val_IoU=0.4625 (49s)
[E61/100] loss=0.432 val_F1=0.6663 val_IoU=0.4996 (51s)
[E62/100] loss=0.433 val_F1=0.5534 val_IoU=0.3825 (50s)
[E63/100] loss=0.423 val_F1=0.6044 val_IoU=0.4331 (52s)
[E64/100] loss=0.418 val_F1=0.6544 val_IoU=0.4864 (50s)
[E65/100] loss=0.426 val_F1=0.6426 val_IoU=0.4734 (51s)
[E66/100] loss=0.420 val_F1=0.6035 val_IoU=0.4321 (50s)
[E67/100] loss=0.413 val_F1=0.6304 val_IoU=0.4603 (50s)
[E68/100] loss=0.408 val_F1=0.5603 val_IoU=0.3892 (42s)
[E69/100] loss=0.414 val_F1=0.6085 val_IoU=0.4373 (36s)
[E70/100] loss=0.411 val_F1=0.6294 val_IoU=0.4592 (35s)
[E71/100] loss=0.406 val_F1=0.6480 val_IoU=0.4793 (34s)
[E72/100] loss=0.399 val_F1=0.6226 val_IoU=0.4520 (35s)
[E73/100] loss=0.402 val_F1=0.5933 val_IoU=0.4218 (35s)
[E74/100] loss=0.402 val_F1=0.6197 val_IoU=0.4490 (37s)
[E75/100] loss=0.408 val_F1=0.5797 val_IoU=0.4081 (36s)
[E76/100] loss=0.392 val_F1=0.6687 val_IoU=0.5023 (35s)
[E77/100] loss=0.401 val_F1=0.5928 val_IoU=0.4213 (35s)
[E78/100] loss=0.400 val_F1=0.5520 val_IoU=0.3812 (35s)
[E79/100] loss=0.393 val_F1=0.5881 val_IoU=0.4166 (35s)
[E80/100] loss=0.397 val_F1=0.5610 val_IoU=0.3899 (35s)
[E81/100] loss=0.388 val_F1=0.5841 val_IoU=0.4126 (34s)
[E82/100] loss=0.389 val_F1=0.5596 val_IoU=0.3885 (35s)
[E83/100] loss=0.387 val_F1=0.5720 val_IoU=0.4006 (36s)
[E84/100] loss=0.390 val_F1=0.6109 val_IoU=0.4398 (36s)
[E85/100] loss=0.388 val_F1=0.6118 val_IoU=0.4408 (36s)
[E86/100] loss=0.380 val_F1=0.5972 val_IoU=0.4257 (35s)
[E87/100] loss=0.385 val_F1=0.5758 val_IoU=0.4043 (35s)
[E88/100] loss=0.391 val_F1=0.6049 val_IoU=0.4335 (35s)
[E89/100] loss=0.382 val_F1=0.5870 val_IoU=0.4154 (35s)
[E90/100] loss=0.384 val_F1=0.5900 val_IoU=0.4184 (34s)
[E91/100] loss=0.383 val_F1=0.5893 val_IoU=0.4177 (22s)
[E92/100] loss=0.381 val_F1=0.6026 val_IoU=0.4312 (20s)
[E93/100] loss=0.382 val_F1=0.5898 val_IoU=0.4183 (20s)
[E94/100] loss=0.381 val_F1=0.6306 val_IoU=0.4605 (20s)
[E95/100] loss=0.383 val_F1=0.5976 val_IoU=0.4262 (20s)
[E96/100] loss=0.378 val_F1=0.6002 val_IoU=0.4288 (20s)
[E97/100] loss=0.376 val_F1=0.6493 val_IoU=0.4807 (20s)
[E98/100] loss=0.376 val_F1=0.5771 val_IoU=0.4056 (20s)
[E99/100] loss=0.374 val_F1=0.6186 val_IoU=0.4478 (20s)
[E100/100] loss=0.381 val_F1=0.5897 val_IoU=0.4181 (20s)

=== TEST (egy_fcsiam) === F1=0.6810 IoU=0.5163 P=0.6519 R=0.7127  (best val@ep39)
[ALL_DONE]
