Warning: You are sending unauthenticated requests to the HF Hub. Please set a HF_TOKEN to enable higher rate limits and faster downloads.
[LOG] fcsiam params=0.49M device=cuda train=12000 val=4000 test=4000
/root/gf/code/train.py:129: UserWarning: Converting a tensor with requires_grad=True to a scalar may lead to unexpected behavior.
Consider using tensor.detach() first. (Triggered internally at /pytorch/torch/csrc/autograd/generated/python_variable_methods.cpp:838.)
  tot += float(loss)
[E1/80] loss=1.266 val_F1=0.6643 val_IoU=0.4973 (222s)
[E2/80] loss=1.093 val_F1=0.7243 val_IoU=0.5678 (217s)
[E3/80] loss=1.050 val_F1=0.7365 val_IoU=0.5829 (219s)
[E4/80] loss=1.022 val_F1=0.7417 val_IoU=0.5895 (215s)
[E5/80] loss=0.998 val_F1=0.7228 val_IoU=0.5660 (217s)
[E6/80] loss=0.980 val_F1=0.7410 val_IoU=0.5885 (222s)
[E7/80] loss=0.963 val_F1=0.7563 val_IoU=0.6081 (222s)
[E8/80] loss=0.947 val_F1=0.7493 val_IoU=0.5991 (222s)
[E9/80] loss=0.929 val_F1=0.7564 val_IoU=0.6082 (221s)
[E10/80] loss=0.918 val_F1=0.7622 val_IoU=0.6158 (223s)
[E11/80] loss=0.911 val_F1=0.7470 val_IoU=0.5961 (220s)
[E12/80] loss=0.903 val_F1=0.7694 val_IoU=0.6253 (223s)
[E13/80] loss=0.884 val_F1=0.7637 val_IoU=0.6178 (221s)
[E14/80] loss=0.882 val_F1=0.7641 val_IoU=0.6182 (223s)
[E15/80] loss=0.871 val_F1=0.7542 val_IoU=0.6054 (223s)
[E16/80] loss=0.866 val_F1=0.7499 val_IoU=0.5999 (224s)
[E17/80] loss=0.857 val_F1=0.7683 val_IoU=0.6237 (221s)
[E18/80] loss=0.847 val_F1=0.7708 val_IoU=0.6271 (222s)
[E19/80] loss=0.838 val_F1=0.7692 val_IoU=0.6250 (222s)
[E20/80] loss=0.829 val_F1=0.7693 val_IoU=0.6251 (222s)
[E21/80] loss=0.825 val_F1=0.7625 val_IoU=0.6161 (223s)
[E22/80] loss=0.818 val_F1=0.7687 val_IoU=0.6243 (221s)
[E23/80] loss=0.811 val_F1=0.7591 val_IoU=0.6117 (223s)
[E24/80] loss=0.802 val_F1=0.7453 val_IoU=0.5939 (222s)
[E25/80] loss=0.797 val_F1=0.7562 val_IoU=0.6079 (223s)
[E26/80] loss=0.792 val_F1=0.7583 val_IoU=0.6107 (222s)
[E27/80] loss=0.788 val_F1=0.7604 val_IoU=0.6135 (223s)
[E28/80] loss=0.780 val_F1=0.7516 val_IoU=0.6020 (222s)
[E29/80] loss=0.778 val_F1=0.7562 val_IoU=0.6080 (223s)
[E30/80] loss=0.772 val_F1=0.7467 val_IoU=0.5958 (222s)
[E31/80] loss=0.766 val_F1=0.7584 val_IoU=0.6108 (171s)
[E32/80] loss=0.764 val_F1=0.7125 val_IoU=0.5534 (167s)
[E33/80] loss=0.755 val_F1=0.7594 val_IoU=0.6121 (166s)
[E34/80] loss=0.752 val_F1=0.7066 val_IoU=0.5464 (167s)
[E35/80] loss=0.748 val_F1=0.7452 val_IoU=0.5939 (165s)
[E36/80] loss=0.742 val_F1=0.7613 val_IoU=0.6146 (168s)
[E37/80] loss=0.740 val_F1=0.7288 val_IoU=0.5734 (165s)
[E38/80] loss=0.737 val_F1=0.7411 val_IoU=0.5887 (167s)
[E39/80] loss=0.729 val_F1=0.7543 val_IoU=0.6055 (165s)
[E40/80] loss=0.725 val_F1=0.7539 val_IoU=0.6050 (166s)
[E41/80] loss=0.723 val_F1=0.7511 val_IoU=0.6015 (166s)
[E42/80] loss=0.722 val_F1=0.7575 val_IoU=0.6097 (165s)
[E43/80] loss=0.716 val_F1=0.7343 val_IoU=0.5801 (168s)
[E44/80] loss=0.712 val_F1=0.7455 val_IoU=0.5942 (132s)
[E45/80] loss=0.710 val_F1=0.7522 val_IoU=0.6028 (114s)
[E46/80] loss=0.707 val_F1=0.7627 val_IoU=0.6164 (115s)
[E47/80] loss=0.702 val_F1=0.7312 val_IoU=0.5763 (115s)
[E48/80] loss=0.700 val_F1=0.7423 val_IoU=0.5902 (113s)
[E49/80] loss=0.699 val_F1=0.7452 val_IoU=0.5939 (114s)
[E50/80] loss=0.694 val_F1=0.7398 val_IoU=0.5870 (113s)
[E51/80] loss=0.691 val_F1=0.7506 val_IoU=0.6008 (113s)
[E52/80] loss=0.689 val_F1=0.7413 val_IoU=0.5890 (113s)
[E53/80] loss=0.687 val_F1=0.7477 val_IoU=0.5971 (114s)
[E54/80] loss=0.684 val_F1=0.7405 val_IoU=0.5879 (113s)
[E55/80] loss=0.683 val_F1=0.7391 val_IoU=0.5862 (114s)
[E56/80] loss=0.679 val_F1=0.7396 val_IoU=0.5867 (114s)
[E57/80] loss=0.679 val_F1=0.7447 val_IoU=0.5933 (114s)
[E58/80] loss=0.677 val_F1=0.7461 val_IoU=0.5950 (113s)
[E59/80] loss=0.673 val_F1=0.7386 val_IoU=0.5856 (114s)
[E60/80] loss=0.670 val_F1=0.7454 val_IoU=0.5941 (113s)
[E61/80] loss=0.669 val_F1=0.7480 val_IoU=0.5974 (114s)
[E62/80] loss=0.668 val_F1=0.7414 val_IoU=0.5891 (114s)
[E63/80] loss=0.666 val_F1=0.7406 val_IoU=0.5881 (114s)
[E64/80] loss=0.666 val_F1=0.7454 val_IoU=0.5941 (115s)
[E65/80] loss=0.664 val_F1=0.7470 val_IoU=0.5962 (114s)
[E66/80] loss=0.661 val_F1=0.7455 val_IoU=0.5942 (113s)
[E67/80] loss=0.660 val_F1=0.7395 val_IoU=0.5867 (114s)
[E68/80] loss=0.661 val_F1=0.7431 val_IoU=0.5913 (114s)
[E69/80] loss=0.659 val_F1=0.7438 val_IoU=0.5921 (75s)
[E70/80] loss=0.659 val_F1=0.7378 val_IoU=0.5845 (61s)
[E71/80] loss=0.657 val_F1=0.7413 val_IoU=0.5890 (62s)
[E72/80] loss=0.657 val_F1=0.7398 val_IoU=0.5870 (62s)
[E73/80] loss=0.657 val_F1=0.7365 val_IoU=0.5829 (62s)
[E74/80] loss=0.656 val_F1=0.7356 val_IoU=0.5818 (62s)
[E75/80] loss=0.658 val_F1=0.7427 val_IoU=0.5907 (62s)
[E76/80] loss=0.655 val_F1=0.7394 val_IoU=0.5866 (62s)
[E77/80] loss=0.654 val_F1=0.7400 val_IoU=0.5873 (62s)
[E78/80] loss=0.655 val_F1=0.7428 val_IoU=0.5908 (61s)
[E79/80] loss=0.656 val_F1=0.7397 val_IoU=0.5869 (62s)
[E80/80] loss=0.654 val_F1=0.7426 val_IoU=0.5906 (62s)

=== TEST (sysu_fcsiam) === F1=0.7924 IoU=0.6562 P=0.7767 R=0.8088  (best val@ep18)
[ALL_DONE]
